<?xml version="1.0" encoding="UTF-8"?>
<!-- Generated by org.testng.reporters.JUnitReportReporter -->
<testsuite skipped="0" hostname="LPMB-KOl-Sahelee.local" name="com.fusioncharts.apitest.RestartUpdate_StopUpdate" tests="3" failures="0" timestamp="05 Aug 2019 07:43:10 GMT" time="26.813" errors="0">
  <testcase name="verifyAPIExistsInDataSheetRestartUpdate_StopUpdate" time="0.001" classname="com.fusioncharts.apitest.RestartUpdate_StopUpdate"/>
  <testcase name="verifyChartIsRenderedRestartUpdate_StopUpdate" time="0.416" classname="com.fusioncharts.apitest.RestartUpdate_StopUpdate"/>
  <testcase name="verifyAPIRestartUpdate_StopUpdate" time="26.396" classname="com.fusioncharts.apitest.RestartUpdate_StopUpdate"/>
</testsuite> <!-- com.fusioncharts.apitest.RestartUpdate_StopUpdate -->
