<?xml version="1.0" encoding="UTF-8"?>
<!-- Generated by org.testng.reporters.JUnitReportReporter -->
<testsuite hostname="Souviks-MacBook-Pro.local" failures="0" tests="3" name="com.fusioncharts.apitest.IsPlotItemSliced_slicePlotItem" time="20.375" errors="0" timestamp="2020-02-25T15:47:09 IST" skipped="0">
  <testcase classname="com.fusioncharts.apitest.IsPlotItemSliced_slicePlotItem" name="verifyAPIExistsInDataSheetIsPlotItemSliced_slicePlotItem" time="0.010"/>
  <testcase classname="com.fusioncharts.apitest.IsPlotItemSliced_slicePlotItem" name="verifyChartIsRenderedIsPlotItemSliced_slicePlotItem" time="0.451"/>
  <testcase classname="com.fusioncharts.apitest.IsPlotItemSliced_slicePlotItem" name="verifyAPIIsPlotItemSliced_slicePlotItem" time="19.914"/>
</testsuite> <!-- com.fusioncharts.apitest.IsPlotItemSliced_slicePlotItem -->
