<?xml version="1.0" encoding="UTF-8"?>
<!-- Generated by org.testng.reporters.JUnitReportReporter -->
<testsuite skipped="0" hostname="LPMB-KOl-Sahelee.local" name="com.fusioncharts.apitest.SetJSONUrl" tests="3" failures="0" timestamp="02 Aug 2019 13:05:19 GMT" time="5.526" errors="0">
  <testcase name="verifyAPIExistsInDataSheetSetJSONUrl" time="0.000" classname="com.fusioncharts.apitest.SetJSONUrl"/>
  <testcase name="verifyChartIsRenderedSetJSONUrl" time="0.382" classname="com.fusioncharts.apitest.SetJSONUrl"/>
  <testcase name="verifyAPISetJSONUrl" time="5.144" classname="com.fusioncharts.apitest.SetJSONUrl"/>
</testsuite> <!-- com.fusioncharts.apitest.SetJSONUrl -->
