<?xml version="1.0" encoding="UTF-8"?>
<!-- Generated by org.testng.reporters.JUnitReportReporter -->
<testsuite skipped="0" hostname="LPMB-KOl-Sahelee.local" name="com.fusioncharts.apitest.Clone" tests="3" failures="0" timestamp="25 Jul 2019 07:37:41 GMT" time="5.341" errors="0">
  <testcase name="verifyAPIExistsInDataSheetClone" time="0.007" classname="com.fusioncharts.apitest.Clone"/>
  <testcase name="verifyChartIsRenderedClone" time="0.599" classname="com.fusioncharts.apitest.Clone"/>
  <testcase name="verifyAPIClone" time="4.735" classname="com.fusioncharts.apitest.Clone"/>
</testsuite> <!-- com.fusioncharts.apitest.Clone -->
