<?xml version="1.0" encoding="UTF-8"?>
<!-- Generated by org.testng.reporters.JUnitReportReporter -->
<testsuite skipped="0" hostname="LPMB-Kol-Saurav.local" name="com.fusioncharts.apitest.IsPlotItemSliced_slicePlotItem" tests="3" failures="0" timestamp="05 Aug 2019 12:26:00 GMT" time="3.005" errors="0">
  <testcase name="verifyAPIExistsInDataSheetIsPlotItemSliced_slicePlotItem" time="0.002" classname="com.fusioncharts.apitest.IsPlotItemSliced_slicePlotItem"/>
  <testcase name="verifyChartIsRenderedIsPlotItemSliced_slicePlotItem" time="0.388" classname="com.fusioncharts.apitest.IsPlotItemSliced_slicePlotItem"/>
  <testcase name="verifyAPIIsPlotItemSliced_slicePlotItem" time="2.615" classname="com.fusioncharts.apitest.IsPlotItemSliced_slicePlotItem"/>
</testsuite> <!-- com.fusioncharts.apitest.IsPlotItemSliced_slicePlotItem -->
