<?xml version="1.0" encoding="UTF-8"?>
<!-- Generated by org.testng.reporters.JUnitReportReporter -->
<testsuite skipped="0" hostname="LPMB-KOl-Sahelee.local" name="com.fusioncharts.apitest.RestartUpdate_StopUpdate" tests="3" failures="0" timestamp="02 Aug 2019 11:15:29 GMT" time="27.423" errors="0">
  <testcase name="verifyAPIExistsInDataSheetRestartUpdate_StopUpdate" time="0.006" classname="com.fusioncharts.apitest.RestartUpdate_StopUpdate"/>
  <testcase name="verifyChartIsRenderedRestartUpdate_StopUpdate" time="0.191" classname="com.fusioncharts.apitest.RestartUpdate_StopUpdate"/>
  <testcase name="verifyAPIRestartUpdate_StopUpdate" time="27.226" classname="com.fusioncharts.apitest.RestartUpdate_StopUpdate"/>
</testsuite> <!-- com.fusioncharts.apitest.RestartUpdate_StopUpdate -->
