<?xml version="1.0" encoding="UTF-8"?>
<!-- Generated by org.testng.reporters.JUnitReportReporter -->
<testsuite hostname="Souviks-MacBook-Pro.local" failures="0" tests="3" name="com.fusioncharts.apitest.StartingAngle" time="15.324" errors="0" timestamp="2020-02-25T15:47:09 IST" skipped="0">
  <testcase classname="com.fusioncharts.apitest.StartingAngle" name="verifyAPIExistsInDataSheetStartingAngle" time="0.001"/>
  <testcase classname="com.fusioncharts.apitest.StartingAngle" name="verifyChartIsRenderedStartingAngle" time="2.423"/>
  <testcase classname="com.fusioncharts.apitest.StartingAngle" name="verifyAPIStartingAngle" time="12.900"/>
</testsuite> <!-- com.fusioncharts.apitest.StartingAngle -->
