<?xml version="1.0" encoding="UTF-8"?>
<!-- Generated by org.testng.reporters.JUnitReportReporter -->
<testsuite skipped="0" hostname="LPMB-KOl-Sahelee.local" name="com.fusioncharts.apitest.SetJSONUrl" tests="3" failures="0" timestamp="05 Aug 2019 07:43:10 GMT" time="5.494" errors="0">
  <testcase name="verifyAPIExistsInDataSheetSetJSONUrl" time="0.000" classname="com.fusioncharts.apitest.SetJSONUrl"/>
  <testcase name="verifyChartIsRenderedSetJSONUrl" time="0.397" classname="com.fusioncharts.apitest.SetJSONUrl"/>
  <testcase name="verifyAPISetJSONUrl" time="5.097" classname="com.fusioncharts.apitest.SetJSONUrl"/>
</testsuite> <!-- com.fusioncharts.apitest.SetJSONUrl -->
