<?xml version="1.0" encoding="UTF-8"?>
<!-- Generated by org.testng.reporters.JUnitReportReporter -->
<testsuite hostname="Souviks-MacBook-Pro.local" failures="0" tests="1" name="com.fusioncharts.apitest.AllChartsSetDataAPIs" time="1102.271" errors="0" timestamp="2019-11-29T18:39:25 IST" skipped="0">
  <testcase classname="com.fusioncharts.apitest.AllChartsSetDataAPIs" name="verifyAllChartsSetDataAPIs" time="1102.271"/>
</testsuite> <!-- com.fusioncharts.apitest.AllChartsSetDataAPIs -->
