<?xml version="1.0" encoding="UTF-8"?>
<!-- Generated by org.testng.reporters.JUnitReportReporter -->
<testsuite skipped="0" hostname="LPMB-Kol-Saurav.local" name="com.fusioncharts.apitest.SetXMLData" tests="3" failures="0" timestamp="08 Aug 2019 12:07:41 GMT" time="5.341" errors="0">
  <testcase name="verifyAPIExistsInDataSheetSetXMLData" time="0.016" classname="com.fusioncharts.apitest.SetXMLData"/>
  <testcase name="verifyChartIsRenderedSetXMLData" time="2.625" classname="com.fusioncharts.apitest.SetXMLData"/>
  <testcase name="verifyAPISetXMLData" time="2.700" classname="com.fusioncharts.apitest.SetXMLData"/>
</testsuite> <!-- com.fusioncharts.apitest.SetXMLData -->
