<?xml version="1.0" encoding="UTF-8"?>
<!-- Generated by org.testng.reporters.JUnitReportReporter -->
<testsuite skipped="0" hostname="LPMB-Kol-Saurav.local" name="com.fusioncharts.apitest.AddEventListener" tests="3" failures="0" timestamp="02 Aug 2019 13:47:03 GMT" time="3.353" errors="0">
  <testcase name="verifyAPIExistsInDataSheetAddEventListener" time="0.001" classname="com.fusioncharts.apitest.AddEventListener"/>
  <testcase name="verifyChartIsRenderedAddEventListener" time="0.402" classname="com.fusioncharts.apitest.AddEventListener"/>
  <testcase name="verifyAPIAddEventListener" time="2.950" classname="com.fusioncharts.apitest.AddEventListener"/>
</testsuite> <!-- com.fusioncharts.apitest.AddEventListener -->
