<?xml version="1.0" encoding="UTF-8"?>
<!-- Generated by org.testng.reporters.JUnitReportReporter -->
<testsuite hostname="Souviks-MacBook-Pro.local" failures="0" tests="3" name="com.fusioncharts.apitest.SetData" time="8.366" errors="0" timestamp="2019-11-29T16:48:04 IST" skipped="0">
  <testcase classname="com.fusioncharts.apitest.SetData" name="verifyAPIExistsInDataSheetSetData" time="0.004"/>
  <testcase classname="com.fusioncharts.apitest.SetData" name="verifyChartIsRenderedSetData" time="0.436"/>
  <testcase classname="com.fusioncharts.apitest.SetData" name="verifyAPISetData" time="7.926"/>
</testsuite> <!-- com.fusioncharts.apitest.SetData -->
