<?xml version="1.0" encoding="UTF-8"?>
<!-- Generated by org.testng.reporters.JUnitReportReporter -->
<testsuite hostname="Souviks-MacBook-Pro.local" failures="0" tests="3" name="com.fusioncharts.apitest.FeedData" time="1.424" errors="0" timestamp="2019-11-29T18:39:25 IST" skipped="0">
  <testcase classname="com.fusioncharts.apitest.FeedData" name="verifyAPIExistsInDataSheetFeedData" time="0.010"/>
  <testcase classname="com.fusioncharts.apitest.FeedData" name="verifyChartIsRenderedFeedData" time="0.476"/>
  <testcase classname="com.fusioncharts.apitest.FeedData" name="verifyAPIFeedData" time="0.938"/>
</testsuite> <!-- com.fusioncharts.apitest.FeedData -->
