<?xml version="1.0" encoding="UTF-8"?>
<!-- Generated by org.testng.reporters.JUnitReportReporter -->
<testsuite hostname="Souviks-MacBook-Pro.local" failures="0" tests="3" name="com.fusioncharts.apitest.LockResize_ResizeTo" time="11.171" errors="0" timestamp="2020-02-25T15:47:09 IST" skipped="0">
  <testcase classname="com.fusioncharts.apitest.LockResize_ResizeTo" name="verifyAPIExistsInDataSheetLockResize_ResizeTo" time="0.004"/>
  <testcase classname="com.fusioncharts.apitest.LockResize_ResizeTo" name="verifyChartIsRenderedLockResize_ResizeTo" time="1.562"/>
  <testcase classname="com.fusioncharts.apitest.LockResize_ResizeTo" name="verifyAPILockResize_ResizeTo" time="9.605"/>
</testsuite> <!-- com.fusioncharts.apitest.LockResize_ResizeTo -->
