<?xml version="1.0" encoding="UTF-8"?>
<!-- Generated by org.testng.reporters.JUnitReportReporter -->
<testsuite skipped="0" hostname="LPMB-KOl-Sahelee.local" name="com.fusioncharts.apitest.ChartType" tests="4" failures="0" timestamp="01 Aug 2019 07:49:33 GMT" time="6.415" errors="0">
  <testcase name="verifyAPIExistsInDataSheetChartType" time="0.001" classname="com.fusioncharts.apitest.ChartType"/>
  <testcase name="verifyChartIsRenderedChartType" time="0.726" classname="com.fusioncharts.apitest.ChartType"/>
  <testcase name="verifyAPIChartType1paramChartType" time="2.829" classname="com.fusioncharts.apitest.ChartType"/>
  <testcase name="verifyAPIChartType3paramChartType" time="2.859" classname="com.fusioncharts.apitest.ChartType"/>
</testsuite> <!-- com.fusioncharts.apitest.ChartType -->
