<?xml version="1.0" encoding="UTF-8"?>
<!-- Generated by org.testng.reporters.JUnitReportReporter -->
<testsuite hostname="Souviks-MacBook-Pro.local" failures="0" tests="3" name="com.fusioncharts.apitest.Clone" time="10.060" errors="0" timestamp="2019-11-29T18:39:26 IST" skipped="0">
  <testcase classname="com.fusioncharts.apitest.Clone" name="verifyAPIExistsInDataSheetClone" time="0.039"/>
  <testcase classname="com.fusioncharts.apitest.Clone" name="verifyChartIsRenderedClone" time="0.565"/>
  <testcase classname="com.fusioncharts.apitest.Clone" name="verifyAPIClone" time="9.456"/>
</testsuite> <!-- com.fusioncharts.apitest.Clone -->
