<?xml version="1.0" encoding="UTF-8"?>
<!-- Generated by org.testng.reporters.JUnitReportReporter -->
<testsuite skipped="0" hostname="LPMB-Kol-Saurav.local" name="com.fusioncharts.apitest.SetData" tests="3" failures="0" timestamp="02 Aug 2019 13:47:03 GMT" time="8.498" errors="0">
  <testcase name="verifyAPIExistsInDataSheetSetData" time="0.001" classname="com.fusioncharts.apitest.SetData"/>
  <testcase name="verifyChartIsRenderedSetData" time="0.416" classname="com.fusioncharts.apitest.SetData"/>
  <testcase name="verifyAPISetData" time="8.081" classname="com.fusioncharts.apitest.SetData"/>
</testsuite> <!-- com.fusioncharts.apitest.SetData -->
