<?xml version="1.0" encoding="UTF-8"?>
<!-- Generated by org.testng.reporters.JUnitReportReporter -->
<<<<<<< HEAD
<testsuite skipped="0" hostname="LPMB-KOl-Sahelee.local" name="com.fusioncharts.apitest.ChartType" tests="4" failures="0" timestamp="08 Aug 2019 11:00:53 GMT" time="6.249" errors="0">
  <testcase name="verifyAPIExistsInDataSheetChartType" time="0.002" classname="com.fusioncharts.apitest.ChartType"/>
  <testcase name="verifyChartIsRenderedChartType" time="0.865" classname="com.fusioncharts.apitest.ChartType"/>
  <testcase name="verifyAPIChartType1paramChartType" time="2.751" classname="com.fusioncharts.apitest.ChartType"/>
  <testcase name="verifyAPIChartType3paramChartType" time="2.631" classname="com.fusioncharts.apitest.ChartType"/>
=======
<testsuite skipped="0" hostname="LPMB-Kol-Saurav.local" name="com.fusioncharts.apitest.ChartType" tests="4" failures="0" timestamp="08 Aug 2019 11:58:59 GMT" time="6.434" errors="0">
  <testcase name="verifyAPIExistsInDataSheetChartType" time="0.002" classname="com.fusioncharts.apitest.ChartType"/>
  <testcase name="verifyChartIsRenderedChartType" time="0.489" classname="com.fusioncharts.apitest.ChartType"/>
  <testcase name="verifyAPIChartType1paramChartType" time="2.923" classname="com.fusioncharts.apitest.ChartType"/>
  <testcase name="verifyAPIChartType3paramChartType" time="3.020" classname="com.fusioncharts.apitest.ChartType"/>
>>>>>>> 34API
</testsuite> <!-- com.fusioncharts.apitest.ChartType -->
