<?xml version="1.0" encoding="UTF-8"?>
<!-- Generated by org.testng.reporters.JUnitReportReporter -->
<testsuite skipped="0" hostname="LPMB-Kol-Saurav.local" name="com.fusioncharts.apitest.RealTimeAPIsAutoFeed" tests="3" failures="0" timestamp="24 Sep 2019 13:20:23 GMT" time="542.255" errors="0">
  <testcase name="verifyAPIExistsInDataSheetRealTimeAPIsAutoFeed" time="0.009" classname="com.fusioncharts.apitest.RealTimeAPIsAutoFeed"/>
  <testcase name="verifyChartIsRenderedRealTimeAPIsAutoFeed" time="1.047" classname="com.fusioncharts.apitest.RealTimeAPIsAutoFeed"/>
  <testcase name="verifyAPIRealTimeAPIsAutoFeed" time="541.199" classname="com.fusioncharts.apitest.RealTimeAPIsAutoFeed"/>
</testsuite> <!-- com.fusioncharts.apitest.RealTimeAPIsAutoFeed -->
