<?xml version="1.0" encoding="UTF-8"?>
<!-- Generated by org.testng.reporters.JUnitReportReporter -->
<testsuite skipped="0" hostname="LPMB-Kol-Saurav.local" name="com.fusioncharts.apitest.GetDataWithId" tests="3" failures="0" timestamp="02 Aug 2019 13:47:03 GMT" time="35.132" errors="0">
  <testcase name="verifyAPIExistsInDataSheetGetDataWithId" time="0.002" classname="com.fusioncharts.apitest.GetDataWithId"/>
  <testcase name="verifyChartIsRenderedGetDataWithId" time="0.411" classname="com.fusioncharts.apitest.GetDataWithId"/>
  <testcase name="verifyAPIGetDataWithId" time="34.719" classname="com.fusioncharts.apitest.GetDataWithId"/>
</testsuite> <!-- com.fusioncharts.apitest.GetDataWithId -->
