<?xml version="1.0" encoding="UTF-8"?>
<!-- Generated by org.testng.reporters.JUnitReportReporter -->
<testsuite skipped="0" hostname="LPMB-Kol-Saurav.local" name="com.fusioncharts.apitest.GetData" tests="3" failures="0" timestamp="24 Sep 2019 12:53:05 GMT" time="0.802" errors="0">
  <testcase name="verifyAPIExistsInDataSheetGetData" time="0.001" classname="com.fusioncharts.apitest.GetData"/>
  <testcase name="verifyChartIsRenderedGetData" time="0.698" classname="com.fusioncharts.apitest.GetData"/>
  <testcase name="verifyAPIGetData" time="0.103" classname="com.fusioncharts.apitest.GetData"/>
</testsuite> <!-- com.fusioncharts.apitest.GetData -->
