<?xml version="1.0" encoding="UTF-8"?>
<!-- Generated by org.testng.reporters.JUnitReportReporter -->
<testsuite skipped="0" hostname="LPMB-Kol-Saurav.local" name="com.fusioncharts.apitest.SetChartData" tests="3" failures="0" timestamp="24 Sep 2019 12:53:05 GMT" time="6.328" errors="0">
  <testcase name="verifyAPIExistsInDataSheetSetChartData" time="0.001" classname="com.fusioncharts.apitest.SetChartData"/>
  <testcase name="verifyChartIsRenderedSetChartData" time="2.786" classname="com.fusioncharts.apitest.SetChartData"/>
  <testcase name="verifyAPISetChartData" time="3.541" classname="com.fusioncharts.apitest.SetChartData"/>
</testsuite> <!-- com.fusioncharts.apitest.SetChartData -->
