<?xml version="1.0" encoding="UTF-8"?>
<!-- Generated by org.testng.reporters.JUnitReportReporter -->
<testsuite skipped="0" hostname="LPMB-Kol-Saurav.local" name="com.fusioncharts.apitest.RemoveEventListener" tests="3" failures="0" timestamp="24 Sep 2019 12:53:05 GMT" time="7.525" errors="0">
  <testcase name="verifyAPIExistsInDataSheetRemoveEventListener" time="0.002" classname="com.fusioncharts.apitest.RemoveEventListener"/>
  <testcase name="verifyChartIsRenderedRemoveEventListener" time="0.557" classname="com.fusioncharts.apitest.RemoveEventListener"/>
  <testcase name="verifyAPIRemoveEventListener" time="6.966" classname="com.fusioncharts.apitest.RemoveEventListener"/>
</testsuite> <!-- com.fusioncharts.apitest.RemoveEventListener -->
