<?xml version="1.0" encoding="UTF-8"?>
<!-- Generated by org.testng.reporters.JUnitReportReporter -->
<testsuite hostname="Souviks-MacBook-Pro.local" failures="0" tests="1000" name="com.fusioncharts.apitest.Sample" time="1.371" errors="0" timestamp="2020-05-26T18:38:20 IST" skipped="0">
  <testcase classname="com.fusioncharts.apitest.Sample" name="checkthis" time="0.001"/>
  <testcase classname="com.fusioncharts.apitest.Sample" name="checkthis" time="0.003"/>
  <testcase classname="com.fusioncharts.apitest.Sample" name="checkthis" time="0.001"/>
  <testcase classname="com.fusioncharts.apitest.Sample" name="checkthis" time="0.001"/>
  <testcase classname="com.fusioncharts.apitest.Sample" name="checkthis" time="0.001"/>
  <testcase classname="com.fusioncharts.apitest.Sample" name="checkthis" time="0.001"/>
  <testcase classname="com.fusioncharts.apitest.Sample" name="checkthis" time="0.001"/>
  <testcase classname="com.fusioncharts.apitest.Sample" name="checkthis" time="0.001"/>
  <testcase classname="com.fusioncharts.apitest.Sample" name="checkthis" time="0.001"/>
  <testcase classname="com.fusioncharts.apitest.Sample" name="checkthis" time="0.000"/>
  <testcase classname="com.fusioncharts.apitest.Sample" name="checkthis" time="0.002"/>
  <testcase classname="com.fusioncharts.apitest.Sample" name="checkthis" time="0.001"/>
  <testcase classname="com.fusioncharts.apitest.Sample" name="checkthis" time="0.001"/>
  <testcase classname="com.fusioncharts.apitest.Sample" name="checkthis" time="0.001"/>
  <testcase classname="com.fusioncharts.apitest.Sample" name="checkthis" time="0.001"/>
  <testcase classname="com.fusioncharts.apitest.Sample" name="checkthis" time="0.001"/>
  <testcase classname="com.fusioncharts.apitest.Sample" name="checkthis" time="0.002"/>
  <testcase classname="com.fusioncharts.apitest.Sample" name="checkthis" time="0.005"/>
  <testcase classname="com.fusioncharts.apitest.Sample" name="checkthis" time="0.003"/>
  <testcase classname="com.fusioncharts.apitest.Sample" name="checkthis" time="0.000"/>
  <testcase classname="com.fusioncharts.apitest.Sample" name="checkthis" time="0.001"/>
  <testcase classname="com.fusioncharts.apitest.Sample" name="checkthis" time="0.000"/>
  <testcase classname="com.fusioncharts.apitest.Sample" name="checkthis" time="0.001"/>
  <testcase classname="com.fusioncharts.apitest.Sample" name="checkthis" time="0.000"/>
  <testcase classname="com.fusioncharts.apitest.Sample" name="checkthis" time="0.001"/>
  <testcase classname="com.fusioncharts.apitest.Sample" name="checkthis" time="0.001"/>
  <testcase classname="com.fusioncharts.apitest.Sample" name="checkthis" time="0.001"/>
  <testcase classname="com.fusioncharts.apitest.Sample" name="checkthis" time="0.003"/>
  <testcase classname="com.fusioncharts.apitest.Sample" name="checkthis" time="0.001"/>
  <testcase classname="com.fusioncharts.apitest.Sample" name="checkthis" time="0.001"/>
  <testcase classname="com.fusioncharts.apitest.Sample" name="checkthis" time="0.001"/>
  <testcase classname="com.fusioncharts.apitest.Sample" name="checkthis" time="0.001"/>
  <testcase classname="com.fusioncharts.apitest.Sample" name="checkthis" time="0.001"/>
  <testcase classname="com.fusioncharts.apitest.Sample" name="checkthis" time="0.001"/>
  <testcase classname="com.fusioncharts.apitest.Sample" name="checkthis" time="0.001"/>
  <testcase classname="com.fusioncharts.apitest.Sample" name="checkthis" time="0.001"/>
  <testcase classname="com.fusioncharts.apitest.Sample" name="checkthis" time="0.001"/>
  <testcase classname="com.fusioncharts.apitest.Sample" name="checkthis" time="0.001"/>
  <testcase classname="com.fusioncharts.apitest.Sample" name="checkthis" time="0.001"/>
  <testcase classname="com.fusioncharts.apitest.Sample" name="checkthis" time="0.001"/>
  <testcase classname="com.fusioncharts.apitest.Sample" name="checkthis" time="0.001"/>
  <testcase classname="com.fusioncharts.apitest.Sample" name="checkthis" time="0.001"/>
  <testcase classname="com.fusioncharts.apitest.Sample" name="checkthis" time="0.001"/>
  <testcase classname="com.fusioncharts.apitest.Sample" name="checkthis" time="0.001"/>
  <testcase classname="com.fusioncharts.apitest.Sample" name="checkthis" time="0.001"/>
  <testcase classname="com.fusioncharts.apitest.Sample" name="checkthis" time="0.001"/>
  <testcase classname="com.fusioncharts.apitest.Sample" name="checkthis" time="0.001"/>
  <testcase classname="com.fusioncharts.apitest.Sample" name="checkthis" time="0.000"/>
  <testcase classname="com.fusioncharts.apitest.Sample" name="checkthis" time="0.001"/>
  <testcase classname="com.fusioncharts.apitest.Sample" name="checkthis" time="0.001"/>
  <testcase classname="com.fusioncharts.apitest.Sample" name="checkthis" time="0.001"/>
  <testcase classname="com.fusioncharts.apitest.Sample" name="checkthis" time="0.001"/>
  <testcase classname="com.fusioncharts.apitest.Sample" name="checkthis" time="0.001"/>
  <testcase classname="com.fusioncharts.apitest.Sample" name="checkthis" time="0.001"/>
  <testcase classname="com.fusioncharts.apitest.Sample" name="checkthis" time="0.001"/>
  <testcase classname="com.fusioncharts.apitest.Sample" name="checkthis" time="0.000"/>
  <testcase classname="com.fusioncharts.apitest.Sample" name="checkthis" time="0.001"/>
  <testcase classname="com.fusioncharts.apitest.Sample" name="checkthis" time="0.002"/>
  <testcase classname="com.fusioncharts.apitest.Sample" name="checkthis" time="0.001"/>
  <testcase classname="com.fusioncharts.apitest.Sample" name="checkthis" time="0.002"/>
  <testcase classname="com.fusioncharts.apitest.Sample" name="checkthis" time="0.002"/>
  <testcase classname="com.fusioncharts.apitest.Sample" name="checkthis" time="0.001"/>
  <testcase classname="com.fusioncharts.apitest.Sample" name="checkthis" time="0.001"/>
  <testcase classname="com.fusioncharts.apitest.Sample" name="checkthis" time="0.002"/>
  <testcase classname="com.fusioncharts.apitest.Sample" name="checkthis" time="0.001"/>
  <testcase classname="com.fusioncharts.apitest.Sample" name="checkthis" time="0.002"/>
  <testcase classname="com.fusioncharts.apitest.Sample" name="checkthis" time="0.002"/>
  <testcase classname="com.fusioncharts.apitest.Sample" name="checkthis" time="0.001"/>
  <testcase classname="com.fusioncharts.apitest.Sample" name="checkthis" time="0.002"/>
  <testcase classname="com.fusioncharts.apitest.Sample" name="checkthis" time="0.001"/>
  <testcase classname="com.fusioncharts.apitest.Sample" name="checkthis" time="0.001"/>
  <testcase classname="com.fusioncharts.apitest.Sample" name="checkthis" time="0.001"/>
  <testcase classname="com.fusioncharts.apitest.Sample" name="checkthis" time="0.001"/>
  <testcase classname="com.fusioncharts.apitest.Sample" name="checkthis" time="0.002"/>
  <testcase classname="com.fusioncharts.apitest.Sample" name="checkthis" time="0.002"/>
  <testcase classname="com.fusioncharts.apitest.Sample" name="checkthis" time="0.000"/>
  <testcase classname="com.fusioncharts.apitest.Sample" name="checkthis" time="0.000"/>
  <testcase classname="com.fusioncharts.apitest.Sample" name="checkthis" time="0.001"/>
  <testcase classname="com.fusioncharts.apitest.Sample" name="checkthis" time="0.001"/>
  <testcase classname="com.fusioncharts.apitest.Sample" name="checkthis" time="0.001"/>
  <testcase classname="com.fusioncharts.apitest.Sample" name="checkthis" time="0.006"/>
  <testcase classname="com.fusioncharts.apitest.Sample" name="checkthis" time="0.001"/>
  <testcase classname="com.fusioncharts.apitest.Sample" name="checkthis" time="0.001"/>
  <testcase classname="com.fusioncharts.apitest.Sample" name="checkthis" time="0.002"/>
  <testcase classname="com.fusioncharts.apitest.Sample" name="checkthis" time="0.001"/>
  <testcase classname="com.fusioncharts.apitest.Sample" name="checkthis" time="0.001"/>
  <testcase classname="com.fusioncharts.apitest.Sample" name="checkthis" time="0.001"/>
  <testcase classname="com.fusioncharts.apitest.Sample" name="checkthis" time="0.001"/>
  <testcase classname="com.fusioncharts.apitest.Sample" name="checkthis" time="0.001"/>
  <testcase classname="com.fusioncharts.apitest.Sample" name="checkthis" time="0.000"/>
  <testcase classname="com.fusioncharts.apitest.Sample" name="checkthis" time="0.001"/>
  <testcase classname="com.fusioncharts.apitest.Sample" name="checkthis" time="0.003"/>
  <testcase classname="com.fusioncharts.apitest.Sample" name="checkthis" time="0.001"/>
  <testcase classname="com.fusioncharts.apitest.Sample" name="checkthis" time="0.002"/>
  <testcase classname="com.fusioncharts.apitest.Sample" name="checkthis" time="0.001"/>
  <testcase classname="com.fusioncharts.apitest.Sample" name="checkthis" time="0.001"/>
  <testcase classname="com.fusioncharts.apitest.Sample" name="checkthis" time="0.001"/>
  <testcase classname="com.fusioncharts.apitest.Sample" name="checkthis" time="0.001"/>
  <testcase classname="com.fusioncharts.apitest.Sample" name="checkthis" time="0.001"/>
  <testcase classname="com.fusioncharts.apitest.Sample" name="checkthis" time="0.002"/>
  <testcase classname="com.fusioncharts.apitest.Sample" name="checkthis" time="0.001"/>
  <testcase classname="com.fusioncharts.apitest.Sample" name="checkthis" time="0.001"/>
  <testcase classname="com.fusioncharts.apitest.Sample" name="checkthis" time="0.001"/>
  <testcase classname="com.fusioncharts.apitest.Sample" name="checkthis" time="0.001"/>
  <testcase classname="com.fusioncharts.apitest.Sample" name="checkthis" time="0.001"/>
  <testcase classname="com.fusioncharts.apitest.Sample" name="checkthis" time="0.000"/>
  <testcase classname="com.fusioncharts.apitest.Sample" name="checkthis" time="0.001"/>
  <testcase classname="com.fusioncharts.apitest.Sample" name="checkthis" time="0.001"/>
  <testcase classname="com.fusioncharts.apitest.Sample" name="checkthis" time="0.004"/>
  <testcase classname="com.fusioncharts.apitest.Sample" name="checkthis" time="0.001"/>
  <testcase classname="com.fusioncharts.apitest.Sample" name="checkthis" time="0.001"/>
  <testcase classname="com.fusioncharts.apitest.Sample" name="checkthis" time="0.001"/>
  <testcase classname="com.fusioncharts.apitest.Sample" name="checkthis" time="0.000"/>
  <testcase classname="com.fusioncharts.apitest.Sample" name="checkthis" time="0.001"/>
  <testcase classname="com.fusioncharts.apitest.Sample" name="checkthis" time="0.001"/>
  <testcase classname="com.fusioncharts.apitest.Sample" name="checkthis" time="0.001"/>
  <testcase classname="com.fusioncharts.apitest.Sample" name="checkthis" time="0.001"/>
  <testcase classname="com.fusioncharts.apitest.Sample" name="checkthis" time="0.001"/>
  <testcase classname="com.fusioncharts.apitest.Sample" name="checkthis" time="0.001"/>
  <testcase classname="com.fusioncharts.apitest.Sample" name="checkthis" time="0.000"/>
  <testcase classname="com.fusioncharts.apitest.Sample" name="checkthis" time="0.001"/>
  <testcase classname="com.fusioncharts.apitest.Sample" name="checkthis" time="0.002"/>
  <testcase classname="com.fusioncharts.apitest.Sample" name="checkthis" time="0.001"/>
  <testcase classname="com.fusioncharts.apitest.Sample" name="checkthis" time="0.001"/>
  <testcase classname="com.fusioncharts.apitest.Sample" name="checkthis" time="0.001"/>
  <testcase classname="com.fusioncharts.apitest.Sample" name="checkthis" time="0.001"/>
  <testcase classname="com.fusioncharts.apitest.Sample" name="checkthis" time="0.001"/>
  <testcase classname="com.fusioncharts.apitest.Sample" name="checkthis" time="0.001"/>
  <testcase classname="com.fusioncharts.apitest.Sample" name="checkthis" time="0.002"/>
  <testcase classname="com.fusioncharts.apitest.Sample" name="checkthis" time="0.002"/>
  <testcase classname="com.fusioncharts.apitest.Sample" name="checkthis" time="0.003"/>
  <testcase classname="com.fusioncharts.apitest.Sample" name="checkthis" time="0.001"/>
  <testcase classname="com.fusioncharts.apitest.Sample" name="checkthis" time="0.002"/>
  <testcase classname="com.fusioncharts.apitest.Sample" name="checkthis" time="0.001"/>
  <testcase classname="com.fusioncharts.apitest.Sample" name="checkthis" time="0.000"/>
  <testcase classname="com.fusioncharts.apitest.Sample" name="checkthis" time="0.001"/>
  <testcase classname="com.fusioncharts.apitest.Sample" name="checkthis" time="0.001"/>
  <testcase classname="com.fusioncharts.apitest.Sample" name="checkthis" time="0.001"/>
  <testcase classname="com.fusioncharts.apitest.Sample" name="checkthis" time="0.006"/>
  <testcase classname="com.fusioncharts.apitest.Sample" name="checkthis" time="0.001"/>
  <testcase classname="com.fusioncharts.apitest.Sample" name="checkthis" time="0.001"/>
  <testcase classname="com.fusioncharts.apitest.Sample" name="checkthis" time="0.002"/>
  <testcase classname="com.fusioncharts.apitest.Sample" name="checkthis" time="0.001"/>
  <testcase classname="com.fusioncharts.apitest.Sample" name="checkthis" time="0.001"/>
  <testcase classname="com.fusioncharts.apitest.Sample" name="checkthis" time="0.001"/>
  <testcase classname="com.fusioncharts.apitest.Sample" name="checkthis" time="0.001"/>
  <testcase classname="com.fusioncharts.apitest.Sample" name="checkthis" time="0.001"/>
  <testcase classname="com.fusioncharts.apitest.Sample" name="checkthis" time="0.001"/>
  <testcase classname="com.fusioncharts.apitest.Sample" name="checkthis" time="0.001"/>
  <testcase classname="com.fusioncharts.apitest.Sample" name="checkthis" time="0.001"/>
  <testcase classname="com.fusioncharts.apitest.Sample" name="checkthis" time="0.001"/>
  <testcase classname="com.fusioncharts.apitest.Sample" name="checkthis" time="0.001"/>
  <testcase classname="com.fusioncharts.apitest.Sample" name="checkthis" time="0.004"/>
  <testcase classname="com.fusioncharts.apitest.Sample" name="checkthis" time="0.001"/>
  <testcase classname="com.fusioncharts.apitest.Sample" name="checkthis" time="0.010"/>
  <testcase classname="com.fusioncharts.apitest.Sample" name="checkthis" time="0.001"/>
  <testcase classname="com.fusioncharts.apitest.Sample" name="checkthis" time="0.003"/>
  <testcase classname="com.fusioncharts.apitest.Sample" name="checkthis" time="0.000"/>
  <testcase classname="com.fusioncharts.apitest.Sample" name="checkthis" time="0.001"/>
  <testcase classname="com.fusioncharts.apitest.Sample" name="checkthis" time="0.002"/>
  <testcase classname="com.fusioncharts.apitest.Sample" name="checkthis" time="0.001"/>
  <testcase classname="com.fusioncharts.apitest.Sample" name="checkthis" time="0.002"/>
  <testcase classname="com.fusioncharts.apitest.Sample" name="checkthis" time="0.001"/>
  <testcase classname="com.fusioncharts.apitest.Sample" name="checkthis" time="0.001"/>
  <testcase classname="com.fusioncharts.apitest.Sample" name="checkthis" time="0.007"/>
  <testcase classname="com.fusioncharts.apitest.Sample" name="checkthis" time="0.000"/>
  <testcase classname="com.fusioncharts.apitest.Sample" name="checkthis" time="0.001"/>
  <testcase classname="com.fusioncharts.apitest.Sample" name="checkthis" time="0.003"/>
  <testcase classname="com.fusioncharts.apitest.Sample" name="checkthis" time="0.003"/>
  <testcase classname="com.fusioncharts.apitest.Sample" name="checkthis" time="0.000"/>
  <testcase classname="com.fusioncharts.apitest.Sample" name="checkthis" time="0.001"/>
  <testcase classname="com.fusioncharts.apitest.Sample" name="checkthis" time="0.001"/>
  <testcase classname="com.fusioncharts.apitest.Sample" name="checkthis" time="0.001"/>
  <testcase classname="com.fusioncharts.apitest.Sample" name="checkthis" time="0.001"/>
  <testcase classname="com.fusioncharts.apitest.Sample" name="checkthis" time="0.001"/>
  <testcase classname="com.fusioncharts.apitest.Sample" name="checkthis" time="0.001"/>
  <testcase classname="com.fusioncharts.apitest.Sample" name="checkthis" time="0.005"/>
  <testcase classname="com.fusioncharts.apitest.Sample" name="checkthis" time="0.001"/>
  <testcase classname="com.fusioncharts.apitest.Sample" name="checkthis" time="0.005"/>
  <testcase classname="com.fusioncharts.apitest.Sample" name="checkthis" time="0.000"/>
  <testcase classname="com.fusioncharts.apitest.Sample" name="checkthis" time="0.001"/>
  <testcase classname="com.fusioncharts.apitest.Sample" name="checkthis" time="0.001"/>
  <testcase classname="com.fusioncharts.apitest.Sample" name="checkthis" time="0.001"/>
  <testcase classname="com.fusioncharts.apitest.Sample" name="checkthis" time="0.002"/>
  <testcase classname="com.fusioncharts.apitest.Sample" name="checkthis" time="0.000"/>
  <testcase classname="com.fusioncharts.apitest.Sample" name="checkthis" time="0.002"/>
  <testcase classname="com.fusioncharts.apitest.Sample" name="checkthis" time="0.000"/>
  <testcase classname="com.fusioncharts.apitest.Sample" name="checkthis" time="0.001"/>
  <testcase classname="com.fusioncharts.apitest.Sample" name="checkthis" time="0.001"/>
  <testcase classname="com.fusioncharts.apitest.Sample" name="checkthis" time="0.003"/>
  <testcase classname="com.fusioncharts.apitest.Sample" name="checkthis" time="0.001"/>
  <testcase classname="com.fusioncharts.apitest.Sample" name="checkthis" time="0.004"/>
  <testcase classname="com.fusioncharts.apitest.Sample" name="checkthis" time="0.002"/>
  <testcase classname="com.fusioncharts.apitest.Sample" name="checkthis" time="0.002"/>
  <testcase classname="com.fusioncharts.apitest.Sample" name="checkthis" time="0.000"/>
  <testcase classname="com.fusioncharts.apitest.Sample" name="checkthis" time="0.006"/>
  <testcase classname="com.fusioncharts.apitest.Sample" name="checkthis" time="0.001"/>
  <testcase classname="com.fusioncharts.apitest.Sample" name="checkthis" time="0.001"/>
  <testcase classname="com.fusioncharts.apitest.Sample" name="checkthis" time="0.001"/>
  <testcase classname="com.fusioncharts.apitest.Sample" name="checkthis" time="0.000"/>
  <testcase classname="com.fusioncharts.apitest.Sample" name="checkthis" time="0.002"/>
  <testcase classname="com.fusioncharts.apitest.Sample" name="checkthis" time="0.001"/>
  <testcase classname="com.fusioncharts.apitest.Sample" name="checkthis" time="0.001"/>
  <testcase classname="com.fusioncharts.apitest.Sample" name="checkthis" time="0.000"/>
  <testcase classname="com.fusioncharts.apitest.Sample" name="checkthis" time="0.001"/>
  <testcase classname="com.fusioncharts.apitest.Sample" name="checkthis" time="0.001"/>
  <testcase classname="com.fusioncharts.apitest.Sample" name="checkthis" time="0.000"/>
  <testcase classname="com.fusioncharts.apitest.Sample" name="checkthis" time="0.001"/>
  <testcase classname="com.fusioncharts.apitest.Sample" name="checkthis" time="0.000"/>
  <testcase classname="com.fusioncharts.apitest.Sample" name="checkthis" time="0.000"/>
  <testcase classname="com.fusioncharts.apitest.Sample" name="checkthis" time="0.005"/>
  <testcase classname="com.fusioncharts.apitest.Sample" name="checkthis" time="0.002"/>
  <testcase classname="com.fusioncharts.apitest.Sample" name="checkthis" time="0.002"/>
  <testcase classname="com.fusioncharts.apitest.Sample" name="checkthis" time="0.002"/>
  <testcase classname="com.fusioncharts.apitest.Sample" name="checkthis" time="0.001"/>
  <testcase classname="com.fusioncharts.apitest.Sample" name="checkthis" time="0.001"/>
  <testcase classname="com.fusioncharts.apitest.Sample" name="checkthis" time="0.001"/>
  <testcase classname="com.fusioncharts.apitest.Sample" name="checkthis" time="0.001"/>
  <testcase classname="com.fusioncharts.apitest.Sample" name="checkthis" time="0.001"/>
  <testcase classname="com.fusioncharts.apitest.Sample" name="checkthis" time="0.000"/>
  <testcase classname="com.fusioncharts.apitest.Sample" name="checkthis" time="0.001"/>
  <testcase classname="com.fusioncharts.apitest.Sample" name="checkthis" time="0.001"/>
  <testcase classname="com.fusioncharts.apitest.Sample" name="checkthis" time="0.004"/>
  <testcase classname="com.fusioncharts.apitest.Sample" name="checkthis" time="0.003"/>
  <testcase classname="com.fusioncharts.apitest.Sample" name="checkthis" time="0.001"/>
  <testcase classname="com.fusioncharts.apitest.Sample" name="checkthis" time="0.000"/>
  <testcase classname="com.fusioncharts.apitest.Sample" name="checkthis" time="0.001"/>
  <testcase classname="com.fusioncharts.apitest.Sample" name="checkthis" time="0.001"/>
  <testcase classname="com.fusioncharts.apitest.Sample" name="checkthis" time="0.001"/>
  <testcase classname="com.fusioncharts.apitest.Sample" name="checkthis" time="0.001"/>
  <testcase classname="com.fusioncharts.apitest.Sample" name="checkthis" time="0.001"/>
  <testcase classname="com.fusioncharts.apitest.Sample" name="checkthis" time="0.002"/>
  <testcase classname="com.fusioncharts.apitest.Sample" name="checkthis" time="0.001"/>
  <testcase classname="com.fusioncharts.apitest.Sample" name="checkthis" time="0.000"/>
  <testcase classname="com.fusioncharts.apitest.Sample" name="checkthis" time="0.002"/>
  <testcase classname="com.fusioncharts.apitest.Sample" name="checkthis" time="0.001"/>
  <testcase classname="com.fusioncharts.apitest.Sample" name="checkthis" time="0.001"/>
  <testcase classname="com.fusioncharts.apitest.Sample" name="checkthis" time="0.001"/>
  <testcase classname="com.fusioncharts.apitest.Sample" name="checkthis" time="0.001"/>
  <testcase classname="com.fusioncharts.apitest.Sample" name="checkthis" time="0.001"/>
  <testcase classname="com.fusioncharts.apitest.Sample" name="checkthis" time="0.000"/>
  <testcase classname="com.fusioncharts.apitest.Sample" name="checkthis" time="0.001"/>
  <testcase classname="com.fusioncharts.apitest.Sample" name="checkthis" time="0.003"/>
  <testcase classname="com.fusioncharts.apitest.Sample" name="checkthis" time="0.002"/>
  <testcase classname="com.fusioncharts.apitest.Sample" name="checkthis" time="0.000"/>
  <testcase classname="com.fusioncharts.apitest.Sample" name="checkthis" time="0.001"/>
  <testcase classname="com.fusioncharts.apitest.Sample" name="checkthis" time="0.001"/>
  <testcase classname="com.fusioncharts.apitest.Sample" name="checkthis" time="0.000"/>
  <testcase classname="com.fusioncharts.apitest.Sample" name="checkthis" time="0.001"/>
  <testcase classname="com.fusioncharts.apitest.Sample" name="checkthis" time="0.000"/>
  <testcase classname="com.fusioncharts.apitest.Sample" name="checkthis" time="0.000"/>
  <testcase classname="com.fusioncharts.apitest.Sample" name="checkthis" time="0.001"/>
  <testcase classname="com.fusioncharts.apitest.Sample" name="checkthis" time="0.000"/>
  <testcase classname="com.fusioncharts.apitest.Sample" name="checkthis" time="0.002"/>
  <testcase classname="com.fusioncharts.apitest.Sample" name="checkthis" time="0.001"/>
  <testcase classname="com.fusioncharts.apitest.Sample" name="checkthis" time="0.001"/>
  <testcase classname="com.fusioncharts.apitest.Sample" name="checkthis" time="0.003"/>
  <testcase classname="com.fusioncharts.apitest.Sample" name="checkthis" time="0.002"/>
  <testcase classname="com.fusioncharts.apitest.Sample" name="checkthis" time="0.001"/>
  <testcase classname="com.fusioncharts.apitest.Sample" name="checkthis" time="0.001"/>
  <testcase classname="com.fusioncharts.apitest.Sample" name="checkthis" time="0.003"/>
  <testcase classname="com.fusioncharts.apitest.Sample" name="checkthis" time="0.001"/>
  <testcase classname="com.fusioncharts.apitest.Sample" name="checkthis" time="0.003"/>
  <testcase classname="com.fusioncharts.apitest.Sample" name="checkthis" time="0.001"/>
  <testcase classname="com.fusioncharts.apitest.Sample" name="checkthis" time="0.002"/>
  <testcase classname="com.fusioncharts.apitest.Sample" name="checkthis" time="0.001"/>
  <testcase classname="com.fusioncharts.apitest.Sample" name="checkthis" time="0.000"/>
  <testcase classname="com.fusioncharts.apitest.Sample" name="checkthis" time="0.001"/>
  <testcase classname="com.fusioncharts.apitest.Sample" name="checkthis" time="0.002"/>
  <testcase classname="com.fusioncharts.apitest.Sample" name="checkthis" time="0.001"/>
  <testcase classname="com.fusioncharts.apitest.Sample" name="checkthis" time="0.002"/>
  <testcase classname="com.fusioncharts.apitest.Sample" name="checkthis" time="0.002"/>
  <testcase classname="com.fusioncharts.apitest.Sample" name="checkthis" time="0.001"/>
  <testcase classname="com.fusioncharts.apitest.Sample" name="checkthis" time="0.001"/>
  <testcase classname="com.fusioncharts.apitest.Sample" name="checkthis" time="0.001"/>
  <testcase classname="com.fusioncharts.apitest.Sample" name="checkthis" time="0.001"/>
  <testcase classname="com.fusioncharts.apitest.Sample" name="checkthis" time="0.001"/>
  <testcase classname="com.fusioncharts.apitest.Sample" name="checkthis" time="0.001"/>
  <testcase classname="com.fusioncharts.apitest.Sample" name="checkthis" time="0.001"/>
  <testcase classname="com.fusioncharts.apitest.Sample" name="checkthis" time="0.001"/>
  <testcase classname="com.fusioncharts.apitest.Sample" name="checkthis" time="0.001"/>
  <testcase classname="com.fusioncharts.apitest.Sample" name="checkthis" time="0.000"/>
  <testcase classname="com.fusioncharts.apitest.Sample" name="checkthis" time="0.001"/>
  <testcase classname="com.fusioncharts.apitest.Sample" name="checkthis" time="0.000"/>
  <testcase classname="com.fusioncharts.apitest.Sample" name="checkthis" time="0.001"/>
  <testcase classname="com.fusioncharts.apitest.Sample" name="checkthis" time="0.001"/>
  <testcase classname="com.fusioncharts.apitest.Sample" name="checkthis" time="0.002"/>
  <testcase classname="com.fusioncharts.apitest.Sample" name="checkthis" time="0.001"/>
  <testcase classname="com.fusioncharts.apitest.Sample" name="checkthis" time="0.001"/>
  <testcase classname="com.fusioncharts.apitest.Sample" name="checkthis" time="0.002"/>
  <testcase classname="com.fusioncharts.apitest.Sample" name="checkthis" time="0.001"/>
  <testcase classname="com.fusioncharts.apitest.Sample" name="checkthis" time="0.001"/>
  <testcase classname="com.fusioncharts.apitest.Sample" name="checkthis" time="0.000"/>
  <testcase classname="com.fusioncharts.apitest.Sample" name="checkthis" time="0.001"/>
  <testcase classname="com.fusioncharts.apitest.Sample" name="checkthis" time="0.001"/>
  <testcase classname="com.fusioncharts.apitest.Sample" name="checkthis" time="0.001"/>
  <testcase classname="com.fusioncharts.apitest.Sample" name="checkthis" time="0.001"/>
  <testcase classname="com.fusioncharts.apitest.Sample" name="checkthis" time="0.000"/>
  <testcase classname="com.fusioncharts.apitest.Sample" name="checkthis" time="0.001"/>
  <testcase classname="com.fusioncharts.apitest.Sample" name="checkthis" time="0.006"/>
  <testcase classname="com.fusioncharts.apitest.Sample" name="checkthis" time="0.002"/>
  <testcase classname="com.fusioncharts.apitest.Sample" name="checkthis" time="0.000"/>
  <testcase classname="com.fusioncharts.apitest.Sample" name="checkthis" time="0.001"/>
  <testcase classname="com.fusioncharts.apitest.Sample" name="checkthis" time="0.001"/>
  <testcase classname="com.fusioncharts.apitest.Sample" name="checkthis" time="0.002"/>
  <testcase classname="com.fusioncharts.apitest.Sample" name="checkthis" time="0.001"/>
  <testcase classname="com.fusioncharts.apitest.Sample" name="checkthis" time="0.001"/>
  <testcase classname="com.fusioncharts.apitest.Sample" name="checkthis" time="0.000"/>
  <testcase classname="com.fusioncharts.apitest.Sample" name="checkthis" time="0.001"/>
  <testcase classname="com.fusioncharts.apitest.Sample" name="checkthis" time="0.001"/>
  <testcase classname="com.fusioncharts.apitest.Sample" name="checkthis" time="0.002"/>
  <testcase classname="com.fusioncharts.apitest.Sample" name="checkthis" time="0.001"/>
  <testcase classname="com.fusioncharts.apitest.Sample" name="checkthis" time="0.000"/>
  <testcase classname="com.fusioncharts.apitest.Sample" name="checkthis" time="0.002"/>
  <testcase classname="com.fusioncharts.apitest.Sample" name="checkthis" time="0.000"/>
  <testcase classname="com.fusioncharts.apitest.Sample" name="checkthis" time="0.001"/>
  <testcase classname="com.fusioncharts.apitest.Sample" name="checkthis" time="0.001"/>
  <testcase classname="com.fusioncharts.apitest.Sample" name="checkthis" time="0.004"/>
  <testcase classname="com.fusioncharts.apitest.Sample" name="checkthis" time="0.001"/>
  <testcase classname="com.fusioncharts.apitest.Sample" name="checkthis" time="0.002"/>
  <testcase classname="com.fusioncharts.apitest.Sample" name="checkthis" time="0.002"/>
  <testcase classname="com.fusioncharts.apitest.Sample" name="checkthis" time="0.001"/>
  <testcase classname="com.fusioncharts.apitest.Sample" name="checkthis" time="0.002"/>
  <testcase classname="com.fusioncharts.apitest.Sample" name="checkthis" time="0.001"/>
  <testcase classname="com.fusioncharts.apitest.Sample" name="checkthis" time="0.001"/>
  <testcase classname="com.fusioncharts.apitest.Sample" name="checkthis" time="0.001"/>
  <testcase classname="com.fusioncharts.apitest.Sample" name="checkthis" time="0.001"/>
  <testcase classname="com.fusioncharts.apitest.Sample" name="checkthis" time="0.001"/>
  <testcase classname="com.fusioncharts.apitest.Sample" name="checkthis" time="0.001"/>
  <testcase classname="com.fusioncharts.apitest.Sample" name="checkthis" time="0.001"/>
  <testcase classname="com.fusioncharts.apitest.Sample" name="checkthis" time="0.001"/>
  <testcase classname="com.fusioncharts.apitest.Sample" name="checkthis" time="0.002"/>
  <testcase classname="com.fusioncharts.apitest.Sample" name="checkthis" time="0.001"/>
  <testcase classname="com.fusioncharts.apitest.Sample" name="checkthis" time="0.006"/>
  <testcase classname="com.fusioncharts.apitest.Sample" name="checkthis" time="0.001"/>
  <testcase classname="com.fusioncharts.apitest.Sample" name="checkthis" time="0.002"/>
  <testcase classname="com.fusioncharts.apitest.Sample" name="checkthis" time="0.001"/>
  <testcase classname="com.fusioncharts.apitest.Sample" name="checkthis" time="0.000"/>
  <testcase classname="com.fusioncharts.apitest.Sample" name="checkthis" time="0.001"/>
  <testcase classname="com.fusioncharts.apitest.Sample" name="checkthis" time="0.002"/>
  <testcase classname="com.fusioncharts.apitest.Sample" name="checkthis" time="0.000"/>
  <testcase classname="com.fusioncharts.apitest.Sample" name="checkthis" time="0.008"/>
  <testcase classname="com.fusioncharts.apitest.Sample" name="checkthis" time="0.001"/>
  <testcase classname="com.fusioncharts.apitest.Sample" name="checkthis" time="0.001"/>
  <testcase classname="com.fusioncharts.apitest.Sample" name="checkthis" time="0.001"/>
  <testcase classname="com.fusioncharts.apitest.Sample" name="checkthis" time="0.001"/>
  <testcase classname="com.fusioncharts.apitest.Sample" name="checkthis" time="0.001"/>
  <testcase classname="com.fusioncharts.apitest.Sample" name="checkthis" time="0.001"/>
  <testcase classname="com.fusioncharts.apitest.Sample" name="checkthis" time="0.001"/>
  <testcase classname="com.fusioncharts.apitest.Sample" name="checkthis" time="0.001"/>
  <testcase classname="com.fusioncharts.apitest.Sample" name="checkthis" time="0.001"/>
  <testcase classname="com.fusioncharts.apitest.Sample" name="checkthis" time="0.000"/>
  <testcase classname="com.fusioncharts.apitest.Sample" name="checkthis" time="0.002"/>
  <testcase classname="com.fusioncharts.apitest.Sample" name="checkthis" time="0.002"/>
  <testcase classname="com.fusioncharts.apitest.Sample" name="checkthis" time="0.001"/>
  <testcase classname="com.fusioncharts.apitest.Sample" name="checkthis" time="0.003"/>
  <testcase classname="com.fusioncharts.apitest.Sample" name="checkthis" time="0.001"/>
  <testcase classname="com.fusioncharts.apitest.Sample" name="checkthis" time="0.001"/>
  <testcase classname="com.fusioncharts.apitest.Sample" name="checkthis" time="0.001"/>
  <testcase classname="com.fusioncharts.apitest.Sample" name="checkthis" time="0.001"/>
  <testcase classname="com.fusioncharts.apitest.Sample" name="checkthis" time="0.002"/>
  <testcase classname="com.fusioncharts.apitest.Sample" name="checkthis" time="0.001"/>
  <testcase classname="com.fusioncharts.apitest.Sample" name="checkthis" time="0.000"/>
  <testcase classname="com.fusioncharts.apitest.Sample" name="checkthis" time="0.002"/>
  <testcase classname="com.fusioncharts.apitest.Sample" name="checkthis" time="0.001"/>
  <testcase classname="com.fusioncharts.apitest.Sample" name="checkthis" time="0.001"/>
  <testcase classname="com.fusioncharts.apitest.Sample" name="checkthis" time="0.001"/>
  <testcase classname="com.fusioncharts.apitest.Sample" name="checkthis" time="0.001"/>
  <testcase classname="com.fusioncharts.apitest.Sample" name="checkthis" time="0.001"/>
  <testcase classname="com.fusioncharts.apitest.Sample" name="checkthis" time="0.003"/>
  <testcase classname="com.fusioncharts.apitest.Sample" name="checkthis" time="0.002"/>
  <testcase classname="com.fusioncharts.apitest.Sample" name="checkthis" time="0.001"/>
  <testcase classname="com.fusioncharts.apitest.Sample" name="checkthis" time="0.022"/>
  <testcase classname="com.fusioncharts.apitest.Sample" name="checkthis" time="0.001"/>
  <testcase classname="com.fusioncharts.apitest.Sample" name="checkthis" time="0.000"/>
  <testcase classname="com.fusioncharts.apitest.Sample" name="checkthis" time="0.001"/>
  <testcase classname="com.fusioncharts.apitest.Sample" name="checkthis" time="0.001"/>
  <testcase classname="com.fusioncharts.apitest.Sample" name="checkthis" time="0.000"/>
  <testcase classname="com.fusioncharts.apitest.Sample" name="checkthis" time="0.000"/>
  <testcase classname="com.fusioncharts.apitest.Sample" name="checkthis" time="0.002"/>
  <testcase classname="com.fusioncharts.apitest.Sample" name="checkthis" time="0.001"/>
  <testcase classname="com.fusioncharts.apitest.Sample" name="checkthis" time="0.003"/>
  <testcase classname="com.fusioncharts.apitest.Sample" name="checkthis" time="0.001"/>
  <testcase classname="com.fusioncharts.apitest.Sample" name="checkthis" time="0.001"/>
  <testcase classname="com.fusioncharts.apitest.Sample" name="checkthis" time="0.000"/>
  <testcase classname="com.fusioncharts.apitest.Sample" name="checkthis" time="0.002"/>
  <testcase classname="com.fusioncharts.apitest.Sample" name="checkthis" time="0.001"/>
  <testcase classname="com.fusioncharts.apitest.Sample" name="checkthis" time="0.002"/>
  <testcase classname="com.fusioncharts.apitest.Sample" name="checkthis" time="0.000"/>
  <testcase classname="com.fusioncharts.apitest.Sample" name="checkthis" time="0.001"/>
  <testcase classname="com.fusioncharts.apitest.Sample" name="checkthis" time="0.001"/>
  <testcase classname="com.fusioncharts.apitest.Sample" name="checkthis" time="0.002"/>
  <testcase classname="com.fusioncharts.apitest.Sample" name="checkthis" time="0.002"/>
  <testcase classname="com.fusioncharts.apitest.Sample" name="checkthis" time="0.001"/>
  <testcase classname="com.fusioncharts.apitest.Sample" name="checkthis" time="0.003"/>
  <testcase classname="com.fusioncharts.apitest.Sample" name="checkthis" time="0.001"/>
  <testcase classname="com.fusioncharts.apitest.Sample" name="checkthis" time="0.001"/>
  <testcase classname="com.fusioncharts.apitest.Sample" name="checkthis" time="0.001"/>
  <testcase classname="com.fusioncharts.apitest.Sample" name="checkthis" time="0.000"/>
  <testcase classname="com.fusioncharts.apitest.Sample" name="checkthis" time="0.001"/>
  <testcase classname="com.fusioncharts.apitest.Sample" name="checkthis" time="0.006"/>
  <testcase classname="com.fusioncharts.apitest.Sample" name="checkthis" time="0.001"/>
  <testcase classname="com.fusioncharts.apitest.Sample" name="checkthis" time="0.001"/>
  <testcase classname="com.fusioncharts.apitest.Sample" name="checkthis" time="0.001"/>
  <testcase classname="com.fusioncharts.apitest.Sample" name="checkthis" time="0.001"/>
  <testcase classname="com.fusioncharts.apitest.Sample" name="checkthis" time="0.001"/>
  <testcase classname="com.fusioncharts.apitest.Sample" name="checkthis" time="0.001"/>
  <testcase classname="com.fusioncharts.apitest.Sample" name="checkthis" time="0.003"/>
  <testcase classname="com.fusioncharts.apitest.Sample" name="checkthis" time="0.000"/>
  <testcase classname="com.fusioncharts.apitest.Sample" name="checkthis" time="0.001"/>
  <testcase classname="com.fusioncharts.apitest.Sample" name="checkthis" time="0.001"/>
  <testcase classname="com.fusioncharts.apitest.Sample" name="checkthis" time="0.004"/>
  <testcase classname="com.fusioncharts.apitest.Sample" name="checkthis" time="0.001"/>
  <testcase classname="com.fusioncharts.apitest.Sample" name="checkthis" time="0.001"/>
  <testcase classname="com.fusioncharts.apitest.Sample" name="checkthis" time="0.001"/>
  <testcase classname="com.fusioncharts.apitest.Sample" name="checkthis" time="0.000"/>
  <testcase classname="com.fusioncharts.apitest.Sample" name="checkthis" time="0.001"/>
  <testcase classname="com.fusioncharts.apitest.Sample" name="checkthis" time="0.002"/>
  <testcase classname="com.fusioncharts.apitest.Sample" name="checkthis" time="0.001"/>
  <testcase classname="com.fusioncharts.apitest.Sample" name="checkthis" time="0.000"/>
  <testcase classname="com.fusioncharts.apitest.Sample" name="checkthis" time="0.001"/>
  <testcase classname="com.fusioncharts.apitest.Sample" name="checkthis" time="0.000"/>
  <testcase classname="com.fusioncharts.apitest.Sample" name="checkthis" time="0.001"/>
  <testcase classname="com.fusioncharts.apitest.Sample" name="checkthis" time="0.001"/>
  <testcase classname="com.fusioncharts.apitest.Sample" name="checkthis" time="0.002"/>
  <testcase classname="com.fusioncharts.apitest.Sample" name="checkthis" time="0.001"/>
  <testcase classname="com.fusioncharts.apitest.Sample" name="checkthis" time="0.002"/>
  <testcase classname="com.fusioncharts.apitest.Sample" name="checkthis" time="0.001"/>
  <testcase classname="com.fusioncharts.apitest.Sample" name="checkthis" time="0.002"/>
  <testcase classname="com.fusioncharts.apitest.Sample" name="checkthis" time="0.001"/>
  <testcase classname="com.fusioncharts.apitest.Sample" name="checkthis" time="0.002"/>
  <testcase classname="com.fusioncharts.apitest.Sample" name="checkthis" time="0.000"/>
  <testcase classname="com.fusioncharts.apitest.Sample" name="checkthis" time="0.000"/>
  <testcase classname="com.fusioncharts.apitest.Sample" name="checkthis" time="0.001"/>
  <testcase classname="com.fusioncharts.apitest.Sample" name="checkthis" time="0.001"/>
  <testcase classname="com.fusioncharts.apitest.Sample" name="checkthis" time="0.000"/>
  <testcase classname="com.fusioncharts.apitest.Sample" name="checkthis" time="0.001"/>
  <testcase classname="com.fusioncharts.apitest.Sample" name="checkthis" time="0.001"/>
  <testcase classname="com.fusioncharts.apitest.Sample" name="checkthis" time="0.001"/>
  <testcase classname="com.fusioncharts.apitest.Sample" name="checkthis" time="0.001"/>
  <testcase classname="com.fusioncharts.apitest.Sample" name="checkthis" time="0.001"/>
  <testcase classname="com.fusioncharts.apitest.Sample" name="checkthis" time="0.001"/>
  <testcase classname="com.fusioncharts.apitest.Sample" name="checkthis" time="0.001"/>
  <testcase classname="com.fusioncharts.apitest.Sample" name="checkthis" time="0.001"/>
  <testcase classname="com.fusioncharts.apitest.Sample" name="checkthis" time="0.000"/>
  <testcase classname="com.fusioncharts.apitest.Sample" name="checkthis" time="0.001"/>
  <testcase classname="com.fusioncharts.apitest.Sample" name="checkthis" time="0.001"/>
  <testcase classname="com.fusioncharts.apitest.Sample" name="checkthis" time="0.001"/>
  <testcase classname="com.fusioncharts.apitest.Sample" name="checkthis" time="0.001"/>
  <testcase classname="com.fusioncharts.apitest.Sample" name="checkthis" time="0.001"/>
  <testcase classname="com.fusioncharts.apitest.Sample" name="checkthis" time="0.001"/>
  <testcase classname="com.fusioncharts.apitest.Sample" name="checkthis" time="0.000"/>
  <testcase classname="com.fusioncharts.apitest.Sample" name="checkthis" time="0.001"/>
  <testcase classname="com.fusioncharts.apitest.Sample" name="checkthis" time="0.001"/>
  <testcase classname="com.fusioncharts.apitest.Sample" name="checkthis" time="0.000"/>
  <testcase classname="com.fusioncharts.apitest.Sample" name="checkthis" time="0.001"/>
  <testcase classname="com.fusioncharts.apitest.Sample" name="checkthis" time="0.002"/>
  <testcase classname="com.fusioncharts.apitest.Sample" name="checkthis" time="0.002"/>
  <testcase classname="com.fusioncharts.apitest.Sample" name="checkthis" time="0.001"/>
  <testcase classname="com.fusioncharts.apitest.Sample" name="checkthis" time="0.001"/>
  <testcase classname="com.fusioncharts.apitest.Sample" name="checkthis" time="0.001"/>
  <testcase classname="com.fusioncharts.apitest.Sample" name="checkthis" time="0.001"/>
  <testcase classname="com.fusioncharts.apitest.Sample" name="checkthis" time="0.001"/>
  <testcase classname="com.fusioncharts.apitest.Sample" name="checkthis" time="0.002"/>
  <testcase classname="com.fusioncharts.apitest.Sample" name="checkthis" time="0.002"/>
  <testcase classname="com.fusioncharts.apitest.Sample" name="checkthis" time="0.001"/>
  <testcase classname="com.fusioncharts.apitest.Sample" name="checkthis" time="0.001"/>
  <testcase classname="com.fusioncharts.apitest.Sample" name="checkthis" time="0.001"/>
  <testcase classname="com.fusioncharts.apitest.Sample" name="checkthis" time="0.000"/>
  <testcase classname="com.fusioncharts.apitest.Sample" name="checkthis" time="0.001"/>
  <testcase classname="com.fusioncharts.apitest.Sample" name="checkthis" time="0.002"/>
  <testcase classname="com.fusioncharts.apitest.Sample" name="checkthis" time="0.001"/>
  <testcase classname="com.fusioncharts.apitest.Sample" name="checkthis" time="0.001"/>
  <testcase classname="com.fusioncharts.apitest.Sample" name="checkthis" time="0.001"/>
  <testcase classname="com.fusioncharts.apitest.Sample" name="checkthis" time="0.001"/>
  <testcase classname="com.fusioncharts.apitest.Sample" name="checkthis" time="0.000"/>
  <testcase classname="com.fusioncharts.apitest.Sample" name="checkthis" time="0.001"/>
  <testcase classname="com.fusioncharts.apitest.Sample" name="checkthis" time="0.001"/>
  <testcase classname="com.fusioncharts.apitest.Sample" name="checkthis" time="0.001"/>
  <testcase classname="com.fusioncharts.apitest.Sample" name="checkthis" time="0.000"/>
  <testcase classname="com.fusioncharts.apitest.Sample" name="checkthis" time="0.001"/>
  <testcase classname="com.fusioncharts.apitest.Sample" name="checkthis" time="0.000"/>
  <testcase classname="com.fusioncharts.apitest.Sample" name="checkthis" time="0.001"/>
  <testcase classname="com.fusioncharts.apitest.Sample" name="checkthis" time="0.002"/>
  <testcase classname="com.fusioncharts.apitest.Sample" name="checkthis" time="0.001"/>
  <testcase classname="com.fusioncharts.apitest.Sample" name="checkthis" time="0.002"/>
  <testcase classname="com.fusioncharts.apitest.Sample" name="checkthis" time="0.002"/>
  <testcase classname="com.fusioncharts.apitest.Sample" name="checkthis" time="0.001"/>
  <testcase classname="com.fusioncharts.apitest.Sample" name="checkthis" time="0.000"/>
  <testcase classname="com.fusioncharts.apitest.Sample" name="checkthis" time="0.001"/>
  <testcase classname="com.fusioncharts.apitest.Sample" name="checkthis" time="0.001"/>
  <testcase classname="com.fusioncharts.apitest.Sample" name="checkthis" time="0.004"/>
  <testcase classname="com.fusioncharts.apitest.Sample" name="checkthis" time="0.001"/>
  <testcase classname="com.fusioncharts.apitest.Sample" name="checkthis" time="0.001"/>
  <testcase classname="com.fusioncharts.apitest.Sample" name="checkthis" time="0.001"/>
  <testcase classname="com.fusioncharts.apitest.Sample" name="checkthis" time="0.002"/>
  <testcase classname="com.fusioncharts.apitest.Sample" name="checkthis" time="0.001"/>
  <testcase classname="com.fusioncharts.apitest.Sample" name="checkthis" time="0.002"/>
  <testcase classname="com.fusioncharts.apitest.Sample" name="checkthis" time="0.001"/>
  <testcase classname="com.fusioncharts.apitest.Sample" name="checkthis" time="0.001"/>
  <testcase classname="com.fusioncharts.apitest.Sample" name="checkthis" time="0.001"/>
  <testcase classname="com.fusioncharts.apitest.Sample" name="checkthis" time="0.002"/>
  <testcase classname="com.fusioncharts.apitest.Sample" name="checkthis" time="0.001"/>
  <testcase classname="com.fusioncharts.apitest.Sample" name="checkthis" time="0.002"/>
  <testcase classname="com.fusioncharts.apitest.Sample" name="checkthis" time="0.001"/>
  <testcase classname="com.fusioncharts.apitest.Sample" name="checkthis" time="0.001"/>
  <testcase classname="com.fusioncharts.apitest.Sample" name="checkthis" time="0.001"/>
  <testcase classname="com.fusioncharts.apitest.Sample" name="checkthis" time="0.002"/>
  <testcase classname="com.fusioncharts.apitest.Sample" name="checkthis" time="0.002"/>
  <testcase classname="com.fusioncharts.apitest.Sample" name="checkthis" time="0.001"/>
  <testcase classname="com.fusioncharts.apitest.Sample" name="checkthis" time="0.000"/>
  <testcase classname="com.fusioncharts.apitest.Sample" name="checkthis" time="0.001"/>
  <testcase classname="com.fusioncharts.apitest.Sample" name="checkthis" time="0.002"/>
  <testcase classname="com.fusioncharts.apitest.Sample" name="checkthis" time="0.002"/>
  <testcase classname="com.fusioncharts.apitest.Sample" name="checkthis" time="0.001"/>
  <testcase classname="com.fusioncharts.apitest.Sample" name="checkthis" time="0.001"/>
  <testcase classname="com.fusioncharts.apitest.Sample" name="checkthis" time="0.000"/>
  <testcase classname="com.fusioncharts.apitest.Sample" name="checkthis" time="0.001"/>
  <testcase classname="com.fusioncharts.apitest.Sample" name="checkthis" time="0.000"/>
  <testcase classname="com.fusioncharts.apitest.Sample" name="checkthis" time="0.001"/>
  <testcase classname="com.fusioncharts.apitest.Sample" name="checkthis" time="0.011"/>
  <testcase classname="com.fusioncharts.apitest.Sample" name="checkthis" time="0.003"/>
  <testcase classname="com.fusioncharts.apitest.Sample" name="checkthis" time="0.001"/>
  <testcase classname="com.fusioncharts.apitest.Sample" name="checkthis" time="0.001"/>
  <testcase classname="com.fusioncharts.apitest.Sample" name="checkthis" time="0.001"/>
  <testcase classname="com.fusioncharts.apitest.Sample" name="checkthis" time="0.002"/>
  <testcase classname="com.fusioncharts.apitest.Sample" name="checkthis" time="0.001"/>
  <testcase classname="com.fusioncharts.apitest.Sample" name="checkthis" time="0.001"/>
  <testcase classname="com.fusioncharts.apitest.Sample" name="checkthis" time="0.001"/>
  <testcase classname="com.fusioncharts.apitest.Sample" name="checkthis" time="0.001"/>
  <testcase classname="com.fusioncharts.apitest.Sample" name="checkthis" time="0.001"/>
  <testcase classname="com.fusioncharts.apitest.Sample" name="checkthis" time="0.000"/>
  <testcase classname="com.fusioncharts.apitest.Sample" name="checkthis" time="0.001"/>
  <testcase classname="com.fusioncharts.apitest.Sample" name="checkthis" time="0.001"/>
  <testcase classname="com.fusioncharts.apitest.Sample" name="checkthis" time="0.000"/>
  <testcase classname="com.fusioncharts.apitest.Sample" name="checkthis" time="0.001"/>
  <testcase classname="com.fusioncharts.apitest.Sample" name="checkthis" time="0.000"/>
  <testcase classname="com.fusioncharts.apitest.Sample" name="checkthis" time="0.002"/>
  <testcase classname="com.fusioncharts.apitest.Sample" name="checkthis" time="0.001"/>
  <testcase classname="com.fusioncharts.apitest.Sample" name="checkthis" time="0.001"/>
  <testcase classname="com.fusioncharts.apitest.Sample" name="checkthis" time="0.001"/>
  <testcase classname="com.fusioncharts.apitest.Sample" name="checkthis" time="0.019"/>
  <testcase classname="com.fusioncharts.apitest.Sample" name="checkthis" time="0.004"/>
  <testcase classname="com.fusioncharts.apitest.Sample" name="checkthis" time="0.001"/>
  <testcase classname="com.fusioncharts.apitest.Sample" name="checkthis" time="0.001"/>
  <testcase classname="com.fusioncharts.apitest.Sample" name="checkthis" time="0.001"/>
  <testcase classname="com.fusioncharts.apitest.Sample" name="checkthis" time="0.002"/>
  <testcase classname="com.fusioncharts.apitest.Sample" name="checkthis" time="0.000"/>
  <testcase classname="com.fusioncharts.apitest.Sample" name="checkthis" time="0.001"/>
  <testcase classname="com.fusioncharts.apitest.Sample" name="checkthis" time="0.001"/>
  <testcase classname="com.fusioncharts.apitest.Sample" name="checkthis" time="0.001"/>
  <testcase classname="com.fusioncharts.apitest.Sample" name="checkthis" time="0.001"/>
  <testcase classname="com.fusioncharts.apitest.Sample" name="checkthis" time="0.001"/>
  <testcase classname="com.fusioncharts.apitest.Sample" name="checkthis" time="0.000"/>
  <testcase classname="com.fusioncharts.apitest.Sample" name="checkthis" time="0.001"/>
  <testcase classname="com.fusioncharts.apitest.Sample" name="checkthis" time="0.001"/>
  <testcase classname="com.fusioncharts.apitest.Sample" name="checkthis" time="0.001"/>
  <testcase classname="com.fusioncharts.apitest.Sample" name="checkthis" time="0.001"/>
  <testcase classname="com.fusioncharts.apitest.Sample" name="checkthis" time="0.013"/>
  <testcase classname="com.fusioncharts.apitest.Sample" name="checkthis" time="0.001"/>
  <testcase classname="com.fusioncharts.apitest.Sample" name="checkthis" time="0.001"/>
  <testcase classname="com.fusioncharts.apitest.Sample" name="checkthis" time="0.007"/>
  <testcase classname="com.fusioncharts.apitest.Sample" name="checkthis" time="0.001"/>
  <testcase classname="com.fusioncharts.apitest.Sample" name="checkthis" time="0.001"/>
  <testcase classname="com.fusioncharts.apitest.Sample" name="checkthis" time="0.000"/>
  <testcase classname="com.fusioncharts.apitest.Sample" name="checkthis" time="0.005"/>
  <testcase classname="com.fusioncharts.apitest.Sample" name="checkthis" time="0.002"/>
  <testcase classname="com.fusioncharts.apitest.Sample" name="checkthis" time="0.001"/>
  <testcase classname="com.fusioncharts.apitest.Sample" name="checkthis" time="0.001"/>
  <testcase classname="com.fusioncharts.apitest.Sample" name="checkthis" time="0.003"/>
  <testcase classname="com.fusioncharts.apitest.Sample" name="checkthis" time="0.000"/>
  <testcase classname="com.fusioncharts.apitest.Sample" name="checkthis" time="0.001"/>
  <testcase classname="com.fusioncharts.apitest.Sample" name="checkthis" time="0.002"/>
  <testcase classname="com.fusioncharts.apitest.Sample" name="checkthis" time="0.001"/>
  <testcase classname="com.fusioncharts.apitest.Sample" name="checkthis" time="0.001"/>
  <testcase classname="com.fusioncharts.apitest.Sample" name="checkthis" time="0.001"/>
  <testcase classname="com.fusioncharts.apitest.Sample" name="checkthis" time="0.001"/>
  <testcase classname="com.fusioncharts.apitest.Sample" name="checkthis" time="0.001"/>
  <testcase classname="com.fusioncharts.apitest.Sample" name="checkthis" time="0.001"/>
  <testcase classname="com.fusioncharts.apitest.Sample" name="checkthis" time="0.004"/>
  <testcase classname="com.fusioncharts.apitest.Sample" name="checkthis" time="0.001"/>
  <testcase classname="com.fusioncharts.apitest.Sample" name="checkthis" time="0.001"/>
  <testcase classname="com.fusioncharts.apitest.Sample" name="checkthis" time="0.003"/>
  <testcase classname="com.fusioncharts.apitest.Sample" name="checkthis" time="0.000"/>
  <testcase classname="com.fusioncharts.apitest.Sample" name="checkthis" time="0.002"/>
  <testcase classname="com.fusioncharts.apitest.Sample" name="checkthis" time="0.001"/>
  <testcase classname="com.fusioncharts.apitest.Sample" name="checkthis" time="0.002"/>
  <testcase classname="com.fusioncharts.apitest.Sample" name="checkthis" time="0.001"/>
  <testcase classname="com.fusioncharts.apitest.Sample" name="checkthis" time="0.000"/>
  <testcase classname="com.fusioncharts.apitest.Sample" name="checkthis" time="0.001"/>
  <testcase classname="com.fusioncharts.apitest.Sample" name="checkthis" time="0.001"/>
  <testcase classname="com.fusioncharts.apitest.Sample" name="checkthis" time="0.001"/>
  <testcase classname="com.fusioncharts.apitest.Sample" name="checkthis" time="0.001"/>
  <testcase classname="com.fusioncharts.apitest.Sample" name="checkthis" time="0.001"/>
  <testcase classname="com.fusioncharts.apitest.Sample" name="checkthis" time="0.004"/>
  <testcase classname="com.fusioncharts.apitest.Sample" name="checkthis" time="0.001"/>
  <testcase classname="com.fusioncharts.apitest.Sample" name="checkthis" time="0.001"/>
  <testcase classname="com.fusioncharts.apitest.Sample" name="checkthis" time="0.001"/>
  <testcase classname="com.fusioncharts.apitest.Sample" name="checkthis" time="0.002"/>
  <testcase classname="com.fusioncharts.apitest.Sample" name="checkthis" time="0.001"/>
  <testcase classname="com.fusioncharts.apitest.Sample" name="checkthis" time="0.001"/>
  <testcase classname="com.fusioncharts.apitest.Sample" name="checkthis" time="0.001"/>
  <testcase classname="com.fusioncharts.apitest.Sample" name="checkthis" time="0.001"/>
  <testcase classname="com.fusioncharts.apitest.Sample" name="checkthis" time="0.001"/>
  <testcase classname="com.fusioncharts.apitest.Sample" name="checkthis" time="0.000"/>
  <testcase classname="com.fusioncharts.apitest.Sample" name="checkthis" time="0.000"/>
  <testcase classname="com.fusioncharts.apitest.Sample" name="checkthis" time="0.001"/>
  <testcase classname="com.fusioncharts.apitest.Sample" name="checkthis" time="0.001"/>
  <testcase classname="com.fusioncharts.apitest.Sample" name="checkthis" time="0.001"/>
  <testcase classname="com.fusioncharts.apitest.Sample" name="checkthis" time="0.002"/>
  <testcase classname="com.fusioncharts.apitest.Sample" name="checkthis" time="0.001"/>
  <testcase classname="com.fusioncharts.apitest.Sample" name="checkthis" time="0.002"/>
  <testcase classname="com.fusioncharts.apitest.Sample" name="checkthis" time="0.001"/>
  <testcase classname="com.fusioncharts.apitest.Sample" name="checkthis" time="0.001"/>
  <testcase classname="com.fusioncharts.apitest.Sample" name="checkthis" time="0.002"/>
  <testcase classname="com.fusioncharts.apitest.Sample" name="checkthis" time="0.001"/>
  <testcase classname="com.fusioncharts.apitest.Sample" name="checkthis" time="0.002"/>
  <testcase classname="com.fusioncharts.apitest.Sample" name="checkthis" time="0.001"/>
  <testcase classname="com.fusioncharts.apitest.Sample" name="checkthis" time="0.002"/>
  <testcase classname="com.fusioncharts.apitest.Sample" name="checkthis" time="0.001"/>
  <testcase classname="com.fusioncharts.apitest.Sample" name="checkthis" time="0.001"/>
  <testcase classname="com.fusioncharts.apitest.Sample" name="checkthis" time="0.000"/>
  <testcase classname="com.fusioncharts.apitest.Sample" name="checkthis" time="0.007"/>
  <testcase classname="com.fusioncharts.apitest.Sample" name="checkthis" time="0.001"/>
  <testcase classname="com.fusioncharts.apitest.Sample" name="checkthis" time="0.001"/>
  <testcase classname="com.fusioncharts.apitest.Sample" name="checkthis" time="0.001"/>
  <testcase classname="com.fusioncharts.apitest.Sample" name="checkthis" time="0.001"/>
  <testcase classname="com.fusioncharts.apitest.Sample" name="checkthis" time="0.001"/>
  <testcase classname="com.fusioncharts.apitest.Sample" name="checkthis" time="0.001"/>
  <testcase classname="com.fusioncharts.apitest.Sample" name="checkthis" time="0.001"/>
  <testcase classname="com.fusioncharts.apitest.Sample" name="checkthis" time="0.002"/>
  <testcase classname="com.fusioncharts.apitest.Sample" name="checkthis" time="0.002"/>
  <testcase classname="com.fusioncharts.apitest.Sample" name="checkthis" time="0.001"/>
  <testcase classname="com.fusioncharts.apitest.Sample" name="checkthis" time="0.001"/>
  <testcase classname="com.fusioncharts.apitest.Sample" name="checkthis" time="0.001"/>
  <testcase classname="com.fusioncharts.apitest.Sample" name="checkthis" time="0.001"/>
  <testcase classname="com.fusioncharts.apitest.Sample" name="checkthis" time="0.001"/>
  <testcase classname="com.fusioncharts.apitest.Sample" name="checkthis" time="0.001"/>
  <testcase classname="com.fusioncharts.apitest.Sample" name="checkthis" time="0.001"/>
  <testcase classname="com.fusioncharts.apitest.Sample" name="checkthis" time="0.002"/>
  <testcase classname="com.fusioncharts.apitest.Sample" name="checkthis" time="0.000"/>
  <testcase classname="com.fusioncharts.apitest.Sample" name="checkthis" time="0.001"/>
  <testcase classname="com.fusioncharts.apitest.Sample" name="checkthis" time="0.001"/>
  <testcase classname="com.fusioncharts.apitest.Sample" name="checkthis" time="0.003"/>
  <testcase classname="com.fusioncharts.apitest.Sample" name="checkthis" time="0.000"/>
  <testcase classname="com.fusioncharts.apitest.Sample" name="checkthis" time="0.002"/>
  <testcase classname="com.fusioncharts.apitest.Sample" name="checkthis" time="0.002"/>
  <testcase classname="com.fusioncharts.apitest.Sample" name="checkthis" time="0.003"/>
  <testcase classname="com.fusioncharts.apitest.Sample" name="checkthis" time="0.002"/>
  <testcase classname="com.fusioncharts.apitest.Sample" name="checkthis" time="0.001"/>
  <testcase classname="com.fusioncharts.apitest.Sample" name="checkthis" time="0.000"/>
  <testcase classname="com.fusioncharts.apitest.Sample" name="checkthis" time="0.002"/>
  <testcase classname="com.fusioncharts.apitest.Sample" name="checkthis" time="0.001"/>
  <testcase classname="com.fusioncharts.apitest.Sample" name="checkthis" time="0.001"/>
  <testcase classname="com.fusioncharts.apitest.Sample" name="checkthis" time="0.001"/>
  <testcase classname="com.fusioncharts.apitest.Sample" name="checkthis" time="0.001"/>
  <testcase classname="com.fusioncharts.apitest.Sample" name="checkthis" time="0.002"/>
  <testcase classname="com.fusioncharts.apitest.Sample" name="checkthis" time="0.001"/>
  <testcase classname="com.fusioncharts.apitest.Sample" name="checkthis" time="0.001"/>
  <testcase classname="com.fusioncharts.apitest.Sample" name="checkthis" time="0.009"/>
  <testcase classname="com.fusioncharts.apitest.Sample" name="checkthis" time="0.001"/>
  <testcase classname="com.fusioncharts.apitest.Sample" name="checkthis" time="0.002"/>
  <testcase classname="com.fusioncharts.apitest.Sample" name="checkthis" time="0.003"/>
  <testcase classname="com.fusioncharts.apitest.Sample" name="checkthis" time="0.000"/>
  <testcase classname="com.fusioncharts.apitest.Sample" name="checkthis" time="0.001"/>
  <testcase classname="com.fusioncharts.apitest.Sample" name="checkthis" time="0.000"/>
  <testcase classname="com.fusioncharts.apitest.Sample" name="checkthis" time="0.002"/>
  <testcase classname="com.fusioncharts.apitest.Sample" name="checkthis" time="0.001"/>
  <testcase classname="com.fusioncharts.apitest.Sample" name="checkthis" time="0.001"/>
  <testcase classname="com.fusioncharts.apitest.Sample" name="checkthis" time="0.003"/>
  <testcase classname="com.fusioncharts.apitest.Sample" name="checkthis" time="0.002"/>
  <testcase classname="com.fusioncharts.apitest.Sample" name="checkthis" time="0.001"/>
  <testcase classname="com.fusioncharts.apitest.Sample" name="checkthis" time="0.001"/>
  <testcase classname="com.fusioncharts.apitest.Sample" name="checkthis" time="0.001"/>
  <testcase classname="com.fusioncharts.apitest.Sample" name="checkthis" time="0.000"/>
  <testcase classname="com.fusioncharts.apitest.Sample" name="checkthis" time="0.002"/>
  <testcase classname="com.fusioncharts.apitest.Sample" name="checkthis" time="0.002"/>
  <testcase classname="com.fusioncharts.apitest.Sample" name="checkthis" time="0.001"/>
  <testcase classname="com.fusioncharts.apitest.Sample" name="checkthis" time="0.004"/>
  <testcase classname="com.fusioncharts.apitest.Sample" name="checkthis" time="0.001"/>
  <testcase classname="com.fusioncharts.apitest.Sample" name="checkthis" time="0.002"/>
  <testcase classname="com.fusioncharts.apitest.Sample" name="checkthis" time="0.004"/>
  <testcase classname="com.fusioncharts.apitest.Sample" name="checkthis" time="0.001"/>
  <testcase classname="com.fusioncharts.apitest.Sample" name="checkthis" time="0.001"/>
  <testcase classname="com.fusioncharts.apitest.Sample" name="checkthis" time="0.001"/>
  <testcase classname="com.fusioncharts.apitest.Sample" name="checkthis" time="0.001"/>
  <testcase classname="com.fusioncharts.apitest.Sample" name="checkthis" time="0.001"/>
  <testcase classname="com.fusioncharts.apitest.Sample" name="checkthis" time="0.001"/>
  <testcase classname="com.fusioncharts.apitest.Sample" name="checkthis" time="0.002"/>
  <testcase classname="com.fusioncharts.apitest.Sample" name="checkthis" time="0.002"/>
  <testcase classname="com.fusioncharts.apitest.Sample" name="checkthis" time="0.004"/>
  <testcase classname="com.fusioncharts.apitest.Sample" name="checkthis" time="0.001"/>
  <testcase classname="com.fusioncharts.apitest.Sample" name="checkthis" time="0.000"/>
  <testcase classname="com.fusioncharts.apitest.Sample" name="checkthis" time="0.001"/>
  <testcase classname="com.fusioncharts.apitest.Sample" name="checkthis" time="0.001"/>
  <testcase classname="com.fusioncharts.apitest.Sample" name="checkthis" time="0.003"/>
  <testcase classname="com.fusioncharts.apitest.Sample" name="checkthis" time="0.002"/>
  <testcase classname="com.fusioncharts.apitest.Sample" name="checkthis" time="0.003"/>
  <testcase classname="com.fusioncharts.apitest.Sample" name="checkthis" time="0.001"/>
  <testcase classname="com.fusioncharts.apitest.Sample" name="checkthis" time="0.000"/>
  <testcase classname="com.fusioncharts.apitest.Sample" name="checkthis" time="0.001"/>
  <testcase classname="com.fusioncharts.apitest.Sample" name="checkthis" time="0.001"/>
  <testcase classname="com.fusioncharts.apitest.Sample" name="checkthis" time="0.002"/>
  <testcase classname="com.fusioncharts.apitest.Sample" name="checkthis" time="0.002"/>
  <testcase classname="com.fusioncharts.apitest.Sample" name="checkthis" time="0.000"/>
  <testcase classname="com.fusioncharts.apitest.Sample" name="checkthis" time="0.001"/>
  <testcase classname="com.fusioncharts.apitest.Sample" name="checkthis" time="0.001"/>
  <testcase classname="com.fusioncharts.apitest.Sample" name="checkthis" time="0.001"/>
  <testcase classname="com.fusioncharts.apitest.Sample" name="checkthis" time="0.001"/>
  <testcase classname="com.fusioncharts.apitest.Sample" name="checkthis" time="0.001"/>
  <testcase classname="com.fusioncharts.apitest.Sample" name="checkthis" time="0.001"/>
  <testcase classname="com.fusioncharts.apitest.Sample" name="checkthis" time="0.001"/>
  <testcase classname="com.fusioncharts.apitest.Sample" name="checkthis" time="0.001"/>
  <testcase classname="com.fusioncharts.apitest.Sample" name="checkthis" time="0.001"/>
  <testcase classname="com.fusioncharts.apitest.Sample" name="checkthis" time="0.001"/>
  <testcase classname="com.fusioncharts.apitest.Sample" name="checkthis" time="0.001"/>
  <testcase classname="com.fusioncharts.apitest.Sample" name="checkthis" time="0.001"/>
  <testcase classname="com.fusioncharts.apitest.Sample" name="checkthis" time="0.001"/>
  <testcase classname="com.fusioncharts.apitest.Sample" name="checkthis" time="0.001"/>
  <testcase classname="com.fusioncharts.apitest.Sample" name="checkthis" time="0.002"/>
  <testcase classname="com.fusioncharts.apitest.Sample" name="checkthis" time="0.001"/>
  <testcase classname="com.fusioncharts.apitest.Sample" name="checkthis" time="0.001"/>
  <testcase classname="com.fusioncharts.apitest.Sample" name="checkthis" time="0.001"/>
  <testcase classname="com.fusioncharts.apitest.Sample" name="checkthis" time="0.000"/>
  <testcase classname="com.fusioncharts.apitest.Sample" name="checkthis" time="0.001"/>
  <testcase classname="com.fusioncharts.apitest.Sample" name="checkthis" time="0.001"/>
  <testcase classname="com.fusioncharts.apitest.Sample" name="checkthis" time="0.001"/>
  <testcase classname="com.fusioncharts.apitest.Sample" name="checkthis" time="0.000"/>
  <testcase classname="com.fusioncharts.apitest.Sample" name="checkthis" time="0.001"/>
  <testcase classname="com.fusioncharts.apitest.Sample" name="checkthis" time="0.000"/>
  <testcase classname="com.fusioncharts.apitest.Sample" name="checkthis" time="0.000"/>
  <testcase classname="com.fusioncharts.apitest.Sample" name="checkthis" time="0.000"/>
  <testcase classname="com.fusioncharts.apitest.Sample" name="checkthis" time="0.001"/>
  <testcase classname="com.fusioncharts.apitest.Sample" name="checkthis" time="0.001"/>
  <testcase classname="com.fusioncharts.apitest.Sample" name="checkthis" time="0.001"/>
  <testcase classname="com.fusioncharts.apitest.Sample" name="checkthis" time="0.000"/>
  <testcase classname="com.fusioncharts.apitest.Sample" name="checkthis" time="0.001"/>
  <testcase classname="com.fusioncharts.apitest.Sample" name="checkthis" time="0.000"/>
  <testcase classname="com.fusioncharts.apitest.Sample" name="checkthis" time="0.001"/>
  <testcase classname="com.fusioncharts.apitest.Sample" name="checkthis" time="0.002"/>
  <testcase classname="com.fusioncharts.apitest.Sample" name="checkthis" time="0.001"/>
  <testcase classname="com.fusioncharts.apitest.Sample" name="checkthis" time="0.000"/>
  <testcase classname="com.fusioncharts.apitest.Sample" name="checkthis" time="0.002"/>
  <testcase classname="com.fusioncharts.apitest.Sample" name="checkthis" time="0.001"/>
  <testcase classname="com.fusioncharts.apitest.Sample" name="checkthis" time="0.001"/>
  <testcase classname="com.fusioncharts.apitest.Sample" name="checkthis" time="0.001"/>
  <testcase classname="com.fusioncharts.apitest.Sample" name="checkthis" time="0.002"/>
  <testcase classname="com.fusioncharts.apitest.Sample" name="checkthis" time="0.001"/>
  <testcase classname="com.fusioncharts.apitest.Sample" name="checkthis" time="0.001"/>
  <testcase classname="com.fusioncharts.apitest.Sample" name="checkthis" time="0.001"/>
  <testcase classname="com.fusioncharts.apitest.Sample" name="checkthis" time="0.001"/>
  <testcase classname="com.fusioncharts.apitest.Sample" name="checkthis" time="0.003"/>
  <testcase classname="com.fusioncharts.apitest.Sample" name="checkthis" time="0.003"/>
  <testcase classname="com.fusioncharts.apitest.Sample" name="checkthis" time="0.000"/>
  <testcase classname="com.fusioncharts.apitest.Sample" name="checkthis" time="0.000"/>
  <testcase classname="com.fusioncharts.apitest.Sample" name="checkthis" time="0.000"/>
  <testcase classname="com.fusioncharts.apitest.Sample" name="checkthis" time="0.001"/>
  <testcase classname="com.fusioncharts.apitest.Sample" name="checkthis" time="0.001"/>
  <testcase classname="com.fusioncharts.apitest.Sample" name="checkthis" time="0.001"/>
  <testcase classname="com.fusioncharts.apitest.Sample" name="checkthis" time="0.001"/>
  <testcase classname="com.fusioncharts.apitest.Sample" name="checkthis" time="0.011"/>
  <testcase classname="com.fusioncharts.apitest.Sample" name="checkthis" time="0.001"/>
  <testcase classname="com.fusioncharts.apitest.Sample" name="checkthis" time="0.003"/>
  <testcase classname="com.fusioncharts.apitest.Sample" name="checkthis" time="0.001"/>
  <testcase classname="com.fusioncharts.apitest.Sample" name="checkthis" time="0.000"/>
  <testcase classname="com.fusioncharts.apitest.Sample" name="checkthis" time="0.001"/>
  <testcase classname="com.fusioncharts.apitest.Sample" name="checkthis" time="0.001"/>
  <testcase classname="com.fusioncharts.apitest.Sample" name="checkthis" time="0.002"/>
  <testcase classname="com.fusioncharts.apitest.Sample" name="checkthis" time="0.001"/>
  <testcase classname="com.fusioncharts.apitest.Sample" name="checkthis" time="0.003"/>
  <testcase classname="com.fusioncharts.apitest.Sample" name="checkthis" time="0.000"/>
  <testcase classname="com.fusioncharts.apitest.Sample" name="checkthis" time="0.001"/>
  <testcase classname="com.fusioncharts.apitest.Sample" name="checkthis" time="0.001"/>
  <testcase classname="com.fusioncharts.apitest.Sample" name="checkthis" time="0.004"/>
  <testcase classname="com.fusioncharts.apitest.Sample" name="checkthis" time="0.001"/>
  <testcase classname="com.fusioncharts.apitest.Sample" name="checkthis" time="0.002"/>
  <testcase classname="com.fusioncharts.apitest.Sample" name="checkthis" time="0.000"/>
  <testcase classname="com.fusioncharts.apitest.Sample" name="checkthis" time="0.005"/>
  <testcase classname="com.fusioncharts.apitest.Sample" name="checkthis" time="0.001"/>
  <testcase classname="com.fusioncharts.apitest.Sample" name="checkthis" time="0.000"/>
  <testcase classname="com.fusioncharts.apitest.Sample" name="checkthis" time="0.001"/>
  <testcase classname="com.fusioncharts.apitest.Sample" name="checkthis" time="0.001"/>
  <testcase classname="com.fusioncharts.apitest.Sample" name="checkthis" time="0.001"/>
  <testcase classname="com.fusioncharts.apitest.Sample" name="checkthis" time="0.001"/>
  <testcase classname="com.fusioncharts.apitest.Sample" name="checkthis" time="0.001"/>
  <testcase classname="com.fusioncharts.apitest.Sample" name="checkthis" time="0.001"/>
  <testcase classname="com.fusioncharts.apitest.Sample" name="checkthis" time="0.001"/>
  <testcase classname="com.fusioncharts.apitest.Sample" name="checkthis" time="0.002"/>
  <testcase classname="com.fusioncharts.apitest.Sample" name="checkthis" time="0.005"/>
  <testcase classname="com.fusioncharts.apitest.Sample" name="checkthis" time="0.001"/>
  <testcase classname="com.fusioncharts.apitest.Sample" name="checkthis" time="0.002"/>
  <testcase classname="com.fusioncharts.apitest.Sample" name="checkthis" time="0.002"/>
  <testcase classname="com.fusioncharts.apitest.Sample" name="checkthis" time="0.001"/>
  <testcase classname="com.fusioncharts.apitest.Sample" name="checkthis" time="0.001"/>
  <testcase classname="com.fusioncharts.apitest.Sample" name="checkthis" time="0.001"/>
  <testcase classname="com.fusioncharts.apitest.Sample" name="checkthis" time="0.001"/>
  <testcase classname="com.fusioncharts.apitest.Sample" name="checkthis" time="0.000"/>
  <testcase classname="com.fusioncharts.apitest.Sample" name="checkthis" time="0.002"/>
  <testcase classname="com.fusioncharts.apitest.Sample" name="checkthis" time="0.000"/>
  <testcase classname="com.fusioncharts.apitest.Sample" name="checkthis" time="0.002"/>
  <testcase classname="com.fusioncharts.apitest.Sample" name="checkthis" time="0.001"/>
  <testcase classname="com.fusioncharts.apitest.Sample" name="checkthis" time="0.001"/>
  <testcase classname="com.fusioncharts.apitest.Sample" name="checkthis" time="0.001"/>
  <testcase classname="com.fusioncharts.apitest.Sample" name="checkthis" time="0.001"/>
  <testcase classname="com.fusioncharts.apitest.Sample" name="checkthis" time="0.001"/>
  <testcase classname="com.fusioncharts.apitest.Sample" name="checkthis" time="0.002"/>
  <testcase classname="com.fusioncharts.apitest.Sample" name="checkthis" time="0.001"/>
  <testcase classname="com.fusioncharts.apitest.Sample" name="checkthis" time="0.002"/>
  <testcase classname="com.fusioncharts.apitest.Sample" name="checkthis" time="0.001"/>
  <testcase classname="com.fusioncharts.apitest.Sample" name="checkthis" time="0.001"/>
  <testcase classname="com.fusioncharts.apitest.Sample" name="checkthis" time="0.002"/>
  <testcase classname="com.fusioncharts.apitest.Sample" name="checkthis" time="0.002"/>
  <testcase classname="com.fusioncharts.apitest.Sample" name="checkthis" time="0.007"/>
  <testcase classname="com.fusioncharts.apitest.Sample" name="checkthis" time="0.001"/>
  <testcase classname="com.fusioncharts.apitest.Sample" name="checkthis" time="0.001"/>
  <testcase classname="com.fusioncharts.apitest.Sample" name="checkthis" time="0.001"/>
  <testcase classname="com.fusioncharts.apitest.Sample" name="checkthis" time="0.000"/>
  <testcase classname="com.fusioncharts.apitest.Sample" name="checkthis" time="0.000"/>
  <testcase classname="com.fusioncharts.apitest.Sample" name="checkthis" time="0.005"/>
  <testcase classname="com.fusioncharts.apitest.Sample" name="checkthis" time="0.001"/>
  <testcase classname="com.fusioncharts.apitest.Sample" name="checkthis" time="0.001"/>
  <testcase classname="com.fusioncharts.apitest.Sample" name="checkthis" time="0.000"/>
  <testcase classname="com.fusioncharts.apitest.Sample" name="checkthis" time="0.001"/>
  <testcase classname="com.fusioncharts.apitest.Sample" name="checkthis" time="0.001"/>
  <testcase classname="com.fusioncharts.apitest.Sample" name="checkthis" time="0.000"/>
  <testcase classname="com.fusioncharts.apitest.Sample" name="checkthis" time="0.001"/>
  <testcase classname="com.fusioncharts.apitest.Sample" name="checkthis" time="0.001"/>
  <testcase classname="com.fusioncharts.apitest.Sample" name="checkthis" time="0.001"/>
  <testcase classname="com.fusioncharts.apitest.Sample" name="checkthis" time="0.002"/>
  <testcase classname="com.fusioncharts.apitest.Sample" name="checkthis" time="0.001"/>
  <testcase classname="com.fusioncharts.apitest.Sample" name="checkthis" time="0.001"/>
  <testcase classname="com.fusioncharts.apitest.Sample" name="checkthis" time="0.001"/>
  <testcase classname="com.fusioncharts.apitest.Sample" name="checkthis" time="0.000"/>
  <testcase classname="com.fusioncharts.apitest.Sample" name="checkthis" time="0.002"/>
  <testcase classname="com.fusioncharts.apitest.Sample" name="checkthis" time="0.001"/>
  <testcase classname="com.fusioncharts.apitest.Sample" name="checkthis" time="0.001"/>
  <testcase classname="com.fusioncharts.apitest.Sample" name="checkthis" time="0.001"/>
  <testcase classname="com.fusioncharts.apitest.Sample" name="checkthis" time="0.001"/>
  <testcase classname="com.fusioncharts.apitest.Sample" name="checkthis" time="0.002"/>
  <testcase classname="com.fusioncharts.apitest.Sample" name="checkthis" time="0.001"/>
  <testcase classname="com.fusioncharts.apitest.Sample" name="checkthis" time="0.001"/>
  <testcase classname="com.fusioncharts.apitest.Sample" name="checkthis" time="0.001"/>
  <testcase classname="com.fusioncharts.apitest.Sample" name="checkthis" time="0.001"/>
  <testcase classname="com.fusioncharts.apitest.Sample" name="checkthis" time="0.002"/>
  <testcase classname="com.fusioncharts.apitest.Sample" name="checkthis" time="0.001"/>
  <testcase classname="com.fusioncharts.apitest.Sample" name="checkthis" time="0.001"/>
  <testcase classname="com.fusioncharts.apitest.Sample" name="checkthis" time="0.004"/>
  <testcase classname="com.fusioncharts.apitest.Sample" name="checkthis" time="0.002"/>
  <testcase classname="com.fusioncharts.apitest.Sample" name="checkthis" time="0.003"/>
  <testcase classname="com.fusioncharts.apitest.Sample" name="checkthis" time="0.001"/>
  <testcase classname="com.fusioncharts.apitest.Sample" name="checkthis" time="0.001"/>
  <testcase classname="com.fusioncharts.apitest.Sample" name="checkthis" time="0.000"/>
  <testcase classname="com.fusioncharts.apitest.Sample" name="checkthis" time="0.001"/>
  <testcase classname="com.fusioncharts.apitest.Sample" name="checkthis" time="0.003"/>
  <testcase classname="com.fusioncharts.apitest.Sample" name="checkthis" time="0.001"/>
  <testcase classname="com.fusioncharts.apitest.Sample" name="checkthis" time="0.002"/>
  <testcase classname="com.fusioncharts.apitest.Sample" name="checkthis" time="0.001"/>
  <testcase classname="com.fusioncharts.apitest.Sample" name="checkthis" time="0.001"/>
  <testcase classname="com.fusioncharts.apitest.Sample" name="checkthis" time="0.001"/>
  <testcase classname="com.fusioncharts.apitest.Sample" name="checkthis" time="0.001"/>
  <testcase classname="com.fusioncharts.apitest.Sample" name="checkthis" time="0.001"/>
  <testcase classname="com.fusioncharts.apitest.Sample" name="checkthis" time="0.001"/>
  <testcase classname="com.fusioncharts.apitest.Sample" name="checkthis" time="0.001"/>
  <testcase classname="com.fusioncharts.apitest.Sample" name="checkthis" time="0.001"/>
  <testcase classname="com.fusioncharts.apitest.Sample" name="checkthis" time="0.002"/>
  <testcase classname="com.fusioncharts.apitest.Sample" name="checkthis" time="0.001"/>
  <testcase classname="com.fusioncharts.apitest.Sample" name="checkthis" time="0.001"/>
  <testcase classname="com.fusioncharts.apitest.Sample" name="checkthis" time="0.001"/>
  <testcase classname="com.fusioncharts.apitest.Sample" name="checkthis" time="0.001"/>
  <testcase classname="com.fusioncharts.apitest.Sample" name="checkthis" time="0.001"/>
  <testcase classname="com.fusioncharts.apitest.Sample" name="checkthis" time="0.001"/>
  <testcase classname="com.fusioncharts.apitest.Sample" name="checkthis" time="0.002"/>
  <testcase classname="com.fusioncharts.apitest.Sample" name="checkthis" time="0.001"/>
  <testcase classname="com.fusioncharts.apitest.Sample" name="checkthis" time="0.002"/>
  <testcase classname="com.fusioncharts.apitest.Sample" name="checkthis" time="0.001"/>
  <testcase classname="com.fusioncharts.apitest.Sample" name="checkthis" time="0.001"/>
  <testcase classname="com.fusioncharts.apitest.Sample" name="checkthis" time="0.001"/>
  <testcase classname="com.fusioncharts.apitest.Sample" name="checkthis" time="0.000"/>
  <testcase classname="com.fusioncharts.apitest.Sample" name="checkthis" time="0.009"/>
  <testcase classname="com.fusioncharts.apitest.Sample" name="checkthis" time="0.001"/>
  <testcase classname="com.fusioncharts.apitest.Sample" name="checkthis" time="0.001"/>
  <testcase classname="com.fusioncharts.apitest.Sample" name="checkthis" time="0.001"/>
  <testcase classname="com.fusioncharts.apitest.Sample" name="checkthis" time="0.002"/>
  <testcase classname="com.fusioncharts.apitest.Sample" name="checkthis" time="0.001"/>
  <testcase classname="com.fusioncharts.apitest.Sample" name="checkthis" time="0.001"/>
  <testcase classname="com.fusioncharts.apitest.Sample" name="checkthis" time="0.001"/>
  <testcase classname="com.fusioncharts.apitest.Sample" name="checkthis" time="0.001"/>
  <testcase classname="com.fusioncharts.apitest.Sample" name="checkthis" time="0.001"/>
  <testcase classname="com.fusioncharts.apitest.Sample" name="checkthis" time="0.001"/>
  <testcase classname="com.fusioncharts.apitest.Sample" name="checkthis" time="0.001"/>
  <testcase classname="com.fusioncharts.apitest.Sample" name="checkthis" time="0.001"/>
  <testcase classname="com.fusioncharts.apitest.Sample" name="checkthis" time="0.001"/>
  <testcase classname="com.fusioncharts.apitest.Sample" name="checkthis" time="0.002"/>
  <testcase classname="com.fusioncharts.apitest.Sample" name="checkthis" time="0.002"/>
  <testcase classname="com.fusioncharts.apitest.Sample" name="checkthis" time="0.001"/>
  <testcase classname="com.fusioncharts.apitest.Sample" name="checkthis" time="0.000"/>
  <testcase classname="com.fusioncharts.apitest.Sample" name="checkthis" time="0.000"/>
  <testcase classname="com.fusioncharts.apitest.Sample" name="checkthis" time="0.008"/>
  <testcase classname="com.fusioncharts.apitest.Sample" name="checkthis" time="0.000"/>
  <testcase classname="com.fusioncharts.apitest.Sample" name="checkthis" time="0.004"/>
  <testcase classname="com.fusioncharts.apitest.Sample" name="checkthis" time="0.000"/>
  <testcase classname="com.fusioncharts.apitest.Sample" name="checkthis" time="0.001"/>
  <testcase classname="com.fusioncharts.apitest.Sample" name="checkthis" time="0.001"/>
  <testcase classname="com.fusioncharts.apitest.Sample" name="checkthis" time="0.001"/>
  <testcase classname="com.fusioncharts.apitest.Sample" name="checkthis" time="0.002"/>
  <testcase classname="com.fusioncharts.apitest.Sample" name="checkthis" time="0.001"/>
  <testcase classname="com.fusioncharts.apitest.Sample" name="checkthis" time="0.002"/>
  <testcase classname="com.fusioncharts.apitest.Sample" name="checkthis" time="0.001"/>
  <testcase classname="com.fusioncharts.apitest.Sample" name="checkthis" time="0.001"/>
  <testcase classname="com.fusioncharts.apitest.Sample" name="checkthis" time="0.001"/>
  <testcase classname="com.fusioncharts.apitest.Sample" name="checkthis" time="0.001"/>
  <testcase classname="com.fusioncharts.apitest.Sample" name="checkthis" time="0.004"/>
  <testcase classname="com.fusioncharts.apitest.Sample" name="checkthis" time="0.001"/>
  <testcase classname="com.fusioncharts.apitest.Sample" name="checkthis" time="0.003"/>
  <testcase classname="com.fusioncharts.apitest.Sample" name="checkthis" time="0.000"/>
  <testcase classname="com.fusioncharts.apitest.Sample" name="checkthis" time="0.001"/>
  <testcase classname="com.fusioncharts.apitest.Sample" name="checkthis" time="0.001"/>
  <testcase classname="com.fusioncharts.apitest.Sample" name="checkthis" time="0.001"/>
  <testcase classname="com.fusioncharts.apitest.Sample" name="checkthis" time="0.003"/>
  <testcase classname="com.fusioncharts.apitest.Sample" name="checkthis" time="0.001"/>
  <testcase classname="com.fusioncharts.apitest.Sample" name="checkthis" time="0.001"/>
  <testcase classname="com.fusioncharts.apitest.Sample" name="checkthis" time="0.000"/>
  <testcase classname="com.fusioncharts.apitest.Sample" name="checkthis" time="0.000"/>
  <testcase classname="com.fusioncharts.apitest.Sample" name="checkthis" time="0.001"/>
  <testcase classname="com.fusioncharts.apitest.Sample" name="checkthis" time="0.001"/>
  <testcase classname="com.fusioncharts.apitest.Sample" name="checkthis" time="0.000"/>
  <testcase classname="com.fusioncharts.apitest.Sample" name="checkthis" time="0.001"/>
  <testcase classname="com.fusioncharts.apitest.Sample" name="checkthis" time="0.001"/>
  <testcase classname="com.fusioncharts.apitest.Sample" name="checkthis" time="0.001"/>
  <testcase classname="com.fusioncharts.apitest.Sample" name="checkthis" time="0.000"/>
  <testcase classname="com.fusioncharts.apitest.Sample" name="checkthis" time="0.002"/>
  <testcase classname="com.fusioncharts.apitest.Sample" name="checkthis" time="0.001"/>
  <testcase classname="com.fusioncharts.apitest.Sample" name="checkthis" time="0.000"/>
  <testcase classname="com.fusioncharts.apitest.Sample" name="checkthis" time="0.001"/>
  <testcase classname="com.fusioncharts.apitest.Sample" name="checkthis" time="0.001"/>
  <testcase classname="com.fusioncharts.apitest.Sample" name="checkthis" time="0.001"/>
  <testcase classname="com.fusioncharts.apitest.Sample" name="checkthis" time="0.001"/>
  <testcase classname="com.fusioncharts.apitest.Sample" name="checkthis" time="0.003"/>
  <testcase classname="com.fusioncharts.apitest.Sample" name="checkthis" time="0.001"/>
  <testcase classname="com.fusioncharts.apitest.Sample" name="checkthis" time="0.001"/>
  <testcase classname="com.fusioncharts.apitest.Sample" name="checkthis" time="0.002"/>
  <testcase classname="com.fusioncharts.apitest.Sample" name="checkthis" time="0.002"/>
  <testcase classname="com.fusioncharts.apitest.Sample" name="checkthis" time="0.001"/>
  <testcase classname="com.fusioncharts.apitest.Sample" name="checkthis" time="0.001"/>
  <testcase classname="com.fusioncharts.apitest.Sample" name="checkthis" time="0.002"/>
  <testcase classname="com.fusioncharts.apitest.Sample" name="checkthis" time="0.001"/>
  <testcase classname="com.fusioncharts.apitest.Sample" name="checkthis" time="0.001"/>
  <testcase classname="com.fusioncharts.apitest.Sample" name="checkthis" time="0.001"/>
  <testcase classname="com.fusioncharts.apitest.Sample" name="checkthis" time="0.000"/>
  <testcase classname="com.fusioncharts.apitest.Sample" name="checkthis" time="0.001"/>
  <testcase classname="com.fusioncharts.apitest.Sample" name="checkthis" time="0.001"/>
  <testcase classname="com.fusioncharts.apitest.Sample" name="checkthis" time="0.000"/>
  <testcase classname="com.fusioncharts.apitest.Sample" name="checkthis" time="0.003"/>
  <testcase classname="com.fusioncharts.apitest.Sample" name="checkthis" time="0.001"/>
  <testcase classname="com.fusioncharts.apitest.Sample" name="checkthis" time="0.001"/>
  <testcase classname="com.fusioncharts.apitest.Sample" name="checkthis" time="0.001"/>
  <testcase classname="com.fusioncharts.apitest.Sample" name="checkthis" time="0.006"/>
  <testcase classname="com.fusioncharts.apitest.Sample" name="checkthis" time="0.001"/>
  <testcase classname="com.fusioncharts.apitest.Sample" name="checkthis" time="0.002"/>
  <testcase classname="com.fusioncharts.apitest.Sample" name="checkthis" time="0.000"/>
  <testcase classname="com.fusioncharts.apitest.Sample" name="checkthis" time="0.001"/>
  <testcase classname="com.fusioncharts.apitest.Sample" name="checkthis" time="0.001"/>
  <testcase classname="com.fusioncharts.apitest.Sample" name="checkthis" time="0.001"/>
  <testcase classname="com.fusioncharts.apitest.Sample" name="checkthis" time="0.003"/>
  <testcase classname="com.fusioncharts.apitest.Sample" name="checkthis" time="0.001"/>
  <testcase classname="com.fusioncharts.apitest.Sample" name="checkthis" time="0.001"/>
  <testcase classname="com.fusioncharts.apitest.Sample" name="checkthis" time="0.006"/>
  <testcase classname="com.fusioncharts.apitest.Sample" name="checkthis" time="0.000"/>
  <testcase classname="com.fusioncharts.apitest.Sample" name="checkthis" time="0.001"/>
  <testcase classname="com.fusioncharts.apitest.Sample" name="checkthis" time="0.001"/>
  <testcase classname="com.fusioncharts.apitest.Sample" name="checkthis" time="0.006"/>
  <testcase classname="com.fusioncharts.apitest.Sample" name="checkthis" time="0.011"/>
  <testcase classname="com.fusioncharts.apitest.Sample" name="checkthis" time="0.001"/>
  <testcase classname="com.fusioncharts.apitest.Sample" name="checkthis" time="0.001"/>
  <testcase classname="com.fusioncharts.apitest.Sample" name="checkthis" time="0.001"/>
  <testcase classname="com.fusioncharts.apitest.Sample" name="checkthis" time="0.000"/>
  <testcase classname="com.fusioncharts.apitest.Sample" name="checkthis" time="0.001"/>
  <testcase classname="com.fusioncharts.apitest.Sample" name="checkthis" time="0.000"/>
  <testcase classname="com.fusioncharts.apitest.Sample" name="checkthis" time="0.002"/>
  <testcase classname="com.fusioncharts.apitest.Sample" name="checkthis" time="0.002"/>
  <testcase classname="com.fusioncharts.apitest.Sample" name="checkthis" time="0.001"/>
  <testcase classname="com.fusioncharts.apitest.Sample" name="checkthis" time="0.003"/>
  <testcase classname="com.fusioncharts.apitest.Sample" name="checkthis" time="0.000"/>
  <testcase classname="com.fusioncharts.apitest.Sample" name="checkthis" time="0.001"/>
  <testcase classname="com.fusioncharts.apitest.Sample" name="checkthis" time="0.001"/>
  <testcase classname="com.fusioncharts.apitest.Sample" name="checkthis" time="0.000"/>
  <testcase classname="com.fusioncharts.apitest.Sample" name="checkthis" time="0.001"/>
  <testcase classname="com.fusioncharts.apitest.Sample" name="checkthis" time="0.004"/>
  <testcase classname="com.fusioncharts.apitest.Sample" name="checkthis" time="0.001"/>
  <testcase classname="com.fusioncharts.apitest.Sample" name="checkthis" time="0.001"/>
  <testcase classname="com.fusioncharts.apitest.Sample" name="checkthis" time="0.001"/>
  <testcase classname="com.fusioncharts.apitest.Sample" name="checkthis" time="0.000"/>
  <testcase classname="com.fusioncharts.apitest.Sample" name="checkthis" time="0.001"/>
  <testcase classname="com.fusioncharts.apitest.Sample" name="checkthis" time="0.001"/>
  <testcase classname="com.fusioncharts.apitest.Sample" name="checkthis" time="0.001"/>
  <testcase classname="com.fusioncharts.apitest.Sample" name="checkthis" time="0.002"/>
  <testcase classname="com.fusioncharts.apitest.Sample" name="checkthis" time="0.003"/>
  <testcase classname="com.fusioncharts.apitest.Sample" name="checkthis" time="0.001"/>
  <testcase classname="com.fusioncharts.apitest.Sample" name="checkthis" time="0.000"/>
  <testcase classname="com.fusioncharts.apitest.Sample" name="checkthis" time="0.001"/>
</testsuite> <!-- com.fusioncharts.apitest.Sample -->
