<?xml version="1.0" encoding="UTF-8"?>
<!-- Generated by org.testng.reporters.JUnitReportReporter -->
<testsuite skipped="0" hostname="LPMB-Kol-Saurav.local" name="com.fusioncharts.apitest.SetData" tests="3" failures="0" timestamp="01 Aug 2019 14:08:59 GMT" time="8.100" errors="0">
  <testcase name="verifyAPIExistsInDataSheetAddEventListener" time="0.000" classname="com.fusioncharts.apitest.SetData"/>
  <testcase name="verifyChartIsRenderedAddEventListener" time="0.287" classname="com.fusioncharts.apitest.SetData"/>
  <testcase name="verifyAPIAddEventListener" time="7.813" classname="com.fusioncharts.apitest.SetData"/>
</testsuite> <!-- com.fusioncharts.apitest.SetData -->
