<?xml version="1.0" encoding="UTF-8"?>
<!-- Generated by org.testng.reporters.JUnitReportReporter -->
<testsuite skipped="0" hostname="LPMB-KOl-Sahelee.local" name="com.fusioncharts.apitest.FeedData" tests="3" failures="0" timestamp="02 Aug 2019 13:05:19 GMT" time="5.709" errors="0">
  <testcase name="verifyAPIExistsInDataSheetFeedData" time="0.001" classname="com.fusioncharts.apitest.FeedData"/>
  <testcase name="verifyChartIsRenderedFeedData" time="0.491" classname="com.fusioncharts.apitest.FeedData"/>
  <testcase name="verifyAPIFeedData" time="5.217" classname="com.fusioncharts.apitest.FeedData"/>
</testsuite> <!-- com.fusioncharts.apitest.FeedData -->
