<?xml version="1.0" encoding="UTF-8"?>
<!-- Generated by org.testng.reporters.JUnitReportReporter -->
<testsuite skipped="0" hostname="LPMB-Kol-Saurav.local" name="com.fusioncharts.apitest.RemoveEventListener" tests="3" failures="0" timestamp="29 Jul 2019 13:00:33 GMT" time="7.992" errors="0">
  <testcase name="verifyAPIExistsInDataSheetFormatNumber" time="0.006" classname="com.fusioncharts.apitest.RemoveEventListener"/>
  <testcase name="verifyChartIsRenderedFormatNumber" time="0.438" classname="com.fusioncharts.apitest.RemoveEventListener"/>
  <testcase name="verifyAPIChartTypeFormatNumber" time="7.548" classname="com.fusioncharts.apitest.RemoveEventListener"/>
</testsuite> <!-- com.fusioncharts.apitest.RemoveEventListener -->
