<?xml version="1.0" encoding="UTF-8"?>
<!-- Generated by org.testng.reporters.JUnitReportReporter -->
<testsuite skipped="0" hostname="LPMB-KOl-Sahelee.local" name="com.fusioncharts.apitest.GetViewStartIndex_EndIndex_ResetChart" tests="3" failures="0" timestamp="02 Aug 2019 07:46:02 GMT" time="10.897" errors="0">
  <testcase name="verifyAPIExistsInDataSheetGetViewStartIndex_EndIndex_ResetChart" time="0.008" classname="com.fusioncharts.apitest.GetViewStartIndex_EndIndex_ResetChart"/>
  <testcase name="verifyChartIsRenderedGetViewStartIndex_EndIndex_ResetChart" time="0.446" classname="com.fusioncharts.apitest.GetViewStartIndex_EndIndex_ResetChart"/>
  <testcase name="verifyAPIGetViewStartIndex_EndIndex_ResetChart" time="10.443" classname="com.fusioncharts.apitest.GetViewStartIndex_EndIndex_ResetChart"/>
</testsuite> <!-- com.fusioncharts.apitest.GetViewStartIndex_EndIndex_ResetChart -->
