<?xml version="1.0" encoding="UTF-8"?>
<!-- Generated by org.testng.reporters.JUnitReportReporter -->
<testsuite hostname="Souviks-MacBook-Pro.local" failures="0" tests="3" name="com.fusioncharts.apitest.CenterLabel" time="2.972" errors="0" timestamp="2019-11-29T18:39:25 IST" skipped="0">
  <testcase classname="com.fusioncharts.apitest.CenterLabel" name="verifyAPIExistsInDataSheetCenterLabel" time="0.022"/>
  <testcase classname="com.fusioncharts.apitest.CenterLabel" name="verifyChartIsRenderedCenterLabel" time="0.398"/>
  <testcase classname="com.fusioncharts.apitest.CenterLabel" name="verifyAPICenterLabel" time="2.552"/>
</testsuite> <!-- com.fusioncharts.apitest.CenterLabel -->
