<?xml version="1.0" encoding="UTF-8"?>
<!-- Generated by org.testng.reporters.JUnitReportReporter -->
<testsuite hostname="Souviks-MacBook-Pro.local" failures="0" tests="3" name="com.fusioncharts.apitest.RealTimeAPIs" time="60.094" errors="0" timestamp="2020-02-25T15:47:09 IST" skipped="0">
  <testcase classname="com.fusioncharts.apitest.RealTimeAPIs" name="verifyAPIExistsInDataSheetRealTimeAPIs" time="0.002"/>
  <testcase classname="com.fusioncharts.apitest.RealTimeAPIs" name="verifyChartIsRenderedRealTimeAPIs" time="0.628"/>
  <testcase classname="com.fusioncharts.apitest.RealTimeAPIs" name="verifyAPIRealTimeAPIs" time="59.464"/>
</testsuite> <!-- com.fusioncharts.apitest.RealTimeAPIs -->
