<?xml version="1.0" encoding="UTF-8"?>
<!-- Generated by org.testng.reporters.JUnitReportReporter -->
<testsuite hostname="Souviks-MacBook-Pro.local" failures="0" tests="3" name="com.fusioncharts.apitest.StartingAngle" time="15.374" errors="0" timestamp="2019-11-29T16:48:04 IST" skipped="0">
  <testcase classname="com.fusioncharts.apitest.StartingAngle" name="verifyAPIExistsInDataSheetStartingAngle" time="0.001"/>
  <testcase classname="com.fusioncharts.apitest.StartingAngle" name="verifyChartIsRenderedStartingAngle" time="2.400"/>
  <testcase classname="com.fusioncharts.apitest.StartingAngle" name="verifyAPIStartingAngle" time="12.973"/>
</testsuite> <!-- com.fusioncharts.apitest.StartingAngle -->
