<?xml version="1.0" encoding="UTF-8"?>
<!-- Generated by org.testng.reporters.JUnitReportReporter -->
<testsuite skipped="0" hostname="LPMB-Kol-Saurav.local" name="com.fusioncharts.apitest.GetDataAsCSV" tests="3" failures="0" timestamp="06 Aug 2019 11:41:06 GMT" time="3.442" errors="0">
  <testcase name="verifyAPIExistsInDataSheetGetDataAsCSV" time="0.006" classname="com.fusioncharts.apitest.GetDataAsCSV"/>
  <testcase name="verifyChartIsRenderedGetDataAsCSV" time="0.533" classname="com.fusioncharts.apitest.GetDataAsCSV"/>
  <testcase name="verifyAPIGetDataAsCSV" time="2.903" classname="com.fusioncharts.apitest.GetDataAsCSV"/>
</testsuite> <!-- com.fusioncharts.apitest.GetDataAsCSV -->
