<?xml version="1.0" encoding="UTF-8"?>
<!-- Generated by org.testng.reporters.JUnitReportReporter -->
<testsuite skipped="0" hostname="LPMB-Kol-Saurav.local" name="com.fusioncharts.apitest.AddEventListener" tests="3" failures="0" timestamp="22 Jul 2019 11:52:57 GMT" time="3.022" errors="0">
  <testcase name="verifyAPIExistsInDataSheetAddEventListener" time="0.001" classname="com.fusioncharts.apitest.AddEventListener"/>
  <testcase name="verifyChartIsRenderedAddEventListener" time="0.782" classname="com.fusioncharts.apitest.AddEventListener"/>
  <testcase name="verifyAPIAddEventListener" time="2.239" classname="com.fusioncharts.apitest.AddEventListener"/>
</testsuite> <!-- com.fusioncharts.apitest.AddEventListener -->
