<?xml version="1.0" encoding="UTF-8"?>
<!-- Generated by org.testng.reporters.JUnitReportReporter -->
<testsuite skipped="0" hostname="LPMB-Kol-Saurav.local" name="com.fusioncharts.apitest.SetXMLUrl" tests="3" failures="0" timestamp="02 Aug 2019 13:47:03 GMT" time="4.599" errors="0">
  <testcase name="verifyAPIExistsInDataSheetSetXMLUrl" time="0.001" classname="com.fusioncharts.apitest.SetXMLUrl"/>
  <testcase name="verifyChartIsRenderedSetXMLUrl" time="0.331" classname="com.fusioncharts.apitest.SetXMLUrl"/>
  <testcase name="verifyAPISetXMLUrl" time="4.267" classname="com.fusioncharts.apitest.SetXMLUrl"/>
</testsuite> <!-- com.fusioncharts.apitest.SetXMLUrl -->
