<?xml version="1.0" encoding="UTF-8"?>
<!-- Generated by org.testng.reporters.JUnitReportReporter -->
<testsuite skipped="0" hostname="LPMB-KOl-Sahelee.local" name="com.fusioncharts.apitest.IsPlotItemSliced_slicePlotItem" tests="3" failures="0" timestamp="29 Jul 2019 13:46:10 GMT" time="3.756" errors="0">
  <testcase name="verifyAPIExistsInDataSheetAddEventListener" time="0.007" classname="com.fusioncharts.apitest.IsPlotItemSliced_slicePlotItem"/>
  <testcase name="verifyChartIsRenderedAddEventListener" time="0.347" classname="com.fusioncharts.apitest.IsPlotItemSliced_slicePlotItem"/>
  <testcase name="verifyAPIAddEventListener" time="3.402" classname="com.fusioncharts.apitest.IsPlotItemSliced_slicePlotItem"/>
</testsuite> <!-- com.fusioncharts.apitest.IsPlotItemSliced_slicePlotItem -->
