<?xml version="1.0" encoding="UTF-8"?>
<!-- Generated by org.testng.reporters.JUnitReportReporter -->
<<<<<<< HEAD
<testsuite skipped="0" hostname="LPMB-KOl-Sahelee.local" name="com.fusioncharts.apitest.SetJSONData" tests="3" failures="0" timestamp="08 Aug 2019 11:00:53 GMT" time="5.950" errors="0">
  <testcase name="verifyAPIExistsInDataSheetSetJSONData" time="0.001" classname="com.fusioncharts.apitest.SetJSONData"/>
  <testcase name="verifyChartIsRenderedSetJSONData" time="2.534" classname="com.fusioncharts.apitest.SetJSONData"/>
  <testcase name="verifyAPISetJSONData" time="3.415" classname="com.fusioncharts.apitest.SetJSONData"/>
=======
<testsuite skipped="0" hostname="LPMB-Kol-Saurav.local" name="com.fusioncharts.apitest.SetJSONData" tests="3" failures="0" timestamp="08 Aug 2019 11:59:00 GMT" time="5.802" errors="0">
  <testcase name="verifyAPIExistsInDataSheetSetJSONData" time="0.001" classname="com.fusioncharts.apitest.SetJSONData"/>
  <testcase name="verifyChartIsRenderedSetJSONData" time="2.426" classname="com.fusioncharts.apitest.SetJSONData"/>
  <testcase name="verifyAPISetJSONData" time="3.375" classname="com.fusioncharts.apitest.SetJSONData"/>
>>>>>>> 34API
</testsuite> <!-- com.fusioncharts.apitest.SetJSONData -->
