<?xml version="1.0" encoding="UTF-8"?>
<!-- Generated by org.testng.reporters.JUnitReportReporter -->
<testsuite skipped="0" hostname="LPMB-Kol-Saurav.local" name="com.fusioncharts.apitest.GetChartData" tests="3" failures="0" timestamp="24 Sep 2019 12:53:05 GMT" time="3.346" errors="0">
  <testcase name="verifyAPIExistsInDataSheetGetChartData" time="0.001" classname="com.fusioncharts.apitest.GetChartData"/>
  <testcase name="verifyChartIsRenderedGetChartData" time="0.692" classname="com.fusioncharts.apitest.GetChartData"/>
  <testcase name="verifyAPIGetChartData" time="2.653" classname="com.fusioncharts.apitest.GetChartData"/>
</testsuite> <!-- com.fusioncharts.apitest.GetChartData -->
