<?xml version="1.0" encoding="UTF-8"?>
<!-- Generated by org.testng.reporters.JUnitReportReporter -->
<testsuite hostname="Souviks-MacBook-Pro.local" failures="0" tests="3" name="com.fusioncharts.apitest.GetDataWithId" time="31.278" errors="0" timestamp="2020-02-25T15:47:09 IST" skipped="0">
  <testcase classname="com.fusioncharts.apitest.GetDataWithId" name="verifyAPIExistsInDataSheetGetDataWithId" time="0.008"/>
  <testcase classname="com.fusioncharts.apitest.GetDataWithId" name="verifyChartIsRenderedGetDataWithId" time="0.456"/>
  <testcase classname="com.fusioncharts.apitest.GetDataWithId" name="verifyAPIGetDataWithId" time="30.814"/>
</testsuite> <!-- com.fusioncharts.apitest.GetDataWithId -->
