<?xml version="1.0" encoding="UTF-8"?>
<!-- Generated by org.testng.reporters.JUnitReportReporter -->
<testsuite hostname="Souviks-MacBook-Pro.local" failures="0" tests="3" name="com.fusioncharts.apitest.AddEventListener" time="4.562" errors="0" timestamp="2020-07-03T19:23:34 IST" skipped="0">
  <testcase classname="com.fusioncharts.apitest.AddEventListener" name="verifyAPIExistsInDataSheetAddEventListener" time="0.013"/>
  <testcase classname="com.fusioncharts.apitest.AddEventListener" name="verifyChartIsRenderedAddEventListener" time="0.251"/>
  <testcase classname="com.fusioncharts.apitest.AddEventListener" name="verifyAPIAddEventListener" time="4.298"/>
</testsuite> <!-- com.fusioncharts.apitest.AddEventListener -->
