<?xml version="1.0" encoding="UTF-8"?>
<!-- Generated by org.testng.reporters.JUnitReportReporter -->
<testsuite skipped="0" hostname="LPMB-KOl-Sahelee.local" name="com.fusioncharts.apitest.LockResize_ResizeTo" tests="3" failures="0" timestamp="08 Aug 2019 11:00:53 GMT" time="7.548" errors="0">
  <testcase name="verifyAPIExistsInDataSheetLockResize_ResizeTo" time="0.001" classname="com.fusioncharts.apitest.LockResize_ResizeTo"/>
  <testcase name="verifyChartIsRenderedLockResize_ResizeTo" time="1.500" classname="com.fusioncharts.apitest.LockResize_ResizeTo"/>
  <testcase name="verifyAPILockResize_ResizeTo" time="6.047" classname="com.fusioncharts.apitest.LockResize_ResizeTo"/>
</testsuite> <!-- com.fusioncharts.apitest.LockResize_ResizeTo -->
