<?xml version="1.0" encoding="UTF-8"?>
<!-- Generated by org.testng.reporters.JUnitReportReporter -->
<testsuite skipped="0" hostname="LPMB-Kol-Saurav.local" name="com.fusioncharts.apitest.FormatNumber" tests="3" failures="0" timestamp="02 Aug 2019 13:47:03 GMT" time="1.671" errors="0">
  <testcase name="verifyAPIExistsInDataSheetFormatNumber" time="0.001" classname="com.fusioncharts.apitest.FormatNumber"/>
  <testcase name="verifyChartIsRenderedFormatNumber" time="0.378" classname="com.fusioncharts.apitest.FormatNumber"/>
  <testcase name="verifyAPIChartTypeFormatNumber" time="1.292" classname="com.fusioncharts.apitest.FormatNumber"/>
</testsuite> <!-- com.fusioncharts.apitest.FormatNumber -->
