<?xml version="1.0" encoding="UTF-8"?>
<!-- Generated by org.testng.reporters.JUnitReportReporter -->
<testsuite skipped="0" hostname="LPMB-Kol-Saurav.local" name="com.fusioncharts.apitest.RealTimeAPIs" tests="3" failures="0" timestamp="20 Aug 2019 15:46:43 GMT" time="45.575" errors="0">
  <testcase name="verifyAPIExistsInDataSheetLockResize_ResizeTo" time="0.007" classname="com.fusioncharts.apitest.RealTimeAPIs"/>
  <testcase name="verifyChartIsRenderedLockResize_ResizeTo" time="0.663" classname="com.fusioncharts.apitest.RealTimeAPIs"/>
  <testcase name="verifyAPILockResize_ResizeTo" time="44.905" classname="com.fusioncharts.apitest.RealTimeAPIs"/>
</testsuite> <!-- com.fusioncharts.apitest.RealTimeAPIs -->
