<?xml version="1.0" encoding="UTF-8"?>
<!-- Generated by org.testng.reporters.JUnitReportReporter -->
<testsuite skipped="0" hostname="LPMB-KOl-Sahelee.local" name="com.fusioncharts.apitest.IsPlotItemSliced" tests="3" failures="0" timestamp="29 Jul 2019 13:21:13 GMT" time="2.432" errors="0">
  <testcase name="verifyAPIExistsInDataSheetAddEventListener" time="0.015" classname="com.fusioncharts.apitest.IsPlotItemSliced"/>
  <testcase name="verifyChartIsRenderedAddEventListener" time="0.595" classname="com.fusioncharts.apitest.IsPlotItemSliced"/>
  <testcase name="verifyAPIAddEventListener" time="1.822" classname="com.fusioncharts.apitest.IsPlotItemSliced"/>
</testsuite> <!-- com.fusioncharts.apitest.IsPlotItemSliced -->
