<?xml version="1.0" encoding="UTF-8"?>
<!-- Generated by org.testng.reporters.JUnitReportReporter -->
<testsuite skipped="0" hostname="LPMB-KOl-Sahelee.local" name="com.fusioncharts.apitest.ConfigureLink" tests="3" failures="0" timestamp="06 Aug 2019 07:57:47 GMT" time="7.510" errors="0">
  <testcase name="verifyAPIExistsInDataSheetConfigureLink" time="0.007" classname="com.fusioncharts.apitest.ConfigureLink"/>
  <testcase name="verifyChartIsRenderedConfigureLink" time="0.234" classname="com.fusioncharts.apitest.ConfigureLink"/>
  <testcase name="verifyAPIConfigureLink" time="7.269" classname="com.fusioncharts.apitest.ConfigureLink"/>
</testsuite> <!-- com.fusioncharts.apitest.ConfigureLink -->
