<?xml version="1.0" encoding="UTF-8"?>
<!-- Generated by org.testng.reporters.JUnitReportReporter -->
<testsuite skipped="0" hostname="LPMB-KOl-Sahelee.local" name="com.fusioncharts.apitest.ShowChartMessage" tests="3" failures="0" timestamp="08 Aug 2019 10:32:56 GMT" time="9.791" errors="0">
  <testcase name="verifyAPIExistsInDataSheetShowChartMessage" time="0.007" classname="com.fusioncharts.apitest.ShowChartMessage"/>
  <testcase name="verifyChartIsRenderedShowChartMessage" time="2.264" classname="com.fusioncharts.apitest.ShowChartMessage"/>
  <testcase name="verifyAPIShowChartMessage" time="7.520" classname="com.fusioncharts.apitest.ShowChartMessage"/>
</testsuite> <!-- com.fusioncharts.apitest.ShowChartMessage -->
