<?xml version="1.0" encoding="UTF-8"?>
<!-- Generated by org.testng.reporters.JUnitReportReporter -->
<<<<<<< HEAD
=======
<<<<<<< HEAD
<testsuite skipped="0" hostname="LPMB-KOl-Sahelee.local" name="com.fusioncharts.apitest.RemoveEventListener" tests="3" failures="0" timestamp="05 Aug 2019 07:43:10 GMT" time="6.335" errors="0">
  <testcase name="verifyAPIExistsInDataSheetRemoveEventListener" time="0.001" classname="com.fusioncharts.apitest.RemoveEventListener"/>
  <testcase name="verifyChartIsRenderedRemoveEventListener" time="0.375" classname="com.fusioncharts.apitest.RemoveEventListener"/>
  <testcase name="verifyAPIRemoveEventListener" time="5.959" classname="com.fusioncharts.apitest.RemoveEventListener"/>
=======
>>>>>>> mergebranch
<testsuite skipped="0" hostname="LPMB-Kol-Saurav.local" name="com.fusioncharts.apitest.RemoveEventListener" tests="3" failures="0" timestamp="05 Aug 2019 12:26:00 GMT" time="7.440" errors="0">
  <testcase name="verifyAPIExistsInDataSheetRemoveEventListener" time="0.005" classname="com.fusioncharts.apitest.RemoveEventListener"/>
  <testcase name="verifyChartIsRenderedRemoveEventListener" time="0.440" classname="com.fusioncharts.apitest.RemoveEventListener"/>
  <testcase name="verifyAPIRemoveEventListener" time="6.995" classname="com.fusioncharts.apitest.RemoveEventListener"/>
<<<<<<< HEAD
=======
>>>>>>> 40+ APIs completed and zoomline in progress
>>>>>>> mergebranch
</testsuite> <!-- com.fusioncharts.apitest.RemoveEventListener -->
