<?xml version="1.0" encoding="UTF-8"?>
<!-- Generated by org.testng.reporters.JUnitReportReporter -->
<testsuite hostname="Souviks-MacBook-Pro.local" failures="0" tests="3" name="com.fusioncharts.apitest.GetDataWithId" time="30.395" errors="0" timestamp="2019-11-29T18:39:25 IST" skipped="0">
  <testcase classname="com.fusioncharts.apitest.GetDataWithId" name="verifyAPIExistsInDataSheetGetDataWithId" time="0.032"/>
  <testcase classname="com.fusioncharts.apitest.GetDataWithId" name="verifyChartIsRenderedGetDataWithId" time="0.334"/>
  <testcase classname="com.fusioncharts.apitest.GetDataWithId" name="verifyAPIGetDataWithId" time="30.029"/>
</testsuite> <!-- com.fusioncharts.apitest.GetDataWithId -->
