<?xml version="1.0" encoding="UTF-8"?>
<!-- Generated by org.testng.reporters.JUnitReportReporter -->
<testsuite hostname="Souviks-MacBook-Pro.local" failures="0" tests="3" name="com.fusioncharts.apitest.GetData" time="0.692" errors="0" timestamp="2019-11-29T18:39:25 IST" skipped="0">
  <testcase classname="com.fusioncharts.apitest.GetData" name="verifyAPIExistsInDataSheetGetData" time="0.040"/>
  <testcase classname="com.fusioncharts.apitest.GetData" name="verifyChartIsRenderedGetData" time="0.540"/>
  <testcase classname="com.fusioncharts.apitest.GetData" name="verifyAPIGetData" time="0.112"/>
</testsuite> <!-- com.fusioncharts.apitest.GetData -->
