<?xml version="1.0" encoding="UTF-8"?>
<!-- Generated by org.testng.reporters.JUnitReportReporter -->
<testsuite skipped="0" hostname="LPMB-KOl-Sahelee.local" name="com.fusioncharts.apitest.RealTimeAPIs" tests="3" failures="0" timestamp="29 Aug 2019 07:58:48 GMT" time="46.211" errors="0">
  <testcase name="verifyAPIExistsInDataSheetRealTimeAPIs" time="0.013" classname="com.fusioncharts.apitest.RealTimeAPIs"/>
  <testcase name="verifyChartIsRenderedRealTimeAPIs" time="0.813" classname="com.fusioncharts.apitest.RealTimeAPIs"/>
  <testcase name="verifyAPIRealTimeAPIs" time="45.385" classname="com.fusioncharts.apitest.RealTimeAPIs"/>
</testsuite> <!-- com.fusioncharts.apitest.RealTimeAPIs -->
