<?xml version="1.0" encoding="UTF-8"?>
<!-- Generated by org.testng.reporters.JUnitReportReporter -->
<testsuite skipped="0" hostname="LPMB-KOl-Sahelee.local" name="com.fusioncharts.apitest.Clone" tests="3" failures="0" timestamp="02 Aug 2019 13:05:19 GMT" time="4.917" errors="0">
  <testcase name="verifyAPIExistsInDataSheetClone" time="0.008" classname="com.fusioncharts.apitest.Clone"/>
  <testcase name="verifyChartIsRenderedClone" time="0.459" classname="com.fusioncharts.apitest.Clone"/>
  <testcase name="verifyAPIClone" time="4.450" classname="com.fusioncharts.apitest.Clone"/>
</testsuite> <!-- com.fusioncharts.apitest.Clone -->
