<?xml version="1.0" encoding="UTF-8"?>
<!-- Generated by org.testng.reporters.JUnitReportReporter -->
<<<<<<< HEAD
=======
<<<<<<< HEAD
<testsuite skipped="0" hostname="LPMB-KOl-Sahelee.local" name="com.fusioncharts.apitest.RestartUpdate_StopUpdate" tests="3" failures="0" timestamp="05 Aug 2019 07:43:10 GMT" time="26.813" errors="0">
  <testcase name="verifyAPIExistsInDataSheetRestartUpdate_StopUpdate" time="0.001" classname="com.fusioncharts.apitest.RestartUpdate_StopUpdate"/>
  <testcase name="verifyChartIsRenderedRestartUpdate_StopUpdate" time="0.416" classname="com.fusioncharts.apitest.RestartUpdate_StopUpdate"/>
  <testcase name="verifyAPIRestartUpdate_StopUpdate" time="26.396" classname="com.fusioncharts.apitest.RestartUpdate_StopUpdate"/>
=======
>>>>>>> mergebranch
<testsuite skipped="0" hostname="LPMB-Kol-Saurav.local" name="com.fusioncharts.apitest.RestartUpdate_StopUpdate" tests="3" failures="0" timestamp="05 Aug 2019 12:26:00 GMT" time="26.338" errors="0">
  <testcase name="verifyAPIExistsInDataSheetRestartUpdate_StopUpdate" time="0.011" classname="com.fusioncharts.apitest.RestartUpdate_StopUpdate"/>
  <testcase name="verifyChartIsRenderedRestartUpdate_StopUpdate" time="0.524" classname="com.fusioncharts.apitest.RestartUpdate_StopUpdate"/>
  <testcase name="verifyAPIRestartUpdate_StopUpdate" time="25.803" classname="com.fusioncharts.apitest.RestartUpdate_StopUpdate"/>
<<<<<<< HEAD
=======
>>>>>>> 40+ APIs completed and zoomline in progress
>>>>>>> mergebranch
</testsuite> <!-- com.fusioncharts.apitest.RestartUpdate_StopUpdate -->
