<?xml version="1.0" encoding="UTF-8"?>
<!-- Generated by org.testng.reporters.JUnitReportReporter -->
<<<<<<< HEAD
<testsuite skipped="0" hostname="LPMB-KOl-Sahelee.local" name="com.fusioncharts.apitest.IsUpdateActive" tests="3" failures="0" timestamp="08 Aug 2019 11:00:53 GMT" time="9.990" errors="0">
  <testcase name="verifyAPIExistsInDataSheetIsUpdateActive" time="0.004" classname="com.fusioncharts.apitest.IsUpdateActive"/>
  <testcase name="verifyChartIsRenderedIsUpdateActive" time="0.566" classname="com.fusioncharts.apitest.IsUpdateActive"/>
  <testcase name="verifyAPIIsUpdateActive" time="9.420" classname="com.fusioncharts.apitest.IsUpdateActive"/>
=======
<testsuite skipped="0" hostname="LPMB-Kol-Saurav.local" name="com.fusioncharts.apitest.IsUpdateActive" tests="3" failures="0" timestamp="08 Aug 2019 11:58:59 GMT" time="9.844" errors="0">
  <testcase name="verifyAPIExistsInDataSheetIsUpdateActive" time="0.001" classname="com.fusioncharts.apitest.IsUpdateActive"/>
  <testcase name="verifyChartIsRenderedIsUpdateActive" time="0.351" classname="com.fusioncharts.apitest.IsUpdateActive"/>
  <testcase name="verifyAPIIsUpdateActive" time="9.492" classname="com.fusioncharts.apitest.IsUpdateActive"/>
>>>>>>> 34API
</testsuite> <!-- com.fusioncharts.apitest.IsUpdateActive -->
