<?xml version="1.0" encoding="UTF-8"?>
<!-- Generated by org.testng.reporters.JUnitReportReporter -->
<testsuite hostname="Souviks-MacBook-Pro.local" failures="0" tests="3" name="com.fusioncharts.apitest.FormatNumber" time="1.474" errors="0" timestamp="2019-11-29T18:39:25 IST" skipped="0">
  <testcase classname="com.fusioncharts.apitest.FormatNumber" name="verifyAPIExistsInDataSheetFormatNumber" time="0.020"/>
  <testcase classname="com.fusioncharts.apitest.FormatNumber" name="verifyChartIsRenderedFormatNumber" time="0.665"/>
  <testcase classname="com.fusioncharts.apitest.FormatNumber" name="verifyAPIChartTypeFormatNumber" time="0.789"/>
</testsuite> <!-- com.fusioncharts.apitest.FormatNumber -->
