<?xml version="1.0" encoding="UTF-8"?>
<!-- Generated by org.testng.reporters.JUnitReportReporter -->
<testsuite skipped="0" hostname="LPMB-Kol-Saurav.local" name="com.fusioncharts.apitest.FormatNumber" tests="3" failures="0" timestamp="01 Aug 2019 14:08:59 GMT" time="1.478" errors="0">
  <testcase name="verifyAPIExistsInDataSheetFormatNumber" time="0.001" classname="com.fusioncharts.apitest.FormatNumber"/>
  <testcase name="verifyChartIsRenderedFormatNumber" time="0.370" classname="com.fusioncharts.apitest.FormatNumber"/>
  <testcase name="verifyAPIChartTypeFormatNumber" time="1.107" classname="com.fusioncharts.apitest.FormatNumber"/>
</testsuite> <!-- com.fusioncharts.apitest.FormatNumber -->
