<?xml version="1.0" encoding="UTF-8"?>
<!-- Generated by org.testng.reporters.JUnitReportReporter -->
<testsuite skipped="0" hostname="LPMB-Kol-Saurav.local" name="com.fusioncharts.apitest.RemoveEventListener" tests="3" failures="0" timestamp="30 Jul 2019 09:45:09 GMT" time="7.711" errors="0">
  <testcase name="verifyAPIExistsInDataSheetFormatNumber" time="0.001" classname="com.fusioncharts.apitest.RemoveEventListener"/>
  <testcase name="verifyChartIsRenderedFormatNumber" time="0.691" classname="com.fusioncharts.apitest.RemoveEventListener"/>
  <testcase name="verifyAPIChartTypeFormatNumber" time="7.019" classname="com.fusioncharts.apitest.RemoveEventListener"/>
</testsuite> <!-- com.fusioncharts.apitest.RemoveEventListener -->
