<?xml version="1.0" encoding="UTF-8"?>
<!-- Generated by org.testng.reporters.JUnitReportReporter -->
<testsuite skipped="0" hostname="LPMB-Kol-Saurav.local" name="com.fusioncharts.apitest.FormatNumber" tests="3" failures="0" timestamp="24 Sep 2019 12:53:05 GMT" time="1.583" errors="0">
  <testcase name="verifyAPIExistsInDataSheetFormatNumber" time="0.005" classname="com.fusioncharts.apitest.FormatNumber"/>
  <testcase name="verifyChartIsRenderedFormatNumber" time="0.516" classname="com.fusioncharts.apitest.FormatNumber"/>
  <testcase name="verifyAPIChartTypeFormatNumber" time="1.062" classname="com.fusioncharts.apitest.FormatNumber"/>
</testsuite> <!-- com.fusioncharts.apitest.FormatNumber -->
