<?xml version="1.0" encoding="UTF-8"?>
<!-- Generated by org.testng.reporters.JUnitReportReporter -->
<testsuite hostname="Souviks-MacBook-Pro.local" failures="0" tests="3" name="com.fusioncharts.apitest.IsPlotItemSliced_slicePlotItem" time="24.921" errors="0" timestamp="2019-11-29T16:48:04 IST" skipped="0">
  <testcase classname="com.fusioncharts.apitest.IsPlotItemSliced_slicePlotItem" name="verifyAPIExistsInDataSheetIsPlotItemSliced_slicePlotItem" time="0.008"/>
  <testcase classname="com.fusioncharts.apitest.IsPlotItemSliced_slicePlotItem" name="verifyChartIsRenderedIsPlotItemSliced_slicePlotItem" time="0.498"/>
  <testcase classname="com.fusioncharts.apitest.IsPlotItemSliced_slicePlotItem" name="verifyAPIIsPlotItemSliced_slicePlotItem" time="24.415"/>
</testsuite> <!-- com.fusioncharts.apitest.IsPlotItemSliced_slicePlotItem -->
