<?xml version="1.0" encoding="UTF-8"?>
<!-- Generated by org.testng.reporters.JUnitReportReporter -->
<testsuite skipped="0" hostname="LPMB-Kol-Saurav.local" name="com.fusioncharts.apitest.DragableChartAPIs" tests="7" failures="0" timestamp="09 Sep 2019 11:31:25 GMT" time="26.995" errors="0">
  <testcase name="verifyAPIExistsInDataSheetZoomlineAPIs" time="0.007" classname="com.fusioncharts.apitest.DragableChartAPIs"/>
  <testcase name="verifyChartIsRenderedDragcolumn2d" time="0.657" classname="com.fusioncharts.apitest.DragableChartAPIs"/>
  <testcase name="verifyAPIDragcolumn2d" time="8.482" classname="com.fusioncharts.apitest.DragableChartAPIs"/>
  <testcase name="verifyChartIsRenderedDragline" time="0.424" classname="com.fusioncharts.apitest.DragableChartAPIs"/>
  <testcase name="verifyAPIDragline" time="9.222" classname="com.fusioncharts.apitest.DragableChartAPIs"/>
  <testcase name="verifyChartIsRenderedDragarea" time="0.375" classname="com.fusioncharts.apitest.DragableChartAPIs"/>
  <testcase name="verifyAPIDragarea" time="7.828" classname="com.fusioncharts.apitest.DragableChartAPIs"/>
</testsuite> <!-- com.fusioncharts.apitest.DragableChartAPIs -->
