<?xml version="1.0" encoding="UTF-8"?>
<!-- Generated by org.testng.reporters.JUnitReportReporter -->
<testsuite skipped="0" hostname="LPMB-Kol-Saurav.local" name="com.fusioncharts.apitest.Configure" tests="3" failures="0" timestamp="08 Aug 2019 11:59:00 GMT" time="0.707" errors="0">
  <testcase name="verifyAPIExistsInDataSheetConfigure" time="0.001" classname="com.fusioncharts.apitest.Configure"/>
  <testcase name="verifyChartIsRenderedConfigure" time="0.205" classname="com.fusioncharts.apitest.Configure"/>
  <testcase name="verifyAPIConfigure" time="0.501" classname="com.fusioncharts.apitest.Configure"/>
</testsuite> <!-- com.fusioncharts.apitest.Configure -->
