<?xml version="1.0" encoding="UTF-8"?>
<!-- Generated by org.testng.reporters.JUnitReportReporter -->
<testsuite skipped="0" hostname="LPMB-KOl-Sahelee.local" name="com.fusioncharts.apitest.CenterLabel" tests="3" failures="0" timestamp="08 Aug 2019 11:00:53 GMT" time="3.221" errors="0">
  <testcase name="verifyAPIExistsInDataSheetCenterLabel" time="0.002" classname="com.fusioncharts.apitest.CenterLabel"/>
  <testcase name="verifyChartIsRenderedCenterLabel" time="0.633" classname="com.fusioncharts.apitest.CenterLabel"/>
  <testcase name="verifyAPICenterLabel" time="2.586" classname="com.fusioncharts.apitest.CenterLabel"/>
</testsuite> <!-- com.fusioncharts.apitest.CenterLabel -->
