<?xml version="1.0" encoding="UTF-8"?>
<!-- Generated by org.testng.reporters.JUnitReportReporter -->
<testsuite hostname="Souviks-MacBook-Pro.local" failures="0" tests="1" name="com.fusioncharts.apitest.AllChartsSetDataAPIs" time="1101.912" errors="0" timestamp="2019-11-29T16:48:04 IST" skipped="0">
  <testcase classname="com.fusioncharts.apitest.AllChartsSetDataAPIs" name="verifyAllChartsSetDataAPIs" time="1101.912"/>
</testsuite> <!-- com.fusioncharts.apitest.AllChartsSetDataAPIs -->
