<?xml version="1.0" encoding="UTF-8"?>
<!-- Generated by org.testng.reporters.JUnitReportReporter -->
<testsuite hostname="Souviks-MacBook-Pro.local" failures="0" tests="3" name="com.fusioncharts.apitest.AddEventListener" time="4.114" errors="0" timestamp="2019-11-29T16:48:04 IST" skipped="0">
  <testcase classname="com.fusioncharts.apitest.AddEventListener" name="verifyAPIExistsInDataSheetAddEventListener" time="0.018"/>
  <testcase classname="com.fusioncharts.apitest.AddEventListener" name="verifyChartIsRenderedAddEventListener" time="0.409"/>
  <testcase classname="com.fusioncharts.apitest.AddEventListener" name="verifyAPIAddEventListener" time="3.687"/>
</testsuite> <!-- com.fusioncharts.apitest.AddEventListener -->
