<?xml version="1.0" encoding="UTF-8"?>
<!-- Generated by org.testng.reporters.JUnitReportReporter -->
<testsuite skipped="0" hostname="LPMB-KOl-Sahelee.local" name="com.fusioncharts.apitest.Clone" tests="3" failures="0" timestamp="01 Aug 2019 07:49:33 GMT" time="4.930" errors="0">
  <testcase name="verifyAPIExistsInDataSheetClone" time="0.005" classname="com.fusioncharts.apitest.Clone"/>
  <testcase name="verifyChartIsRenderedClone" time="0.632" classname="com.fusioncharts.apitest.Clone"/>
  <testcase name="verifyAPIClone" time="4.293" classname="com.fusioncharts.apitest.Clone"/>
</testsuite> <!-- com.fusioncharts.apitest.Clone -->
