<?xml version="1.0" encoding="UTF-8"?>
<!-- Generated by org.testng.reporters.JUnitReportReporter -->
<testsuite hostname="Souviks-MacBook-Pro.local" failures="0" tests="3" name="com.fusioncharts.apitest.Configure" time="1.703" errors="0" timestamp="2019-11-29T18:41:55 IST" skipped="0">
  <testcase classname="com.fusioncharts.apitest.Configure" name="verifyAPIExistsInDataSheetConfigure" time="0.010"/>
  <testcase classname="com.fusioncharts.apitest.Configure" name="verifyChartIsRenderedConfigure" time="0.547"/>
  <testcase classname="com.fusioncharts.apitest.Configure" name="verifyAPIConfigure" time="1.146"/>
</testsuite> <!-- com.fusioncharts.apitest.Configure -->
