<?xml version="1.0" encoding="UTF-8"?>
<!-- Generated by org.testng.reporters.JUnitReportReporter -->
<testsuite hostname="Souviks-MacBook-Pro.local" failures="0" tests="3" name="com.fusioncharts.apitest.LockResize_ResizeTo" time="11.498" errors="0" timestamp="2019-11-29T18:39:26 IST" skipped="0">
  <testcase classname="com.fusioncharts.apitest.LockResize_ResizeTo" name="verifyAPIExistsInDataSheetLockResize_ResizeTo" time="0.005"/>
  <testcase classname="com.fusioncharts.apitest.LockResize_ResizeTo" name="verifyChartIsRenderedLockResize_ResizeTo" time="1.383"/>
  <testcase classname="com.fusioncharts.apitest.LockResize_ResizeTo" name="verifyAPILockResize_ResizeTo" time="10.110"/>
</testsuite> <!-- com.fusioncharts.apitest.LockResize_ResizeTo -->
