<?xml version="1.0" encoding="UTF-8"?>
<!-- Generated by org.testng.reporters.JUnitReportReporter -->
<<<<<<< HEAD
<testsuite skipped="0" hostname="LPMB-KOl-Sahelee.local" name="com.fusioncharts.apitest.GetData" tests="3" failures="0" timestamp="08 Aug 2019 11:00:53 GMT" time="0.626" errors="0">
  <testcase name="verifyAPIExistsInDataSheetGetData" time="0.001" classname="com.fusioncharts.apitest.GetData"/>
  <testcase name="verifyChartIsRenderedGetData" time="0.526" classname="com.fusioncharts.apitest.GetData"/>
  <testcase name="verifyAPIGetData" time="0.099" classname="com.fusioncharts.apitest.GetData"/>
=======
<testsuite skipped="0" hostname="LPMB-Kol-Saurav.local" name="com.fusioncharts.apitest.GetData" tests="3" failures="0" timestamp="08 Aug 2019 11:59:00 GMT" time="0.519" errors="0">
  <testcase name="verifyAPIExistsInDataSheetGetData" time="0.001" classname="com.fusioncharts.apitest.GetData"/>
  <testcase name="verifyChartIsRenderedGetData" time="0.486" classname="com.fusioncharts.apitest.GetData"/>
  <testcase name="verifyAPIGetData" time="0.032" classname="com.fusioncharts.apitest.GetData"/>
>>>>>>> 34API
</testsuite> <!-- com.fusioncharts.apitest.GetData -->
