<?xml version="1.0" encoding="UTF-8"?>
<!-- Generated by org.testng.reporters.JUnitReportReporter -->
<testsuite hostname="Souviks-MacBook-Pro.local" failures="0" tests="3" name="com.fusioncharts.apitest.SetChartData" time="6.598" errors="0" timestamp="2019-11-29T16:48:04 IST" skipped="0">
  <testcase classname="com.fusioncharts.apitest.SetChartData" name="verifyAPIExistsInDataSheetSetChartData" time="0.009"/>
  <testcase classname="com.fusioncharts.apitest.SetChartData" name="verifyChartIsRenderedSetChartData" time="2.347"/>
  <testcase classname="com.fusioncharts.apitest.SetChartData" name="verifyAPISetChartData" time="4.242"/>
</testsuite> <!-- com.fusioncharts.apitest.SetChartData -->
