<?xml version="1.0" encoding="UTF-8"?>
<!-- Generated by org.testng.reporters.JUnitReportReporter -->
<testsuite skipped="0" hostname="LPMB-KOl-Sahelee.local" name="com.fusioncharts.apitest.RemoveEventListener" tests="3" failures="0" timestamp="08 Aug 2019 11:00:53 GMT" time="7.395" errors="0">
  <testcase name="verifyAPIExistsInDataSheetRemoveEventListener" time="0.002" classname="com.fusioncharts.apitest.RemoveEventListener"/>
  <testcase name="verifyChartIsRenderedRemoveEventListener" time="0.466" classname="com.fusioncharts.apitest.RemoveEventListener"/>
  <testcase name="verifyAPIRemoveEventListener" time="6.927" classname="com.fusioncharts.apitest.RemoveEventListener"/>
</testsuite> <!-- com.fusioncharts.apitest.RemoveEventListener -->
