<?xml version="1.0" encoding="UTF-8"?>
<!-- Generated by org.testng.reporters.JUnitReportReporter -->
<<<<<<< HEAD
<testsuite skipped="0" hostname="LPMB-KOl-Sahelee.local" name="com.fusioncharts.apitest.IsPlotItemSliced_slicePlotItem" tests="3" failures="0" timestamp="21 Aug 2019 13:18:49 GMT" time="15.237" errors="0">
  <testcase name="verifyAPIExistsInDataSheetIsPlotItemSliced_slicePlotItem" time="0.008" classname="com.fusioncharts.apitest.IsPlotItemSliced_slicePlotItem"/>
  <testcase name="verifyChartIsRenderedIsPlotItemSliced_slicePlotItem" time="0.522" classname="com.fusioncharts.apitest.IsPlotItemSliced_slicePlotItem"/>
  <testcase name="verifyAPIIsPlotItemSliced_slicePlotItem" time="14.707" classname="com.fusioncharts.apitest.IsPlotItemSliced_slicePlotItem"/>
=======
<testsuite skipped="0" hostname="LPMB-Kol-Saurav.local" name="com.fusioncharts.apitest.IsPlotItemSliced_slicePlotItem" tests="3" failures="0" timestamp="08 Aug 2019 12:26:32 GMT" time="3.851" errors="0">
  <testcase name="verifyAPIExistsInDataSheetIsPlotItemSliced_slicePlotItem" time="0.021" classname="com.fusioncharts.apitest.IsPlotItemSliced_slicePlotItem"/>
  <testcase name="verifyChartIsRenderedIsPlotItemSliced_slicePlotItem" time="0.324" classname="com.fusioncharts.apitest.IsPlotItemSliced_slicePlotItem"/>
  <testcase name="verifyAPIIsPlotItemSliced_slicePlotItem" time="3.506" classname="com.fusioncharts.apitest.IsPlotItemSliced_slicePlotItem"/>
>>>>>>> 34API
</testsuite> <!-- com.fusioncharts.apitest.IsPlotItemSliced_slicePlotItem -->
