<?xml version="1.0" encoding="UTF-8"?>
<!-- Generated by org.testng.reporters.JUnitReportReporter -->
<testsuite hostname="Souviks-MacBook-Pro.local" failures="0" tests="3" name="com.fusioncharts.apitest.GetChartData" time="3.366" errors="0" timestamp="2019-11-29T18:39:25 IST" skipped="0">
  <testcase classname="com.fusioncharts.apitest.GetChartData" name="verifyAPIExistsInDataSheetGetChartData" time="0.005"/>
  <testcase classname="com.fusioncharts.apitest.GetChartData" name="verifyChartIsRenderedGetChartData" time="0.523"/>
  <testcase classname="com.fusioncharts.apitest.GetChartData" name="verifyAPIGetChartData" time="2.838"/>
</testsuite> <!-- com.fusioncharts.apitest.GetChartData -->
