<?xml version="1.0" encoding="UTF-8"?>
<!-- Generated by org.testng.reporters.JUnitReportReporter -->
<testsuite hostname="Souviks-MacBook-Pro.local" failures="0" tests="3" name="com.fusioncharts.apitest.SetData" time="8.270" errors="0" timestamp="2020-02-25T15:47:09 IST" skipped="0">
  <testcase classname="com.fusioncharts.apitest.SetData" name="verifyAPIExistsInDataSheetSetData" time="0.004"/>
  <testcase classname="com.fusioncharts.apitest.SetData" name="verifyChartIsRenderedSetData" time="0.357"/>
  <testcase classname="com.fusioncharts.apitest.SetData" name="verifyAPISetData" time="7.909"/>
</testsuite> <!-- com.fusioncharts.apitest.SetData -->
