<?xml version="1.0" encoding="UTF-8"?>
<!-- Generated by org.testng.reporters.JUnitReportReporter -->
<<<<<<< HEAD
<testsuite skipped="0" hostname="LPMB-KOl-Sahelee.local" name="com.fusioncharts.apitest.GetDataAsCSV" tests="3" failures="0" timestamp="08 Aug 2019 11:00:53 GMT" time="3.515" errors="0">
  <testcase name="verifyAPIExistsInDataSheetGetDataAsCSV" time="0.000" classname="com.fusioncharts.apitest.GetDataAsCSV"/>
  <testcase name="verifyChartIsRenderedGetDataAsCSV" time="0.476" classname="com.fusioncharts.apitest.GetDataAsCSV"/>
  <testcase name="verifyAPIGetDataAsCSV" time="3.039" classname="com.fusioncharts.apitest.GetDataAsCSV"/>
=======
<testsuite skipped="0" hostname="LPMB-Kol-Saurav.local" name="com.fusioncharts.apitest.GetDataAsCSV" tests="3" failures="0" timestamp="08 Aug 2019 11:59:00 GMT" time="3.466" errors="0">
  <testcase name="verifyAPIExistsInDataSheetGetDataAsCSV" time="0.000" classname="com.fusioncharts.apitest.GetDataAsCSV"/>
  <testcase name="verifyChartIsRenderedGetDataAsCSV" time="0.542" classname="com.fusioncharts.apitest.GetDataAsCSV"/>
  <testcase name="verifyAPIGetDataAsCSV" time="2.924" classname="com.fusioncharts.apitest.GetDataAsCSV"/>
>>>>>>> 34API
</testsuite> <!-- com.fusioncharts.apitest.GetDataAsCSV -->
