<?xml version="1.0" encoding="UTF-8"?>
<!-- Generated by org.testng.reporters.JUnitReportReporter -->
<testsuite skipped="0" hostname="LPMB-Kol-Saurav.local" name="com.fusioncharts.apitest.ShowChartMessage" tests="3" failures="0" timestamp="24 Sep 2019 12:53:05 GMT" time="14.404" errors="0">
  <testcase name="verifyAPIExistsInDataSheetShowChartMessage" time="0.001" classname="com.fusioncharts.apitest.ShowChartMessage"/>
  <testcase name="verifyChartIsRenderedShowChartMessage" time="2.648" classname="com.fusioncharts.apitest.ShowChartMessage"/>
  <testcase name="verifyAPIShowChartMessage" time="11.755" classname="com.fusioncharts.apitest.ShowChartMessage"/>
</testsuite> <!-- com.fusioncharts.apitest.ShowChartMessage -->
