<?xml version="1.0" encoding="UTF-8"?>
<!-- Generated by org.testng.reporters.JUnitReportReporter -->
<testsuite skipped="0" hostname="LPMB-Kol-Saurav.local" name="com.fusioncharts.apitest.Clone" tests="3" failures="0" timestamp="02 Aug 2019 13:47:03 GMT" time="4.663" errors="0">
  <testcase name="verifyAPIExistsInDataSheetClone" time="0.006" classname="com.fusioncharts.apitest.Clone"/>
  <testcase name="verifyChartIsRenderedClone" time="0.312" classname="com.fusioncharts.apitest.Clone"/>
  <testcase name="verifyAPIClone" time="4.345" classname="com.fusioncharts.apitest.Clone"/>
</testsuite> <!-- com.fusioncharts.apitest.Clone -->
