<?xml version="1.0" encoding="UTF-8"?>
<!-- Generated by org.testng.reporters.JUnitReportReporter -->
<testsuite hostname="Souviks-MacBook-Pro.local" failures="0" tests="3" name="com.fusioncharts.apitest.RealTimeAPIsAutoFeedLog" time="52.098" errors="0" timestamp="2020-02-25T15:47:09 IST" skipped="0">
  <testcase classname="com.fusioncharts.apitest.RealTimeAPIsAutoFeedLog" name="verifyAPIExistsInDataSheetRealTimeAPIsAutoFeedLog" time="0.002"/>
  <testcase classname="com.fusioncharts.apitest.RealTimeAPIsAutoFeedLog" name="verifyChartIsRenderedRealTimeAPIsAutoFeedLog" time="0.976"/>
  <testcase classname="com.fusioncharts.apitest.RealTimeAPIsAutoFeedLog" name="verifyAPIRealTimeAPIsAutoFeedLog" time="51.120"/>
</testsuite> <!-- com.fusioncharts.apitest.RealTimeAPIsAutoFeedLog -->
