<?xml version="1.0" encoding="UTF-8"?>
<!-- Generated by org.testng.reporters.JUnitReportReporter -->
<testsuite skipped="0" hostname="LPMB-Kol-Saurav.local" name="com.fusioncharts.apitest.RealTimeAPIsAutoFeed" tests="3" failures="0" timestamp="29 Aug 2019 07:10:22 GMT" time="535.902" errors="0">
  <testcase name="verifyAPIExistsInDataSheetRealTimeAPIsAutoFeed" time="0.012" classname="com.fusioncharts.apitest.RealTimeAPIsAutoFeed"/>
  <testcase name="verifyChartIsRenderedRealTimeAPIsAutoFeed" time="0.981" classname="com.fusioncharts.apitest.RealTimeAPIsAutoFeed"/>
  <testcase name="verifyAPIRealTimeAPIsAutoFeed" time="534.909" classname="com.fusioncharts.apitest.RealTimeAPIsAutoFeed"/>
</testsuite> <!-- com.fusioncharts.apitest.RealTimeAPIsAutoFeed -->
