<?xml version="1.0" encoding="UTF-8"?>
<!-- Generated by org.testng.reporters.JUnitReportReporter -->
<testsuite hostname="Souviks-MacBook-Pro.local" failures="0" tests="3" name="com.fusioncharts.apitest.SetXMLData" time="4.624" errors="0" timestamp="2019-11-29T18:39:26 IST" skipped="0">
  <testcase classname="com.fusioncharts.apitest.SetXMLData" name="verifyAPIExistsInDataSheetSetXMLData" time="0.015"/>
  <testcase classname="com.fusioncharts.apitest.SetXMLData" name="verifyChartIsRenderedSetXMLData" time="2.696"/>
  <testcase classname="com.fusioncharts.apitest.SetXMLData" name="verifyAPISetXMLData" time="1.913"/>
</testsuite> <!-- com.fusioncharts.apitest.SetXMLData -->
