<?xml version="1.0" encoding="UTF-8"?>
<!-- Generated by org.testng.reporters.JUnitReportReporter -->
<testsuite skipped="0" hostname="LPMB-Kol-Saurav.local" name="com.fusioncharts.apitest.FeedData" tests="3" failures="0" timestamp="10 Sep 2019 07:05:05 GMT" time="1.975" errors="0">
  <testcase name="verifyAPIExistsInDataSheetFeedData" time="0.011" classname="com.fusioncharts.apitest.FeedData"/>
  <testcase name="verifyChartIsRenderedFeedData" time="1.039" classname="com.fusioncharts.apitest.FeedData"/>
  <testcase name="verifyAPIFeedData" time="0.925" classname="com.fusioncharts.apitest.FeedData"/>
</testsuite> <!-- com.fusioncharts.apitest.FeedData -->
