<?xml version="1.0" encoding="UTF-8"?>
<!-- Generated by org.testng.reporters.JUnitReportReporter -->
<testsuite skipped="0" hostname="LPMB-Kol-Saurav.local" name="com.fusioncharts.apitest.GetDataWithId" tests="3" failures="0" timestamp="25 Sep 2019 08:04:31 GMT" time="35.433" errors="0">
  <testcase name="verifyAPIExistsInDataSheetGetDataWithId" time="0.009" classname="com.fusioncharts.apitest.GetDataWithId"/>
  <testcase name="verifyChartIsRenderedGetDataWithId" time="1.030" classname="com.fusioncharts.apitest.GetDataWithId"/>
  <testcase name="verifyAPIGetDataWithId" time="34.394" classname="com.fusioncharts.apitest.GetDataWithId"/>
</testsuite> <!-- com.fusioncharts.apitest.GetDataWithId -->
