<?xml version="1.0" encoding="UTF-8"?>
<!-- Generated by org.testng.reporters.JUnitReportReporter -->
<testsuite skipped="0" hostname="LPMB-Kol-Saurav.local" name="com.fusioncharts.apitest.GetChartData" tests="3" failures="0" timestamp="08 Aug 2019 11:59:00 GMT" time="2.642" errors="0">
  <testcase name="verifyAPIExistsInDataSheetGetChartData" time="0.001" classname="com.fusioncharts.apitest.GetChartData"/>
  <testcase name="verifyChartIsRenderedGetChartData" time="0.442" classname="com.fusioncharts.apitest.GetChartData"/>
  <testcase name="verifyAPIGetChartData" time="2.199" classname="com.fusioncharts.apitest.GetChartData"/>
</testsuite> <!-- com.fusioncharts.apitest.GetChartData -->
