<?xml version="1.0" encoding="UTF-8"?>
<!-- Generated by org.testng.reporters.JUnitReportReporter -->
<testsuite skipped="0" hostname="LPMB-KOl-Sahelee.local" name="com.fusioncharts.apitest.IsUpdateActive" tests="3" failures="0" timestamp="02 Aug 2019 13:05:19 GMT" time="10.056" errors="0">
  <testcase name="verifyAPIExistsInDataSheetIsUpdateActive" time="0.001" classname="com.fusioncharts.apitest.IsUpdateActive"/>
  <testcase name="verifyChartIsRenderedIsUpdateActive" time="0.312" classname="com.fusioncharts.apitest.IsUpdateActive"/>
  <testcase name="verifyAPIIsUpdateActive" time="9.743" classname="com.fusioncharts.apitest.IsUpdateActive"/>
</testsuite> <!-- com.fusioncharts.apitest.IsUpdateActive -->
