<?xml version="1.0" encoding="UTF-8"?>
<!-- Generated by org.testng.reporters.JUnitReportReporter -->
<testsuite skipped="0" hostname="LPMB-KOl-Sahelee.local" name="com.fusioncharts.apitest.GetXMLData" tests="3" failures="0" timestamp="08 Aug 2019 11:00:53 GMT" time="3.102" errors="0">
  <testcase name="verifyAPIExistsInDataSheetGetXMLData" time="0.000" classname="com.fusioncharts.apitest.GetXMLData"/>
  <testcase name="verifyChartIsRenderedGetXMLData" time="0.630" classname="com.fusioncharts.apitest.GetXMLData"/>
  <testcase name="verifyAPIGetXMLData" time="2.472" classname="com.fusioncharts.apitest.GetXMLData"/>
</testsuite> <!-- com.fusioncharts.apitest.GetXMLData -->
