<?xml version="1.0" encoding="UTF-8"?>
<!-- Generated by org.testng.reporters.JUnitReportReporter -->
<testsuite skipped="0" hostname="LPMB-KOl-Sahelee.local" name="com.fusioncharts.apitest.SetJSONData" tests="3" failures="0" timestamp="07 Aug 2019 09:27:19 GMT" time="7.138" errors="0">
  <testcase name="verifyAPIExistsInDataSheetSetJSONData" time="0.007" classname="com.fusioncharts.apitest.SetJSONData"/>
  <testcase name="verifyChartIsRenderedSetJSONData" time="2.233" classname="com.fusioncharts.apitest.SetJSONData"/>
  <testcase name="verifyAPISetJSONData" time="4.898" classname="com.fusioncharts.apitest.SetJSONData"/>
</testsuite> <!-- com.fusioncharts.apitest.SetJSONData -->
