<?xml version="1.0" encoding="UTF-8"?>
<!-- Generated by org.testng.reporters.JUnitReportReporter -->
<testsuite hostname="Souviks-MacBook-Pro.local" failures="0" tests="3" name="com.fusioncharts.apitest.AnnotationAPIs" time="63.043" errors="0" timestamp="2019-11-29T16:48:04 IST" skipped="0">
  <testcase classname="com.fusioncharts.apitest.AnnotationAPIs" name="verifyAPIExistsInDataSheetAnnotationAPIs" time="0.004"/>
  <testcase classname="com.fusioncharts.apitest.AnnotationAPIs" name="verifyChartIsRenderedAnnotationAPIs" time="0.499"/>
  <testcase classname="com.fusioncharts.apitest.AnnotationAPIs" name="verifyAPIAnnotationAPIs" time="62.540"/>
</testsuite> <!-- com.fusioncharts.apitest.AnnotationAPIs -->
