<?xml version="1.0" encoding="UTF-8"?>
<!-- Generated by org.testng.reporters.JUnitReportReporter -->
<testsuite hostname="Souviks-MacBook-Pro.local" failures="0" tests="3" name="com.fusioncharts.apitest.RemoveEventListener" time="6.313" errors="0" timestamp="2020-02-25T15:47:09 IST" skipped="0">
  <testcase classname="com.fusioncharts.apitest.RemoveEventListener" name="verifyAPIExistsInDataSheetRemoveEventListener" time="0.005"/>
  <testcase classname="com.fusioncharts.apitest.RemoveEventListener" name="verifyChartIsRenderedRemoveEventListener" time="0.403"/>
  <testcase classname="com.fusioncharts.apitest.RemoveEventListener" name="verifyAPIRemoveEventListener" time="5.905"/>
</testsuite> <!-- com.fusioncharts.apitest.RemoveEventListener -->
