<?xml version="1.0" encoding="UTF-8"?>
<!-- Generated by org.testng.reporters.JUnitReportReporter -->
<testsuite hostname="Souviks-MacBook-Pro.local" failures="0" tests="3" name="com.fusioncharts.apitest.Configure" time="0.874" errors="0" timestamp="2020-02-25T15:47:09 IST" skipped="0">
  <testcase classname="com.fusioncharts.apitest.Configure" name="verifyAPIExistsInDataSheetConfigure" time="0.003"/>
  <testcase classname="com.fusioncharts.apitest.Configure" name="verifyChartIsRenderedConfigure" time="0.169"/>
  <testcase classname="com.fusioncharts.apitest.Configure" name="verifyAPIConfigure" time="0.702"/>
</testsuite> <!-- com.fusioncharts.apitest.Configure -->
