<?xml version="1.0" encoding="UTF-8"?>
<!-- Generated by org.testng.reporters.JUnitReportReporter -->
<testsuite skipped="0" hostname="LPMB-Kol-Saurav.local" name="com.fusioncharts.apitest.RealTimeAPIs" tests="3" failures="0" timestamp="29 Aug 2019 07:50:29 GMT" time="46.480" errors="0">
  <testcase name="verifyAPIExistsInDataSheetRealTimeAPIs" time="0.007" classname="com.fusioncharts.apitest.RealTimeAPIs"/>
  <testcase name="verifyChartIsRenderedRealTimeAPIs" time="0.852" classname="com.fusioncharts.apitest.RealTimeAPIs"/>
  <testcase name="verifyAPIRealTimeAPIs" time="45.621" classname="com.fusioncharts.apitest.RealTimeAPIs"/>
</testsuite> <!-- com.fusioncharts.apitest.RealTimeAPIs -->
