<?xml version="1.0" encoding="UTF-8"?>
<!-- Generated by org.testng.reporters.JUnitReportReporter -->
<testsuite skipped="0" hostname="LPMB-KOl-Sahelee.local" name="com.fusioncharts.apitest.Clone" tests="3" failures="0" timestamp="29 Jul 2019 08:23:45 GMT" time="5.954" errors="0">
  <testcase name="verifyAPIExistsInDataSheetClone" time="0.007" classname="com.fusioncharts.apitest.Clone"/>
  <testcase name="verifyChartIsRenderedClone" time="0.659" classname="com.fusioncharts.apitest.Clone"/>
  <testcase name="verifyAPIClone" time="5.288" classname="com.fusioncharts.apitest.Clone"/>
</testsuite> <!-- com.fusioncharts.apitest.Clone -->
