<?xml version="1.0" encoding="UTF-8"?>
<!-- Generated by org.testng.reporters.JUnitReportReporter -->
<testsuite skipped="0" hostname="LPMB-Kol-Saurav.local" name="com.fusioncharts.apitest.Clone" tests="3" failures="0" timestamp="30 Sep 2019 08:44:15 GMT" time="12.242" errors="0">
  <testcase name="verifyAPIExistsInDataSheetClone" time="0.027" classname="com.fusioncharts.apitest.Clone"/>
  <testcase name="verifyChartIsRenderedClone" time="1.025" classname="com.fusioncharts.apitest.Clone"/>
  <testcase name="verifyAPIClone" time="11.190" classname="com.fusioncharts.apitest.Clone"/>
</testsuite> <!-- com.fusioncharts.apitest.Clone -->
