<?xml version="1.0" encoding="UTF-8"?>
<!-- Generated by org.testng.reporters.JUnitReportReporter -->
<testsuite skipped="0" hostname="LPMB-KOl-Sahelee.local" name="com.fusioncharts.apitest.SetXMLUrl" tests="6" failures="0" timestamp="08 Aug 2019 11:00:53 GMT" time="8.430" errors="0">
  <testcase name="verifyAPIExistsInDataSheetSetXMLUrl" time="0.004" classname="com.fusioncharts.apitest.SetXMLUrl"/>
  <testcase name="verifyAPIExistsInDataSheetSetXMLUrl" time="0.001" classname="com.fusioncharts.apitest.SetXMLUrl"/>
  <testcase name="verifyChartIsRenderedSetXMLUrl" time="0.488" classname="com.fusioncharts.apitest.SetXMLUrl"/>
  <testcase name="verifyChartIsRenderedSetXMLUrl" time="0.672" classname="com.fusioncharts.apitest.SetXMLUrl"/>
  <testcase name="verifyAPISetXMLUrl" time="3.580" classname="com.fusioncharts.apitest.SetXMLUrl"/>
  <testcase name="verifyAPISetXMLUrl" time="3.685" classname="com.fusioncharts.apitest.SetXMLUrl"/>
</testsuite> <!-- com.fusioncharts.apitest.SetXMLUrl -->
