<?xml version="1.0" encoding="UTF-8"?>
<!-- Generated by org.testng.reporters.JUnitReportReporter -->
<testsuite hostname="Souviks-MacBook-Pro.local" failures="0" tests="3" name="com.fusioncharts.apitest.ShowChartMessage" time="13.397" errors="0" timestamp="2020-02-25T15:47:09 IST" skipped="0">
  <testcase classname="com.fusioncharts.apitest.ShowChartMessage" name="verifyAPIExistsInDataSheetShowChartMessage" time="0.005"/>
  <testcase classname="com.fusioncharts.apitest.ShowChartMessage" name="verifyChartIsRenderedShowChartMessage" time="2.375"/>
  <testcase classname="com.fusioncharts.apitest.ShowChartMessage" name="verifyAPIShowChartMessage" time="11.017"/>
</testsuite> <!-- com.fusioncharts.apitest.ShowChartMessage -->
