<?xml version="1.0" encoding="UTF-8"?>
<!-- Generated by org.testng.reporters.JUnitReportReporter -->
<testsuite skipped="0" hostname="LPMB-Kol-Saurav.local" name="com.fusioncharts.apitest.SetChartDataUrl" tests="3" failures="0" timestamp="01 Aug 2019 14:08:59 GMT" time="4.226" errors="0">
  <testcase name="verifyAPIExistsInDataSheetAddEventListener" time="0.000" classname="com.fusioncharts.apitest.SetChartDataUrl"/>
  <testcase name="verifyChartIsRenderedAddEventListener" time="0.363" classname="com.fusioncharts.apitest.SetChartDataUrl"/>
  <testcase name="verifyAPIAddEventListener" time="3.863" classname="com.fusioncharts.apitest.SetChartDataUrl"/>
</testsuite> <!-- com.fusioncharts.apitest.SetChartDataUrl -->
