<?xml version="1.0" encoding="UTF-8"?>
<!-- Generated by org.testng.reporters.JUnitReportReporter -->
<testsuite skipped="0" hostname="LPMB-Kol-Saurav.local" name="com.fusioncharts.apitest.Clone" tests="3" failures="0" timestamp="05 Aug 2019 12:26:00 GMT" time="4.936" errors="0">
  <testcase name="verifyAPIExistsInDataSheetClone" time="0.036" classname="com.fusioncharts.apitest.Clone"/>
  <testcase name="verifyChartIsRenderedClone" time="0.659" classname="com.fusioncharts.apitest.Clone"/>
  <testcase name="verifyAPIClone" time="4.241" classname="com.fusioncharts.apitest.Clone"/>
</testsuite> <!-- com.fusioncharts.apitest.Clone -->
