<?xml version="1.0" encoding="UTF-8"?>
<!-- Generated by org.testng.reporters.JUnitReportReporter -->
<testsuite hostname="Souviks-MacBook-Pro.local" failures="0" tests="3" name="com.fusioncharts.apitest.ConfigureLink" time="7.148" errors="0" timestamp="2019-11-29T18:41:31 IST" skipped="0">
  <testcase classname="com.fusioncharts.apitest.ConfigureLink" name="verifyAPIExistsInDataSheetConfigureLink" time="0.008"/>
  <testcase classname="com.fusioncharts.apitest.ConfigureLink" name="verifyChartIsRenderedConfigureLink" time="0.551"/>
  <testcase classname="com.fusioncharts.apitest.ConfigureLink" name="verifyAPIConfigureLink" time="6.589"/>
</testsuite> <!-- com.fusioncharts.apitest.ConfigureLink -->
