<?xml version="1.0" encoding="UTF-8"?>
<!-- Generated by org.testng.reporters.JUnitReportReporter -->
<testsuite skipped="0" hostname="LPMB-KOl-Sahelee.local" name="com.fusioncharts.apitest.AllChartsDataAPIs" tests="1" failures="0" timestamp="13 Sep 2019 08:40:28 GMT" time="22.538" errors="0">
  <testcase name="verifyAllDataAPIs" time="22.538" classname="com.fusioncharts.apitest.AllChartsDataAPIs"/>
</testsuite> <!-- com.fusioncharts.apitest.AllChartsDataAPIs -->
