<?xml version="1.0" encoding="UTF-8"?>
<!-- Generated by org.testng.reporters.JUnitReportReporter -->
<testsuite skipped="0" hostname="LPMB-KOl-Sahelee.local" name="com.fusioncharts.apitest.FormatNumber" tests="3" failures="0" timestamp="05 Aug 2019 07:43:10 GMT" time="1.580" errors="0">
  <testcase name="verifyAPIExistsInDataSheetFormatNumber" time="0.001" classname="com.fusioncharts.apitest.FormatNumber"/>
  <testcase name="verifyChartIsRenderedFormatNumber" time="0.466" classname="com.fusioncharts.apitest.FormatNumber"/>
  <testcase name="verifyAPIChartTypeFormatNumber" time="1.113" classname="com.fusioncharts.apitest.FormatNumber"/>
</testsuite> <!-- com.fusioncharts.apitest.FormatNumber -->
