<?xml version="1.0" encoding="UTF-8"?>
<!-- Generated by org.testng.reporters.JUnitReportReporter -->
<testsuite skipped="0" hostname="LPMB-Kol-Saurav.local" name="com.fusioncharts.apitest.AnnotationAPIs" tests="3" failures="0" timestamp="12 Sep 2019 09:10:58 GMT" time="36.335" errors="0">
  <testcase name="verifyAPIExistsInDataSheetAnnotationAPIs" time="0.025" classname="com.fusioncharts.apitest.AnnotationAPIs"/>
  <testcase name="verifyChartIsRenderedAnnotationAPIs" time="0.835" classname="com.fusioncharts.apitest.AnnotationAPIs"/>
  <testcase name="verifyAPIAnnotationAPIs" time="35.475" classname="com.fusioncharts.apitest.AnnotationAPIs"/>
</testsuite> <!-- com.fusioncharts.apitest.AnnotationAPIs -->
