<?xml version="1.0" encoding="UTF-8"?>
<!-- Generated by org.testng.reporters.JUnitReportReporter -->
<testsuite hostname="Souviks-MacBook-Pro.local" failures="0" tests="3" name="com.fusioncharts.apitest.ShowChartMessage" time="13.987" errors="0" timestamp="2019-11-29T18:39:25 IST" skipped="0">
  <testcase classname="com.fusioncharts.apitest.ShowChartMessage" name="verifyAPIExistsInDataSheetShowChartMessage" time="0.005"/>
  <testcase classname="com.fusioncharts.apitest.ShowChartMessage" name="verifyChartIsRenderedShowChartMessage" time="2.431"/>
  <testcase classname="com.fusioncharts.apitest.ShowChartMessage" name="verifyAPIShowChartMessage" time="11.551"/>
</testsuite> <!-- com.fusioncharts.apitest.ShowChartMessage -->
