<?xml version="1.0" encoding="UTF-8"?>
<!-- Generated by org.testng.reporters.JUnitReportReporter -->
<testsuite skipped="0" hostname="LPMB-KOl-Sahelee.local" name="com.fusioncharts.apitest.SetChartData" tests="3" failures="0" timestamp="07 Aug 2019 08:22:52 GMT" time="6.960" errors="0">
  <testcase name="verifyAPIExistsInDataSheetSetChartData" time="0.008" classname="com.fusioncharts.apitest.SetChartData"/>
  <testcase name="verifyChartIsRenderedSetChartData" time="2.208" classname="com.fusioncharts.apitest.SetChartData"/>
  <testcase name="verifyAPISetChartData" time="4.744" classname="com.fusioncharts.apitest.SetChartData"/>
</testsuite> <!-- com.fusioncharts.apitest.SetChartData -->
