<?xml version="1.0" encoding="UTF-8"?>
<!-- Generated by org.testng.reporters.JUnitReportReporter -->
<testsuite hostname="Souviks-MacBook-Pro.local" failures="0" tests="3" name="com.fusioncharts.apitest.GetChartData" time="3.571" errors="0" timestamp="2020-02-25T15:47:09 IST" skipped="0">
  <testcase classname="com.fusioncharts.apitest.GetChartData" name="verifyAPIExistsInDataSheetGetChartData" time="0.002"/>
  <testcase classname="com.fusioncharts.apitest.GetChartData" name="verifyChartIsRenderedGetChartData" time="0.432"/>
  <testcase classname="com.fusioncharts.apitest.GetChartData" name="verifyAPIGetChartData" time="3.137"/>
</testsuite> <!-- com.fusioncharts.apitest.GetChartData -->
