<?xml version="1.0" encoding="UTF-8"?>
<!-- Generated by org.testng.reporters.JUnitReportReporter -->
<testsuite skipped="0" hostname="LPMB-Kol-Saurav.local" name="com.fusioncharts.apitest.DragableChartAPIs" tests="7" failures="0" timestamp="24 Sep 2019 12:53:05 GMT" time="25.428" errors="0">
  <testcase name="verifyAPIExistsInDataSheetZoomlineAPIs" time="0.001" classname="com.fusioncharts.apitest.DragableChartAPIs"/>
  <testcase name="verifyChartIsRenderedDragcolumn2d" time="0.534" classname="com.fusioncharts.apitest.DragableChartAPIs"/>
  <testcase name="verifyAPIDragcolumn2d" time="7.861" classname="com.fusioncharts.apitest.DragableChartAPIs"/>
  <testcase name="verifyChartIsRenderedDragline" time="0.413" classname="com.fusioncharts.apitest.DragableChartAPIs"/>
  <testcase name="verifyAPIDragline" time="8.701" classname="com.fusioncharts.apitest.DragableChartAPIs"/>
  <testcase name="verifyChartIsRenderedDragarea" time="0.223" classname="com.fusioncharts.apitest.DragableChartAPIs"/>
  <testcase name="verifyAPIDragarea" time="7.695" classname="com.fusioncharts.apitest.DragableChartAPIs"/>
</testsuite> <!-- com.fusioncharts.apitest.DragableChartAPIs -->
