<?xml version="1.0" encoding="UTF-8"?>
<!-- Generated by org.testng.reporters.JUnitReportReporter -->
<testsuite skipped="0" hostname="LPMB-Kol-Saurav.local" name="com.fusioncharts.apitest.RealTimeAPIs" tests="3" failures="0" timestamp="08 Aug 2019 08:48:12 GMT" time="0.872" errors="0">
  <testcase name="verifyAPIExistsInDataSheetLockResize_ResizeTo" time="0.008" classname="com.fusioncharts.apitest.RealTimeAPIs"/>
  <testcase name="verifyChartIsRenderedLockResize_ResizeTo" time="0.708" classname="com.fusioncharts.apitest.RealTimeAPIs"/>
  <testcase name="verifyAPILockResize_ResizeTo" time="0.156" classname="com.fusioncharts.apitest.RealTimeAPIs"/>
</testsuite> <!-- com.fusioncharts.apitest.RealTimeAPIs -->
