<?xml version="1.0" encoding="UTF-8"?>
<!-- Generated by org.testng.reporters.JUnitReportReporter -->
<testsuite skipped="0" hostname="LPMB-Kol-Saurav.local" name="com.fusioncharts.apitest.RemoveEventListener" tests="3" failures="0" timestamp="01 Aug 2019 14:08:59 GMT" time="6.285" errors="0">
  <testcase name="verifyAPIExistsInDataSheetFormatNumber" time="0.001" classname="com.fusioncharts.apitest.RemoveEventListener"/>
  <testcase name="verifyChartIsRenderedFormatNumber" time="0.337" classname="com.fusioncharts.apitest.RemoveEventListener"/>
  <testcase name="verifyAPIChartTypeFormatNumber" time="5.947" classname="com.fusioncharts.apitest.RemoveEventListener"/>
</testsuite> <!-- com.fusioncharts.apitest.RemoveEventListener -->
