<?xml version="1.0" encoding="UTF-8"?>
<!-- Generated by org.testng.reporters.JUnitReportReporter -->
<testsuite hostname="Souviks-MacBook-Pro.local" failures="0" tests="3" name="com.fusioncharts.apitest.StartingAngle" time="12.523" errors="0" timestamp="2019-11-29T18:39:25 IST" skipped="0">
  <testcase classname="com.fusioncharts.apitest.StartingAngle" name="verifyAPIExistsInDataSheetStartingAngle" time="0.006"/>
  <testcase classname="com.fusioncharts.apitest.StartingAngle" name="verifyChartIsRenderedStartingAngle" time="2.347"/>
  <testcase classname="com.fusioncharts.apitest.StartingAngle" name="verifyAPIStartingAngle" time="10.170"/>
</testsuite> <!-- com.fusioncharts.apitest.StartingAngle -->
