<?xml version="1.0" encoding="UTF-8"?>
<!-- Generated by org.testng.reporters.JUnitReportReporter -->
<testsuite skipped="0" hostname="LPMB-Kol-Saurav.local" name="com.fusioncharts.apitest.Configure" tests="3" failures="0" timestamp="24 Sep 2019 12:53:05 GMT" time="0.968" errors="0">
  <testcase name="verifyAPIExistsInDataSheetConfigure" time="0.005" classname="com.fusioncharts.apitest.Configure"/>
  <testcase name="verifyChartIsRenderedConfigure" time="0.555" classname="com.fusioncharts.apitest.Configure"/>
  <testcase name="verifyAPIConfigure" time="0.408" classname="com.fusioncharts.apitest.Configure"/>
</testsuite> <!-- com.fusioncharts.apitest.Configure -->
