<?xml version="1.0" encoding="UTF-8"?>
<!-- Generated by org.testng.reporters.JUnitReportReporter -->
<testsuite skipped="0" hostname="LPMB-KOl-Sahelee.local" name="com.fusioncharts.apitest.ChartType" tests="4" failures="0" timestamp="02 Aug 2019 13:05:19 GMT" time="8.293" errors="0">
  <testcase name="verifyAPIExistsInDataSheetChartType" time="0.002" classname="com.fusioncharts.apitest.ChartType"/>
  <testcase name="verifyChartIsRenderedChartType" time="0.983" classname="com.fusioncharts.apitest.ChartType"/>
  <testcase name="verifyAPIChartType1paramChartType" time="3.598" classname="com.fusioncharts.apitest.ChartType"/>
  <testcase name="verifyAPIChartType3paramChartType" time="3.710" classname="com.fusioncharts.apitest.ChartType"/>
</testsuite> <!-- com.fusioncharts.apitest.ChartType -->
