<?xml version="1.0" encoding="UTF-8"?>
<!-- Generated by org.testng.reporters.JUnitReportReporter -->
<<<<<<< HEAD
<testsuite skipped="0" hostname="LPMB-KOl-Sahelee.local" name="com.fusioncharts.apitest.Clone" tests="3" failures="0" timestamp="05 Aug 2019 07:43:10 GMT" time="5.021" errors="0">
  <testcase name="verifyAPIExistsInDataSheetClone" time="0.013" classname="com.fusioncharts.apitest.Clone"/>
  <testcase name="verifyChartIsRenderedClone" time="0.446" classname="com.fusioncharts.apitest.Clone"/>
  <testcase name="verifyAPIClone" time="4.562" classname="com.fusioncharts.apitest.Clone"/>
=======
<testsuite skipped="0" hostname="LPMB-Kol-Saurav.local" name="com.fusioncharts.apitest.Clone" tests="3" failures="0" timestamp="05 Aug 2019 12:26:00 GMT" time="4.936" errors="0">
  <testcase name="verifyAPIExistsInDataSheetClone" time="0.036" classname="com.fusioncharts.apitest.Clone"/>
  <testcase name="verifyChartIsRenderedClone" time="0.659" classname="com.fusioncharts.apitest.Clone"/>
  <testcase name="verifyAPIClone" time="4.241" classname="com.fusioncharts.apitest.Clone"/>
>>>>>>> 40+ APIs completed and zoomline in progress
</testsuite> <!-- com.fusioncharts.apitest.Clone -->
