<?xml version="1.0" encoding="UTF-8"?>
<!-- Generated by org.testng.reporters.JUnitReportReporter -->
<testsuite skipped="0" hostname="LPMB-Kol-Saurav.local" name="com.fusioncharts.apitest.SetJSONUrl" tests="3" failures="0" timestamp="01 Aug 2019 14:08:59 GMT" time="4.210" errors="0">
  <testcase name="verifyAPIExistsInDataSheetAddEventListener" time="0.001" classname="com.fusioncharts.apitest.SetJSONUrl"/>
  <testcase name="verifyChartIsRenderedAddEventListener" time="0.354" classname="com.fusioncharts.apitest.SetJSONUrl"/>
  <testcase name="verifyAPIAddEventListener" time="3.855" classname="com.fusioncharts.apitest.SetJSONUrl"/>
</testsuite> <!-- com.fusioncharts.apitest.SetJSONUrl -->
