<?xml version="1.0" encoding="UTF-8"?>
<!-- Generated by org.testng.reporters.JUnitReportReporter -->
<testsuite hostname="Souviks-MacBook-Pro.local" failures="0" tests="7" name="com.fusioncharts.apitest.DragableChartAPIs" time="29.108" errors="0" timestamp="2019-11-29T16:48:04 IST" skipped="0">
  <testcase classname="com.fusioncharts.apitest.DragableChartAPIs" name="verifyAPIExistsInDataSheetZoomlineAPIs" time="0.002"/>
  <testcase classname="com.fusioncharts.apitest.DragableChartAPIs" name="verifyChartIsRenderedDragcolumn2d" time="0.478"/>
  <testcase classname="com.fusioncharts.apitest.DragableChartAPIs" name="verifyAPIDragcolumn2d" time="9.485"/>
  <testcase classname="com.fusioncharts.apitest.DragableChartAPIs" name="verifyChartIsRenderedDragline" time="0.272"/>
  <testcase classname="com.fusioncharts.apitest.DragableChartAPIs" name="verifyAPIDragline" time="9.330"/>
  <testcase classname="com.fusioncharts.apitest.DragableChartAPIs" name="verifyChartIsRenderedDragarea" time="0.228"/>
  <testcase classname="com.fusioncharts.apitest.DragableChartAPIs" name="verifyAPIDragarea" time="9.313"/>
</testsuite> <!-- com.fusioncharts.apitest.DragableChartAPIs -->
