<?xml version="1.0" encoding="UTF-8"?>
<!-- Generated by org.testng.reporters.JUnitReportReporter -->
<testsuite hostname="Souviks-MacBook-Pro.local" failures="0" tests="3" name="com.fusioncharts.apitest.RealTimeAPIs" time="60.109" errors="0" timestamp="2019-11-29T18:39:25 IST" skipped="0">
  <testcase classname="com.fusioncharts.apitest.RealTimeAPIs" name="verifyAPIExistsInDataSheetRealTimeAPIs" time="0.025"/>
  <testcase classname="com.fusioncharts.apitest.RealTimeAPIs" name="verifyChartIsRenderedRealTimeAPIs" time="0.544"/>
  <testcase classname="com.fusioncharts.apitest.RealTimeAPIs" name="verifyAPIRealTimeAPIs" time="59.540"/>
</testsuite> <!-- com.fusioncharts.apitest.RealTimeAPIs -->
