<?xml version="1.0" encoding="UTF-8"?>
<!-- Generated by org.testng.reporters.JUnitReportReporter -->
<testsuite skipped="0" hostname="LPMB-Kol-Saurav.local" name="com.fusioncharts.apitest.ZoomlineAPIs" tests="3" failures="0" timestamp="24 Sep 2019 12:53:05 GMT" time="14.939" errors="0">
  <testcase name="verifyAPIExistsInDataSheetZoomlineAPIs" time="0.001" classname="com.fusioncharts.apitest.ZoomlineAPIs"/>
  <testcase name="verifyChartIsRenderedZoomlineAPIs" time="0.645" classname="com.fusioncharts.apitest.ZoomlineAPIs"/>
  <testcase name="verifyAPIZoomlineAPIs" time="14.293" classname="com.fusioncharts.apitest.ZoomlineAPIs"/>
</testsuite> <!-- com.fusioncharts.apitest.ZoomlineAPIs -->
