<?xml version="1.0" encoding="UTF-8"?>
<!-- Generated by org.testng.reporters.JUnitReportReporter -->
<testsuite hostname="Souviks-MacBook-Pro.local" failures="0" tests="3" name="com.fusioncharts.apitest.AddEventListener" time="4.188" errors="0" timestamp="2019-11-29T18:39:25 IST" skipped="0">
  <testcase classname="com.fusioncharts.apitest.AddEventListener" name="verifyAPIExistsInDataSheetAddEventListener" time="0.045"/>
  <testcase classname="com.fusioncharts.apitest.AddEventListener" name="verifyChartIsRenderedAddEventListener" time="1.023"/>
  <testcase classname="com.fusioncharts.apitest.AddEventListener" name="verifyAPIAddEventListener" time="3.120"/>
</testsuite> <!-- com.fusioncharts.apitest.AddEventListener -->
