<?xml version="1.0" encoding="UTF-8"?>
<!-- Generated by org.testng.reporters.JUnitReportReporter -->
<testsuite skipped="0" hostname="LPMB-Kol-Saurav.local" name="com.fusioncharts.apitest.IsUpdateActive" tests="3" failures="0" timestamp="02 Aug 2019 13:47:03 GMT" time="10.317" errors="0">
  <testcase name="verifyAPIExistsInDataSheetIsUpdateActive" time="0.001" classname="com.fusioncharts.apitest.IsUpdateActive"/>
  <testcase name="verifyChartIsRenderedIsUpdateActive" time="0.419" classname="com.fusioncharts.apitest.IsUpdateActive"/>
  <testcase name="verifyAPIIsUpdateActive" time="9.897" classname="com.fusioncharts.apitest.IsUpdateActive"/>
</testsuite> <!-- com.fusioncharts.apitest.IsUpdateActive -->
