<?xml version="1.0" encoding="UTF-8"?>
<!-- Generated by org.testng.reporters.JUnitReportReporter -->
<testsuite hostname="Souviks-MacBook-Pro.local" failures="0" tests="1" name="com.fusioncharts.apitest.AllChartsSetDataAPIs" time="1103.024" errors="0" timestamp="2020-02-25T15:47:09 IST" skipped="0">
  <testcase classname="com.fusioncharts.apitest.AllChartsSetDataAPIs" name="verifyAllChartsSetDataAPIs" time="1103.024"/>
</testsuite> <!-- com.fusioncharts.apitest.AllChartsSetDataAPIs -->
