<?xml version="1.0" encoding="UTF-8"?>
<!-- Generated by org.testng.reporters.JUnitReportReporter -->
<testsuite skipped="0" hostname="LPMB-Kol-Saurav.local" name="com.fusioncharts.apitest.GetDataWithId" tests="3" failures="0" timestamp="01 Aug 2019 14:08:59 GMT" time="34.667" errors="0">
  <testcase name="verifyAPIExistsInDataSheetAddEventListener" time="0.001" classname="com.fusioncharts.apitest.GetDataWithId"/>
  <testcase name="verifyChartIsRenderedAddEventListener" time="0.412" classname="com.fusioncharts.apitest.GetDataWithId"/>
  <testcase name="verifyAPIAddEventListener" time="34.254" classname="com.fusioncharts.apitest.GetDataWithId"/>
</testsuite> <!-- com.fusioncharts.apitest.GetDataWithId -->
