<?xml version="1.0" encoding="UTF-8"?>
<!-- Generated by org.testng.reporters.JUnitReportReporter -->
<testsuite skipped="0" hostname="LPMB-Kol-Saurav.local" name="com.fusioncharts.apitest.GetSVGString" tests="3" failures="0" timestamp="08 Aug 2019 11:58:59 GMT" time="1.591" errors="0">
  <testcase name="verifyAPIExistsInDataSheetGetSVGString" time="0.001" classname="com.fusioncharts.apitest.GetSVGString"/>
  <testcase name="verifyChartIsRenderedGetSVGString" time="0.541" classname="com.fusioncharts.apitest.GetSVGString"/>
  <testcase name="verifyAPIGetSVGString" time="1.049" classname="com.fusioncharts.apitest.GetSVGString"/>
</testsuite> <!-- com.fusioncharts.apitest.GetSVGString -->
