<?xml version="1.0" encoding="UTF-8"?>
<!-- Generated by org.testng.reporters.JUnitReportReporter -->
<testsuite hostname="Souviks-MacBook-Pro.local" failures="0" tests="3" name="com.fusioncharts.apitest.GetDataWithId" time="31.040" errors="0" timestamp="2019-11-29T16:48:04 IST" skipped="0">
  <testcase classname="com.fusioncharts.apitest.GetDataWithId" name="verifyAPIExistsInDataSheetGetDataWithId" time="0.004"/>
  <testcase classname="com.fusioncharts.apitest.GetDataWithId" name="verifyChartIsRenderedGetDataWithId" time="0.454"/>
  <testcase classname="com.fusioncharts.apitest.GetDataWithId" name="verifyAPIGetDataWithId" time="30.582"/>
</testsuite> <!-- com.fusioncharts.apitest.GetDataWithId -->
