<?xml version="1.0" encoding="UTF-8"?>
<!-- Generated by org.testng.reporters.JUnitReportReporter -->
<testsuite skipped="0" hostname="LPMB-KOl-Sahelee.local" name="com.fusioncharts.apitest.GetChartData" tests="3" failures="0" timestamp="08 Aug 2019 11:00:53 GMT" time="3.562" errors="0">
  <testcase name="verifyAPIExistsInDataSheetGetChartData" time="0.001" classname="com.fusioncharts.apitest.GetChartData"/>
  <testcase name="verifyChartIsRenderedGetChartData" time="0.850" classname="com.fusioncharts.apitest.GetChartData"/>
  <testcase name="verifyAPIGetChartData" time="2.711" classname="com.fusioncharts.apitest.GetChartData"/>
</testsuite> <!-- com.fusioncharts.apitest.GetChartData -->
