<?xml version="1.0" encoding="UTF-8"?>
<!-- Generated by org.testng.reporters.JUnitReportReporter -->
<<<<<<< HEAD
<testsuite skipped="0" hostname="LPMB-KOl-Sahelee.local" name="com.fusioncharts.apitest.AddEventListener" tests="3" failures="0" timestamp="05 Aug 2019 07:43:10 GMT" time="3.818" errors="0">
  <testcase name="verifyAPIExistsInDataSheetAddEventListener" time="0.001" classname="com.fusioncharts.apitest.AddEventListener"/>
  <testcase name="verifyChartIsRenderedAddEventListener" time="0.421" classname="com.fusioncharts.apitest.AddEventListener"/>
  <testcase name="verifyAPIAddEventListener" time="3.396" classname="com.fusioncharts.apitest.AddEventListener"/>
=======
<testsuite skipped="0" hostname="LPMB-Kol-Saurav.local" name="com.fusioncharts.apitest.AddEventListener" tests="3" failures="0" timestamp="05 Aug 2019 12:26:00 GMT" time="3.128" errors="0">
  <testcase name="verifyAPIExistsInDataSheetAddEventListener" time="0.002" classname="com.fusioncharts.apitest.AddEventListener"/>
  <testcase name="verifyChartIsRenderedAddEventListener" time="0.575" classname="com.fusioncharts.apitest.AddEventListener"/>
  <testcase name="verifyAPIAddEventListener" time="2.551" classname="com.fusioncharts.apitest.AddEventListener"/>
>>>>>>> 40+ APIs completed and zoomline in progress
</testsuite> <!-- com.fusioncharts.apitest.AddEventListener -->
