<?xml version="1.0" encoding="UTF-8"?>
<!-- Generated by org.testng.reporters.JUnitReportReporter -->
<testsuite hostname="Souviks-MacBook-Pro.local" failures="0" tests="3" name="com.fusioncharts.apitest.Clone" time="11.579" errors="0" timestamp="2019-11-29T16:48:04 IST" skipped="0">
  <testcase classname="com.fusioncharts.apitest.Clone" name="verifyAPIExistsInDataSheetClone" time="0.233"/>
  <testcase classname="com.fusioncharts.apitest.Clone" name="verifyChartIsRenderedClone" time="0.418"/>
  <testcase classname="com.fusioncharts.apitest.Clone" name="verifyAPIClone" time="10.928"/>
</testsuite> <!-- com.fusioncharts.apitest.Clone -->
