<?xml version="1.0" encoding="UTF-8"?>
<!-- Generated by org.testng.reporters.JUnitReportReporter -->
<testsuite skipped="0" hostname="LPMB-KOl-Sahelee.local" name="com.fusioncharts.apitest.IsUpdateActive" tests="3" failures="0" timestamp="01 Aug 2019 07:49:33 GMT" time="10.292" errors="0">
  <testcase name="verifyAPIExistsInDataSheetIsUpdateActive" time="0.001" classname="com.fusioncharts.apitest.IsUpdateActive"/>
  <testcase name="verifyChartIsRenderedIsUpdateActive" time="0.538" classname="com.fusioncharts.apitest.IsUpdateActive"/>
  <testcase name="verifyAPIIsUpdateActive" time="9.753" classname="com.fusioncharts.apitest.IsUpdateActive"/>
</testsuite> <!-- com.fusioncharts.apitest.IsUpdateActive -->
