<?xml version="1.0" encoding="UTF-8"?>
<!-- Generated by org.testng.reporters.JUnitReportReporter -->
<testsuite skipped="0" hostname="LPMB-Kol-Saurav.local" name="com.fusioncharts.apitest.Clone" tests="3" failures="0" timestamp="24 Jul 2019 11:00:05 GMT" time="5.333" errors="0">
  <testcase name="verifyAPIExistsInDataSheetClone" time="0.008" classname="com.fusioncharts.apitest.Clone"/>
  <testcase name="verifyChartIsRenderedClone" time="0.494" classname="com.fusioncharts.apitest.Clone"/>
  <testcase name="verifyAPIClone" time="4.831" classname="com.fusioncharts.apitest.Clone"/>
</testsuite> <!-- com.fusioncharts.apitest.Clone -->
