<?xml version="1.0" encoding="UTF-8"?>
<!-- Generated by org.testng.reporters.JUnitReportReporter -->
<testsuite skipped="0" hostname="LPMB-KOl-Sahelee.local" name="com.fusioncharts.apitest.Clone" tests="3" failures="0" timestamp="05 Aug 2019 07:43:10 GMT" time="5.021" errors="0">
  <testcase name="verifyAPIExistsInDataSheetClone" time="0.013" classname="com.fusioncharts.apitest.Clone"/>
  <testcase name="verifyChartIsRenderedClone" time="0.446" classname="com.fusioncharts.apitest.Clone"/>
  <testcase name="verifyAPIClone" time="4.562" classname="com.fusioncharts.apitest.Clone"/>
</testsuite> <!-- com.fusioncharts.apitest.Clone -->
