<?xml version="1.0" encoding="UTF-8"?>
<!-- Generated by org.testng.reporters.JUnitReportReporter -->
<testsuite skipped="0" hostname="LPMB-KOl-Sahelee.local" name="com.fusioncharts.apitest.SetChartDataUrl" tests="3" failures="0" timestamp="08 Aug 2019 11:00:53 GMT" time="4.829" errors="0">
  <testcase name="verifyAPIExistsInDataSheetSetChartDataUrl" time="0.001" classname="com.fusioncharts.apitest.SetChartDataUrl"/>
  <testcase name="verifyChartIsRenderedSetChartDataUrl" time="0.997" classname="com.fusioncharts.apitest.SetChartDataUrl"/>
  <testcase name="verifyAPISetChartDataUrl" time="3.831" classname="com.fusioncharts.apitest.SetChartDataUrl"/>
</testsuite> <!-- com.fusioncharts.apitest.SetChartDataUrl -->
