<?xml version="1.0" encoding="UTF-8"?>
<!-- Generated by org.testng.reporters.JUnitReportReporter -->
<testsuite skipped="0" hostname="LPMB-Kol-Saurav.local" name="com.fusioncharts.apitest.LockResize_ResizeTo" tests="3" failures="0" timestamp="26 Aug 2019 13:08:00 GMT" time="6.622" errors="0">
  <testcase name="verifyAPIExistsInDataSheetLockResize_ResizeTo" time="0.007" classname="com.fusioncharts.apitest.LockResize_ResizeTo"/>
  <testcase name="verifyChartIsRenderedLockResize_ResizeTo" time="0.257" classname="com.fusioncharts.apitest.LockResize_ResizeTo"/>
  <testcase name="verifyAPILockResize_ResizeTo" time="6.358" classname="com.fusioncharts.apitest.LockResize_ResizeTo"/>
</testsuite> <!-- com.fusioncharts.apitest.LockResize_ResizeTo -->
