<?xml version="1.0" encoding="UTF-8"?>
<!-- Generated by org.testng.reporters.JUnitReportReporter -->
<testsuite skipped="0" hostname="LPMB-KOl-Sahelee.local" name="com.fusioncharts.apitest.RemoveEventListener" tests="3" failures="0" timestamp="05 Aug 2019 07:43:10 GMT" time="6.335" errors="0">
  <testcase name="verifyAPIExistsInDataSheetRemoveEventListener" time="0.001" classname="com.fusioncharts.apitest.RemoveEventListener"/>
  <testcase name="verifyChartIsRenderedRemoveEventListener" time="0.375" classname="com.fusioncharts.apitest.RemoveEventListener"/>
  <testcase name="verifyAPIRemoveEventListener" time="5.959" classname="com.fusioncharts.apitest.RemoveEventListener"/>
</testsuite> <!-- com.fusioncharts.apitest.RemoveEventListener -->
