<?xml version="1.0" encoding="UTF-8"?>
<!-- Generated by org.testng.reporters.JUnitReportReporter -->
<testsuite skipped="0" hostname="LPMB-KOl-Sahelee.local" name="com.fusioncharts.apitest.GetDataAsCSV" tests="3" failures="0" timestamp="08 Aug 2019 11:00:53 GMT" time="3.515" errors="0">
  <testcase name="verifyAPIExistsInDataSheetGetDataAsCSV" time="0.000" classname="com.fusioncharts.apitest.GetDataAsCSV"/>
  <testcase name="verifyChartIsRenderedGetDataAsCSV" time="0.476" classname="com.fusioncharts.apitest.GetDataAsCSV"/>
  <testcase name="verifyAPIGetDataAsCSV" time="3.039" classname="com.fusioncharts.apitest.GetDataAsCSV"/>
</testsuite> <!-- com.fusioncharts.apitest.GetDataAsCSV -->
