<?xml version="1.0" encoding="UTF-8"?>
<!-- Generated by org.testng.reporters.JUnitReportReporter -->
<testsuite skipped="0" hostname="LPMB-Kol-Saurav.local" name="com.fusioncharts.apitest.ZoomlineAPIs" tests="3" failures="0" timestamp="02 Aug 2019 10:33:37 GMT" time="15.852" errors="0">
  <testcase name="verifyAPIExistsInDataSheetZoomlineAPIs" time="0.008" classname="com.fusioncharts.apitest.ZoomlineAPIs"/>
  <testcase name="verifyChartIsRenderedZoomlineAPIs" time="0.807" classname="com.fusioncharts.apitest.ZoomlineAPIs"/>
  <testcase name="verifyAPIZoomlineAPIs" time="15.037" classname="com.fusioncharts.apitest.ZoomlineAPIs"/>
</testsuite> <!-- com.fusioncharts.apitest.ZoomlineAPIs -->
