<?xml version="1.0" encoding="UTF-8"?>
<!-- Generated by org.testng.reporters.JUnitReportReporter -->
<testsuite hostname="Souviks-MacBook-Pro.local" failures="0" tests="3" name="com.fusioncharts.apitest.ConfigureLink" time="7.753" errors="0" timestamp="2020-04-01T19:58:48 IST" skipped="1">
  <testcase classname="com.fusioncharts.apitest.ConfigureLink" name="verifyChartIsRenderedConfigureLink" time="0.546"/>
  <testcase classname="com.fusioncharts.apitest.ConfigureLink" name="verifyAPIConfigureLink" time="7.207"/>
  <testcase classname="com.fusioncharts.apitest.ConfigureLink" name="verifyAPIExistsInDataSheetConfigureLink">
    <skipped/>
  </testcase> <!-- verifyAPIExistsInDataSheetConfigureLink -->
</testsuite> <!-- com.fusioncharts.apitest.ConfigureLink -->
