<?xml version="1.0" encoding="UTF-8"?>
<!-- Generated by org.testng.reporters.JUnitReportReporter -->
<testsuite skipped="0" hostname="LPMB-Kol-Saurav.local" name="com.fusioncharts.apitest.GetJSONData" tests="3" failures="0" timestamp="08 Aug 2019 11:59:00 GMT" time="1.663" errors="0">
  <testcase name="verifyAPIExistsInDataSheetGetJSONData" time="0.001" classname="com.fusioncharts.apitest.GetJSONData"/>
  <testcase name="verifyChartIsRenderedGetJSONData" time="0.509" classname="com.fusioncharts.apitest.GetJSONData"/>
  <testcase name="verifyAPIGetJSONData" time="1.153" classname="com.fusioncharts.apitest.GetJSONData"/>
</testsuite> <!-- com.fusioncharts.apitest.GetJSONData -->
