<?xml version="1.0" encoding="UTF-8"?>
<!-- Generated by org.testng.reporters.JUnitReportReporter -->
<<<<<<< HEAD
<testsuite skipped="0" hostname="LPMB-KOl-Sahelee.local" name="com.fusioncharts.apitest.GetDataWithId" tests="3" failures="0" timestamp="08 Aug 2019 11:00:53 GMT" time="34.298" errors="0">
  <testcase name="verifyAPIExistsInDataSheetGetDataWithId" time="0.002" classname="com.fusioncharts.apitest.GetDataWithId"/>
  <testcase name="verifyChartIsRenderedGetDataWithId" time="0.759" classname="com.fusioncharts.apitest.GetDataWithId"/>
  <testcase name="verifyAPIGetDataWithId" time="33.537" classname="com.fusioncharts.apitest.GetDataWithId"/>
=======
<testsuite skipped="0" hostname="LPMB-Kol-Saurav.local" name="com.fusioncharts.apitest.GetDataWithId" tests="3" failures="0" timestamp="08 Aug 2019 11:59:00 GMT" time="34.114" errors="0">
  <testcase name="verifyAPIExistsInDataSheetGetDataWithId" time="0.001" classname="com.fusioncharts.apitest.GetDataWithId"/>
  <testcase name="verifyChartIsRenderedGetDataWithId" time="0.580" classname="com.fusioncharts.apitest.GetDataWithId"/>
  <testcase name="verifyAPIGetDataWithId" time="33.533" classname="com.fusioncharts.apitest.GetDataWithId"/>
>>>>>>> 34API
</testsuite> <!-- com.fusioncharts.apitest.GetDataWithId -->
