<?xml version="1.0" encoding="UTF-8"?>
<!-- Generated by org.testng.reporters.JUnitReportReporter -->
<<<<<<< HEAD
<testsuite skipped="0" hostname="LPMB-KOl-Sahelee.local" name="com.fusioncharts.apitest.SetData" tests="3" failures="0" timestamp="08 Aug 2019 11:00:53 GMT" time="8.281" errors="0">
  <testcase name="verifyAPIExistsInDataSheetSetData" time="0.001" classname="com.fusioncharts.apitest.SetData"/>
  <testcase name="verifyChartIsRenderedSetData" time="0.444" classname="com.fusioncharts.apitest.SetData"/>
  <testcase name="verifyAPISetData" time="7.836" classname="com.fusioncharts.apitest.SetData"/>
=======
<testsuite skipped="0" hostname="LPMB-Kol-Saurav.local" name="com.fusioncharts.apitest.SetData" tests="3" failures="0" timestamp="14 Aug 2019 09:57:53 GMT" time="9.065" errors="0">
  <testcase name="verifyAPIExistsInDataSheetSetData" time="0.008" classname="com.fusioncharts.apitest.SetData"/>
  <testcase name="verifyChartIsRenderedSetData" time="0.437" classname="com.fusioncharts.apitest.SetData"/>
  <testcase name="verifyAPISetData" time="8.620" classname="com.fusioncharts.apitest.SetData"/>
>>>>>>> 34API
</testsuite> <!-- com.fusioncharts.apitest.SetData -->
