<?xml version="1.0" encoding="UTF-8"?>
<!-- Generated by org.testng.reporters.JUnitReportReporter -->
<testsuite skipped="0" hostname="LPMB-Kol-Saurav.local" name="com.fusioncharts.apitest.ClearChart" tests="3" failures="0" timestamp="05 Aug 2019 12:26:00 GMT" time="24.474" errors="0">
  <testcase name="verifyAPIExistsInDataSheetClearChart" time="0.001" classname="com.fusioncharts.apitest.ClearChart"/>
  <testcase name="verifyChartIsRenderedClearChart" time="0.451" classname="com.fusioncharts.apitest.ClearChart"/>
  <testcase name="verifyAPIClearChart" time="24.022" classname="com.fusioncharts.apitest.ClearChart"/>
</testsuite> <!-- com.fusioncharts.apitest.ClearChart -->
