<?xml version="1.0" encoding="UTF-8"?>
<!-- Generated by org.testng.reporters.JUnitReportReporter -->
<testsuite skipped="0" hostname="LPMB-KOl-Sahelee.local" name="com.fusioncharts.apitest.SetXMLData" tests="3" failures="0" timestamp="07 Aug 2019 12:50:33 GMT" time="5.579" errors="0">
  <testcase name="verifyAPIExistsInDataSheetSetXMLData" time="0.007" classname="com.fusioncharts.apitest.SetXMLData"/>
  <testcase name="verifyChartIsRenderedSetXMLData" time="2.259" classname="com.fusioncharts.apitest.SetXMLData"/>
  <testcase name="verifyAPISetXMLData" time="3.313" classname="com.fusioncharts.apitest.SetXMLData"/>
</testsuite> <!-- com.fusioncharts.apitest.SetXMLData -->
