<?xml version="1.0" encoding="UTF-8"?>
<!-- Generated by org.testng.reporters.JUnitReportReporter -->
<testsuite skipped="0" hostname="LPMB-Kol-Saurav.local" name="com.fusioncharts.apitest.RealTimeAPIsAutoFeedLog" tests="3" failures="0" timestamp="24 Sep 2019 12:53:05 GMT" time="40.298" errors="0">
  <testcase name="verifyAPIExistsInDataSheetRealTimeAPIsAutoFeedLog" time="0.001" classname="com.fusioncharts.apitest.RealTimeAPIsAutoFeedLog"/>
  <testcase name="verifyChartIsRenderedRealTimeAPIsAutoFeedLog" time="0.626" classname="com.fusioncharts.apitest.RealTimeAPIsAutoFeedLog"/>
  <testcase name="verifyAPIRealTimeAPIsAutoFeedLog" time="39.671" classname="com.fusioncharts.apitest.RealTimeAPIsAutoFeedLog"/>
</testsuite> <!-- com.fusioncharts.apitest.RealTimeAPIsAutoFeedLog -->
