<?xml version="1.0" encoding="UTF-8"?>
<!-- Generated by org.testng.reporters.JUnitReportReporter -->
<testsuite skipped="0" hostname="LPMB-Kol-Saurav.local" name="com.fusioncharts.apitest.GetChartData" tests="3" failures="0" timestamp="06 Aug 2019 10:45:45 GMT" time="3.636" errors="0">
  <testcase name="verifyAPIExistsInDataSheetGetChartData" time="0.024" classname="com.fusioncharts.apitest.GetChartData"/>
  <testcase name="verifyChartIsRenderedGetChartData" time="0.492" classname="com.fusioncharts.apitest.GetChartData"/>
  <testcase name="verifyAPIGetChartData" time="3.120" classname="com.fusioncharts.apitest.GetChartData"/>
</testsuite> <!-- com.fusioncharts.apitest.GetChartData -->
