<?xml version="1.0" encoding="UTF-8"?>
<!-- Generated by org.testng.reporters.JUnitReportReporter -->
<testsuite skipped="0" hostname="LPMB-KOl-Sahelee.local" name="com.fusioncharts.apitest.ZoomlineAPIs" tests="3" failures="0" timestamp="08 Aug 2019 11:00:53 GMT" time="15.112" errors="0">
  <testcase name="verifyAPIExistsInDataSheetZoomlineAPIs" time="0.000" classname="com.fusioncharts.apitest.ZoomlineAPIs"/>
  <testcase name="verifyChartIsRenderedZoomlineAPIs" time="0.554" classname="com.fusioncharts.apitest.ZoomlineAPIs"/>
  <testcase name="verifyAPIZoomlineAPIs" time="14.558" classname="com.fusioncharts.apitest.ZoomlineAPIs"/>
</testsuite> <!-- com.fusioncharts.apitest.ZoomlineAPIs -->
