<?xml version="1.0" encoding="UTF-8"?>
<!-- Generated by org.testng.reporters.JUnitReportReporter -->
<testsuite skipped="0" hostname="LPMB-Kol-Saurav.local" name="com.fusioncharts.apitest.ClearChart" tests="3" failures="0" timestamp="08 Aug 2019 11:59:00 GMT" time="24.354" errors="0">
  <testcase name="verifyAPIExistsInDataSheetClearChart" time="0.000" classname="com.fusioncharts.apitest.ClearChart"/>
  <testcase name="verifyChartIsRenderedClearChart" time="0.379" classname="com.fusioncharts.apitest.ClearChart"/>
  <testcase name="verifyAPIClearChart" time="23.975" classname="com.fusioncharts.apitest.ClearChart"/>
</testsuite> <!-- com.fusioncharts.apitest.ClearChart -->
