<?xml version="1.0" encoding="UTF-8"?>
<!-- Generated by org.testng.reporters.JUnitReportReporter -->
<testsuite skipped="0" hostname="LPMB-Kol-Saurav.local" name="com.fusioncharts.apitest.Dispose" tests="3" failures="0" timestamp="05 Aug 2019 12:26:00 GMT" time="10.909" errors="0">
  <testcase name="verifyAPIExistsInDataSheetDispose" time="0.000" classname="com.fusioncharts.apitest.Dispose"/>
  <testcase name="verifyChartIsRenderedDispose" time="0.412" classname="com.fusioncharts.apitest.Dispose"/>
  <testcase name="verifyAPIDispose" time="10.497" classname="com.fusioncharts.apitest.Dispose"/>
</testsuite> <!-- com.fusioncharts.apitest.Dispose -->
