<?xml version="1.0" encoding="UTF-8"?>
<!-- Generated by org.testng.reporters.JUnitReportReporter -->
<testsuite skipped="0" hostname="LPMB-Kol-Saurav.local" name="com.fusioncharts.apitest.AllChartsDataAPIs" tests="1" failures="0" timestamp="24 Sep 2019 12:53:05 GMT" time="904.314" errors="0">
  <testcase name="verifyAllChartsDataAPIs" time="904.314" classname="com.fusioncharts.apitest.AllChartsDataAPIs"/>
</testsuite> <!-- com.fusioncharts.apitest.AllChartsDataAPIs -->
