<?xml version="1.0" encoding="UTF-8"?>
<!-- Generated by org.testng.reporters.JUnitReportReporter -->
<testsuite skipped="0" hostname="LPMB-KOl-Sahelee.local" name="com.fusioncharts.apitest.IsPlotItemSliced_slicePlotItem" tests="3" failures="0" timestamp="02 Aug 2019 13:05:19 GMT" time="4.092" errors="0">
  <testcase name="verifyAPIExistsInDataSheetIsPlotItemSliced_slicePlotItem" time="0.001" classname="com.fusioncharts.apitest.IsPlotItemSliced_slicePlotItem"/>
  <testcase name="verifyChartIsRenderedIsPlotItemSliced_slicePlotItem" time="0.348" classname="com.fusioncharts.apitest.IsPlotItemSliced_slicePlotItem"/>
  <testcase name="verifyAPIIsPlotItemSliced_slicePlotItem" time="3.743" classname="com.fusioncharts.apitest.IsPlotItemSliced_slicePlotItem"/>
</testsuite> <!-- com.fusioncharts.apitest.IsPlotItemSliced_slicePlotItem -->
