<?xml version="1.0" encoding="UTF-8"?>
<!-- Generated by org.testng.reporters.JUnitReportReporter -->
<testsuite hostname="Souviks-MacBook-Pro.local" failures="0" tests="3" name="com.fusioncharts.apitest.SetChartData" time="6.150" errors="0" timestamp="2020-02-25T15:47:09 IST" skipped="0">
  <testcase classname="com.fusioncharts.apitest.SetChartData" name="verifyAPIExistsInDataSheetSetChartData" time="0.004"/>
  <testcase classname="com.fusioncharts.apitest.SetChartData" name="verifyChartIsRenderedSetChartData" time="2.386"/>
  <testcase classname="com.fusioncharts.apitest.SetChartData" name="verifyAPISetChartData" time="3.760"/>
</testsuite> <!-- com.fusioncharts.apitest.SetChartData -->
