<?xml version="1.0" encoding="UTF-8"?>
<!-- Generated by org.testng.reporters.JUnitReportReporter -->
<testsuite skipped="0" hostname="LPMB-Kol-Saurav.local" name="com.fusioncharts.apitest.ChartType" tests="4" failures="0" timestamp="02 Aug 2019 13:47:03 GMT" time="6.381" errors="0">
  <testcase name="verifyAPIExistsInDataSheetChartType" time="0.001" classname="com.fusioncharts.apitest.ChartType"/>
  <testcase name="verifyChartIsRenderedChartType" time="0.445" classname="com.fusioncharts.apitest.ChartType"/>
  <testcase name="verifyAPIChartType1paramChartType" time="3.000" classname="com.fusioncharts.apitest.ChartType"/>
  <testcase name="verifyAPIChartType3paramChartType" time="2.935" classname="com.fusioncharts.apitest.ChartType"/>
</testsuite> <!-- com.fusioncharts.apitest.ChartType -->
