<?xml version="1.0" encoding="UTF-8"?>
<!-- Generated by org.testng.reporters.JUnitReportReporter -->
<testsuite skipped="0" hostname="LPMB-Kol-Saurav.local" name="com.fusioncharts.apitest.GetDataWithId" tests="3" failures="0" timestamp="05 Aug 2019 12:26:00 GMT" time="33.690" errors="0">
  <testcase name="verifyAPIExistsInDataSheetGetDataWithId" time="0.001" classname="com.fusioncharts.apitest.GetDataWithId"/>
  <testcase name="verifyChartIsRenderedGetDataWithId" time="0.406" classname="com.fusioncharts.apitest.GetDataWithId"/>
  <testcase name="verifyAPIGetDataWithId" time="33.283" classname="com.fusioncharts.apitest.GetDataWithId"/>
</testsuite> <!-- com.fusioncharts.apitest.GetDataWithId -->
