<?xml version="1.0" encoding="UTF-8"?>
<!-- Generated by org.testng.reporters.JUnitReportReporter -->
<<<<<<< HEAD
<testsuite skipped="0" hostname="LPMB-KOl-Sahelee.local" name="com.fusioncharts.apitest.Dispose" tests="3" failures="0" timestamp="08 Aug 2019 11:00:53 GMT" time="11.186" errors="0">
  <testcase name="verifyAPIExistsInDataSheetDispose" time="0.001" classname="com.fusioncharts.apitest.Dispose"/>
  <testcase name="verifyChartIsRenderedDispose" time="0.589" classname="com.fusioncharts.apitest.Dispose"/>
  <testcase name="verifyAPIDispose" time="10.596" classname="com.fusioncharts.apitest.Dispose"/>
=======
<testsuite skipped="0" hostname="LPMB-Kol-Saurav.local" name="com.fusioncharts.apitest.Dispose" tests="3" failures="0" timestamp="08 Aug 2019 11:59:00 GMT" time="10.961" errors="0">
  <testcase name="verifyAPIExistsInDataSheetDispose" time="0.001" classname="com.fusioncharts.apitest.Dispose"/>
  <testcase name="verifyChartIsRenderedDispose" time="0.438" classname="com.fusioncharts.apitest.Dispose"/>
  <testcase name="verifyAPIDispose" time="10.522" classname="com.fusioncharts.apitest.Dispose"/>
>>>>>>> 34API
</testsuite> <!-- com.fusioncharts.apitest.Dispose -->
