<?xml version="1.0" encoding="UTF-8"?>
<!-- Generated by org.testng.reporters.JUnitReportReporter -->
<<<<<<< HEAD
=======
<<<<<<< HEAD
<testsuite skipped="0" hostname="LPMB-KOl-Sahelee.local" name="com.fusioncharts.apitest.ChartType" tests="4" failures="0" timestamp="05 Aug 2019 07:43:10 GMT" time="7.531" errors="0">
  <testcase name="verifyAPIExistsInDataSheetChartType" time="0.001" classname="com.fusioncharts.apitest.ChartType"/>
  <testcase name="verifyChartIsRenderedChartType" time="0.633" classname="com.fusioncharts.apitest.ChartType"/>
  <testcase name="verifyAPIChartType1paramChartType" time="3.443" classname="com.fusioncharts.apitest.ChartType"/>
  <testcase name="verifyAPIChartType3paramChartType" time="3.454" classname="com.fusioncharts.apitest.ChartType"/>
=======
>>>>>>> mergebranch
<testsuite skipped="0" hostname="LPMB-Kol-Saurav.local" name="com.fusioncharts.apitest.ChartType" tests="4" failures="0" timestamp="05 Aug 2019 12:26:00 GMT" time="5.766" errors="0">
  <testcase name="verifyAPIExistsInDataSheetChartType" time="0.003" classname="com.fusioncharts.apitest.ChartType"/>
  <testcase name="verifyChartIsRenderedChartType" time="0.664" classname="com.fusioncharts.apitest.ChartType"/>
  <testcase name="verifyAPIChartType1paramChartType" time="2.515" classname="com.fusioncharts.apitest.ChartType"/>
  <testcase name="verifyAPIChartType3paramChartType" time="2.584" classname="com.fusioncharts.apitest.ChartType"/>
<<<<<<< HEAD
=======
>>>>>>> 40+ APIs completed and zoomline in progress
>>>>>>> mergebranch
</testsuite> <!-- com.fusioncharts.apitest.ChartType -->
