<?xml version="1.0" encoding="UTF-8"?>
<!-- Generated by org.testng.reporters.JUnitReportReporter -->
<testsuite skipped="0" hostname="LPMB-Kol-Saurav.local" name="com.fusioncharts.apitest.SetJSONData" tests="3" failures="0" timestamp="24 Sep 2019 12:53:05 GMT" time="6.322" errors="0">
  <testcase name="verifyAPIExistsInDataSheetSetJSONData" time="0.001" classname="com.fusioncharts.apitest.SetJSONData"/>
  <testcase name="verifyChartIsRenderedSetJSONData" time="2.567" classname="com.fusioncharts.apitest.SetJSONData"/>
  <testcase name="verifyAPISetJSONData" time="3.754" classname="com.fusioncharts.apitest.SetJSONData"/>
</testsuite> <!-- com.fusioncharts.apitest.SetJSONData -->
