<?xml version="1.0" encoding="UTF-8"?>
<!-- Generated by org.testng.reporters.JUnitReportReporter -->
<testsuite hostname="Souviks-MacBook-Pro.local" failures="0" tests="3" name="com.fusioncharts.apitest.RealTimeAPIsAutoFeedLog" time="51.891" errors="0" timestamp="2019-11-29T16:48:04 IST" skipped="0">
  <testcase classname="com.fusioncharts.apitest.RealTimeAPIsAutoFeedLog" name="verifyAPIExistsInDataSheetRealTimeAPIsAutoFeedLog" time="0.002"/>
  <testcase classname="com.fusioncharts.apitest.RealTimeAPIsAutoFeedLog" name="verifyChartIsRenderedRealTimeAPIsAutoFeedLog" time="1.060"/>
  <testcase classname="com.fusioncharts.apitest.RealTimeAPIsAutoFeedLog" name="verifyAPIRealTimeAPIsAutoFeedLog" time="50.829"/>
</testsuite> <!-- com.fusioncharts.apitest.RealTimeAPIsAutoFeedLog -->
