<?xml version="1.0" encoding="UTF-8"?>
<!-- Generated by org.testng.reporters.JUnitReportReporter -->
<testsuite skipped="0" hostname="LPMB-Kol-Saurav.local" name="com.fusioncharts.apitest.RemoveEventListener" tests="3" failures="0" timestamp="05 Aug 2019 12:26:00 GMT" time="7.440" errors="0">
  <testcase name="verifyAPIExistsInDataSheetRemoveEventListener" time="0.005" classname="com.fusioncharts.apitest.RemoveEventListener"/>
  <testcase name="verifyChartIsRenderedRemoveEventListener" time="0.440" classname="com.fusioncharts.apitest.RemoveEventListener"/>
  <testcase name="verifyAPIRemoveEventListener" time="6.995" classname="com.fusioncharts.apitest.RemoveEventListener"/>
</testsuite> <!-- com.fusioncharts.apitest.RemoveEventListener -->
