<?xml version="1.0" encoding="UTF-8"?>
<!-- Generated by org.testng.reporters.JUnitReportReporter -->
<<<<<<< HEAD
=======
<<<<<<< HEAD
<testsuite skipped="0" hostname="LPMB-KOl-Sahelee.local" name="com.fusioncharts.apitest.SetData" tests="3" failures="0" timestamp="05 Aug 2019 07:43:10 GMT" time="8.798" errors="0">
  <testcase name="verifyAPIExistsInDataSheetSetData" time="0.001" classname="com.fusioncharts.apitest.SetData"/>
  <testcase name="verifyChartIsRenderedSetData" time="0.507" classname="com.fusioncharts.apitest.SetData"/>
  <testcase name="verifyAPISetData" time="8.290" classname="com.fusioncharts.apitest.SetData"/>
=======
>>>>>>> mergebranch
<testsuite skipped="0" hostname="LPMB-Kol-Saurav.local" name="com.fusioncharts.apitest.SetData" tests="3" failures="0" timestamp="05 Aug 2019 12:26:00 GMT" time="8.110" errors="0">
  <testcase name="verifyAPIExistsInDataSheetSetData" time="0.000" classname="com.fusioncharts.apitest.SetData"/>
  <testcase name="verifyChartIsRenderedSetData" time="0.388" classname="com.fusioncharts.apitest.SetData"/>
  <testcase name="verifyAPISetData" time="7.722" classname="com.fusioncharts.apitest.SetData"/>
<<<<<<< HEAD
=======
>>>>>>> 40+ APIs completed and zoomline in progress
>>>>>>> mergebranch
</testsuite> <!-- com.fusioncharts.apitest.SetData -->
