<?xml version="1.0" encoding="UTF-8"?>
<!-- Generated by org.testng.reporters.JUnitReportReporter -->
<testsuite skipped="0" hostname="LPMB-KOl-Sahelee.local" name="com.fusioncharts.apitest.GetChartData" tests="3" failures="0" timestamp="10 Sep 2019 12:29:03 GMT" time="5.158" errors="0">
  <testcase name="verifyAPIExistsInDataSheetGetChartData" time="0.014" classname="com.fusioncharts.apitest.GetChartData"/>
  <testcase name="verifyChartIsRenderedGetChartData" time="0.896" classname="com.fusioncharts.apitest.GetChartData"/>
  <testcase name="verifyAPIGetChartData" time="4.248" classname="com.fusioncharts.apitest.GetChartData"/>
</testsuite> <!-- com.fusioncharts.apitest.GetChartData -->
