<?xml version="1.0" encoding="UTF-8"?>
<!-- Generated by org.testng.reporters.JUnitReportReporter -->
<testsuite skipped="0" hostname="LPMB-Kol-Saurav.local" name="com.fusioncharts.apitest.GetObjectReference" tests="3" failures="0" timestamp="28 Jun 2019 09:19:59 GMT" time="0.318" errors="0">
  <testcase name="verifyAPIExistsInDataSheet" time="0.012" classname="com.fusioncharts.apitest.GetObjectReference"/>
  <testcase name="verifyChartIsRendered" time="0.265" classname="com.fusioncharts.apitest.GetObjectReference"/>
  <testcase name="verifyAPI" time="0.041" classname="com.fusioncharts.apitest.GetObjectReference"/>
</testsuite> <!-- com.fusioncharts.apitest.GetObjectReference -->
