<?xml version="1.0" encoding="UTF-8"?>
<!-- Generated by org.testng.reporters.JUnitReportReporter -->
<testsuite skipped="0" hostname="LPMB-KOl-Sahelee.local" name="com.fusioncharts.apitest.RealTimeAPIs" tests="3" failures="0" timestamp="08 Aug 2019 11:00:53 GMT" time="1.519" errors="0">
  <testcase name="verifyAPIExistsInDataSheetLockResize_ResizeTo" time="0.001" classname="com.fusioncharts.apitest.RealTimeAPIs"/>
  <testcase name="verifyChartIsRenderedLockResize_ResizeTo" time="0.706" classname="com.fusioncharts.apitest.RealTimeAPIs"/>
  <testcase name="verifyAPILockResize_ResizeTo" time="0.812" classname="com.fusioncharts.apitest.RealTimeAPIs"/>
</testsuite> <!-- com.fusioncharts.apitest.RealTimeAPIs -->
