<?xml version="1.0" encoding="UTF-8"?>
<!-- Generated by org.testng.reporters.JUnitReportReporter -->
<testsuite skipped="0" hostname="LPMB-Kol-Saurav.local" name="com.fusioncharts.apitest.ZoomlineAPIs" tests="3" failures="0" timestamp="08 Aug 2019 11:59:00 GMT" time="13.944" errors="0">
  <testcase name="verifyAPIExistsInDataSheetZoomlineAPIs" time="0.001" classname="com.fusioncharts.apitest.ZoomlineAPIs"/>
  <testcase name="verifyChartIsRenderedZoomlineAPIs" time="0.602" classname="com.fusioncharts.apitest.ZoomlineAPIs"/>
  <testcase name="verifyAPIZoomlineAPIs" time="13.341" classname="com.fusioncharts.apitest.ZoomlineAPIs"/>
</testsuite> <!-- com.fusioncharts.apitest.ZoomlineAPIs -->
