<?xml version="1.0" encoding="UTF-8"?>
<!-- Generated by org.testng.reporters.JUnitReportReporter -->
<<<<<<< HEAD
<testsuite skipped="0" hostname="LPMB-KOl-Sahelee.local" name="com.fusioncharts.apitest.GetXMLData" tests="3" failures="0" timestamp="08 Aug 2019 11:00:53 GMT" time="3.102" errors="0">
  <testcase name="verifyAPIExistsInDataSheetGetXMLData" time="0.000" classname="com.fusioncharts.apitest.GetXMLData"/>
  <testcase name="verifyChartIsRenderedGetXMLData" time="0.630" classname="com.fusioncharts.apitest.GetXMLData"/>
  <testcase name="verifyAPIGetXMLData" time="2.472" classname="com.fusioncharts.apitest.GetXMLData"/>
=======
<testsuite skipped="0" hostname="LPMB-Kol-Saurav.local" name="com.fusioncharts.apitest.GetXMLData" tests="3" failures="0" timestamp="08 Aug 2019 11:59:00 GMT" time="3.447" errors="0">
  <testcase name="verifyAPIExistsInDataSheetGetXMLData" time="0.001" classname="com.fusioncharts.apitest.GetXMLData"/>
  <testcase name="verifyChartIsRenderedGetXMLData" time="0.429" classname="com.fusioncharts.apitest.GetXMLData"/>
  <testcase name="verifyAPIGetXMLData" time="3.017" classname="com.fusioncharts.apitest.GetXMLData"/>
>>>>>>> 34API
</testsuite> <!-- com.fusioncharts.apitest.GetXMLData -->
