<?xml version="1.0" encoding="UTF-8"?>
<!-- Generated by org.testng.reporters.JUnitReportReporter -->
<<<<<<< HEAD
<testsuite skipped="0" hostname="LPMB-KOl-Sahelee.local" name="com.fusioncharts.apitest.GetJSONData" tests="3" failures="0" timestamp="08 Aug 2019 11:00:53 GMT" time="1.970" errors="0">
  <testcase name="verifyAPIExistsInDataSheetGetJSONData" time="0.000" classname="com.fusioncharts.apitest.GetJSONData"/>
  <testcase name="verifyChartIsRenderedGetJSONData" time="0.439" classname="com.fusioncharts.apitest.GetJSONData"/>
  <testcase name="verifyAPIGetJSONData" time="1.531" classname="com.fusioncharts.apitest.GetJSONData"/>
=======
<testsuite skipped="0" hostname="LPMB-Kol-Saurav.local" name="com.fusioncharts.apitest.GetJSONData" tests="3" failures="0" timestamp="08 Aug 2019 11:59:00 GMT" time="1.663" errors="0">
  <testcase name="verifyAPIExistsInDataSheetGetJSONData" time="0.001" classname="com.fusioncharts.apitest.GetJSONData"/>
  <testcase name="verifyChartIsRenderedGetJSONData" time="0.509" classname="com.fusioncharts.apitest.GetJSONData"/>
  <testcase name="verifyAPIGetJSONData" time="1.153" classname="com.fusioncharts.apitest.GetJSONData"/>
>>>>>>> 34API
</testsuite> <!-- com.fusioncharts.apitest.GetJSONData -->
