<?xml version="1.0" encoding="UTF-8"?>
<!-- Generated by org.testng.reporters.JUnitReportReporter -->
<testsuite skipped="0" hostname="LPMB-KOl-Sahelee.local" name="com.fusioncharts.apitest.GetCSVData" tests="3" failures="0" timestamp="08 Aug 2019 11:00:53 GMT" time="2.166" errors="0">
  <testcase name="verifyAPIExistsInDataSheetGetCSVData" time="0.000" classname="com.fusioncharts.apitest.GetCSVData"/>
  <testcase name="verifyChartIsRenderedGetCSVData" time="0.805" classname="com.fusioncharts.apitest.GetCSVData"/>
  <testcase name="verifyAPIGetCSVData" time="1.361" classname="com.fusioncharts.apitest.GetCSVData"/>
</testsuite> <!-- com.fusioncharts.apitest.GetCSVData -->
