<?xml version="1.0" encoding="UTF-8"?>
<!-- Generated by org.testng.reporters.JUnitReportReporter -->
<testsuite skipped="0" hostname="LPMB-Kol-Saurav.local" name="com.fusioncharts.apitest.getObjectReference" tests="3" failures="0" timestamp="27 Jun 2019 08:41:49 GMT" time="0.293" errors="0">
  <testcase name="verifyAPIExistsInDataSheet" time="0.007" classname="com.fusioncharts.apitest.getObjectReference"/>
  <testcase name="verifyChartIsRendered" time="0.247" classname="com.fusioncharts.apitest.getObjectReference"/>
  <testcase name="verifyAPI" time="0.039" classname="com.fusioncharts.apitest.getObjectReference"/>
</testsuite> <!-- com.fusioncharts.apitest.getObjectReference -->
