<?xml version="1.0" encoding="UTF-8"?>
<!-- Generated by org.testng.reporters.JUnitReportReporter -->
<testsuite skipped="0" hostname="LPMB-KOl-Sahelee.local" name="com.fusioncharts.apitest.GetDataWithId" tests="3" failures="0" timestamp="02 Aug 2019 13:05:19 GMT" time="34.672" errors="0">
  <testcase name="verifyAPIExistsInDataSheetGetDataWithId" time="0.001" classname="com.fusioncharts.apitest.GetDataWithId"/>
  <testcase name="verifyChartIsRenderedGetDataWithId" time="0.495" classname="com.fusioncharts.apitest.GetDataWithId"/>
  <testcase name="verifyAPIGetDataWithId" time="34.176" classname="com.fusioncharts.apitest.GetDataWithId"/>
</testsuite> <!-- com.fusioncharts.apitest.GetDataWithId -->
