<?xml version="1.0" encoding="UTF-8"?>
<!-- Generated by org.testng.reporters.JUnitReportReporter -->
<testsuite skipped="0" hostname="LPMB-Kol-Saurav.local" name="com.fusioncharts.apitest.GetObjectReference" tests="3" failures="0" timestamp="22 Jul 2019 11:52:57 GMT" time="3.024" errors="0">
  <testcase name="verifyAPIExistsInDataSheetGetObjectReference" time="0.009" classname="com.fusioncharts.apitest.GetObjectReference"/>
  <testcase name="verifyChartIsRenderedGetObjectReference" time="0.761" classname="com.fusioncharts.apitest.GetObjectReference"/>
  <testcase name="verifyAPIGetObjectReference" time="2.254" classname="com.fusioncharts.apitest.GetObjectReference"/>
</testsuite> <!-- com.fusioncharts.apitest.GetObjectReference -->
