<?xml version="1.0" encoding="UTF-8"?>
<!-- Generated by org.testng.reporters.JUnitReportReporter -->
<testsuite hostname="Souviks-MacBook-Pro.local" failures="0" tests="3" name="com.fusioncharts.apitest.GetData" time="0.676" errors="0" timestamp="2020-02-25T15:47:09 IST" skipped="0">
  <testcase classname="com.fusioncharts.apitest.GetData" name="verifyAPIExistsInDataSheetGetData" time="0.005"/>
  <testcase classname="com.fusioncharts.apitest.GetData" name="verifyChartIsRenderedGetData" time="0.646"/>
  <testcase classname="com.fusioncharts.apitest.GetData" name="verifyAPIGetData" time="0.025"/>
</testsuite> <!-- com.fusioncharts.apitest.GetData -->
