<?xml version="1.0" encoding="UTF-8"?>
<!-- Generated by org.testng.reporters.JUnitReportReporter -->
<testsuite skipped="0" hostname="LPMB-Kol-Saurav.local" name="com.fusioncharts.apitest.LockResize_ResizeTo" tests="3" failures="0" timestamp="07 Aug 2019 09:42:45 GMT" time="6.750" errors="0">
  <testcase name="verifyAPIExistsInDataSheetLockResize_ResizeTo" time="0.010" classname="com.fusioncharts.apitest.LockResize_ResizeTo"/>
  <testcase name="verifyChartIsRenderedLockResize_ResizeTo" time="0.260" classname="com.fusioncharts.apitest.LockResize_ResizeTo"/>
  <testcase name="verifyAPILockResize_ResizeTo" time="6.480" classname="com.fusioncharts.apitest.LockResize_ResizeTo"/>
</testsuite> <!-- com.fusioncharts.apitest.LockResize_ResizeTo -->
