<?xml version="1.0" encoding="UTF-8"?>
<!-- Generated by org.testng.reporters.JUnitReportReporter -->
<testsuite skipped="0" hostname="LPMB-Kol-Saurav.local" name="com.fusioncharts.apitest.RealTimeAPIs" tests="3" failures="0" timestamp="24 Sep 2019 13:26:25 GMT" time="58.659" errors="0">
  <testcase name="verifyAPIExistsInDataSheetRealTimeAPIs" time="0.024" classname="com.fusioncharts.apitest.RealTimeAPIs"/>
  <testcase name="verifyChartIsRenderedRealTimeAPIs" time="1.065" classname="com.fusioncharts.apitest.RealTimeAPIs"/>
  <testcase name="verifyAPIRealTimeAPIs" time="57.570" classname="com.fusioncharts.apitest.RealTimeAPIs"/>
</testsuite> <!-- com.fusioncharts.apitest.RealTimeAPIs -->
