<?xml version="1.0" encoding="UTF-8"?>
<!-- Generated by org.testng.reporters.JUnitReportReporter -->
<testsuite skipped="0" hostname="LPMB-Kol-Saurav.local" name="com.fusioncharts.apitest.ConfigureLink" tests="3" failures="0" timestamp="08 Aug 2019 11:58:59 GMT" time="5.686" errors="0">
  <testcase name="verifyAPIExistsInDataSheetConfigureLink" time="0.001" classname="com.fusioncharts.apitest.ConfigureLink"/>
  <testcase name="verifyChartIsRenderedConfigureLink" time="0.304" classname="com.fusioncharts.apitest.ConfigureLink"/>
  <testcase name="verifyAPIConfigureLink" time="5.381" classname="com.fusioncharts.apitest.ConfigureLink"/>
</testsuite> <!-- com.fusioncharts.apitest.ConfigureLink -->
