<?xml version="1.0" encoding="UTF-8"?>
<!-- Generated by org.testng.reporters.JUnitReportReporter -->
<testsuite skipped="0" hostname="LPMB-Kol-Saurav.local" name="com.fusioncharts.apitest.SetChartDataUrl" tests="3" failures="0" timestamp="02 Aug 2019 13:47:03 GMT" time="4.341" errors="0">
  <testcase name="verifyAPIExistsInDataSheetSetChartDataUrl" time="0.001" classname="com.fusioncharts.apitest.SetChartDataUrl"/>
  <testcase name="verifyChartIsRenderedSetChartDataUrl" time="0.365" classname="com.fusioncharts.apitest.SetChartDataUrl"/>
  <testcase name="verifyAPISetChartDataUrl" time="3.975" classname="com.fusioncharts.apitest.SetChartDataUrl"/>
</testsuite> <!-- com.fusioncharts.apitest.SetChartDataUrl -->
