<?xml version="1.0" encoding="UTF-8"?>
<!-- Generated by org.testng.reporters.JUnitReportReporter -->
<testsuite skipped="0" hostname="LPMB-KOl-Sahelee.local" name="com.fusioncharts.apitest.Configure" tests="3" failures="0" timestamp="05 Aug 2019 10:09:53 GMT" time="1.677" errors="0">
  <testcase name="verifyAPIExistsInDataSheetconfigure" time="0.008" classname="com.fusioncharts.apitest.Configure"/>
  <testcase name="verifyChartIsRenderedConfigure" time="0.130" classname="com.fusioncharts.apitest.Configure"/>
  <testcase name="verifyAPIConfigure" time="1.539" classname="com.fusioncharts.apitest.Configure"/>
</testsuite> <!-- com.fusioncharts.apitest.Configure -->
