<?xml version="1.0" encoding="UTF-8"?>
<!-- Generated by org.testng.reporters.JUnitReportReporter -->
<testsuite skipped="0" hostname="LPMB-Kol-Saurav.local" name="com.fusioncharts.apitest.GetCSVData" tests="3" failures="0" timestamp="06 Aug 2019 11:19:34 GMT" time="2.465" errors="0">
  <testcase name="verifyAPIExistsInDataSheetGetCSVData" time="0.008" classname="com.fusioncharts.apitest.GetCSVData"/>
  <testcase name="verifyChartIsRenderedGetCSVData" time="0.584" classname="com.fusioncharts.apitest.GetCSVData"/>
  <testcase name="verifyAPIGetCSVData" time="1.873" classname="com.fusioncharts.apitest.GetCSVData"/>
</testsuite> <!-- com.fusioncharts.apitest.GetCSVData -->
