<?xml version="1.0" encoding="UTF-8"?>
<!-- Generated by org.testng.reporters.JUnitReportReporter -->
<testsuite skipped="0" hostname="LPMB-KOl-Sahelee.local" name="com.fusioncharts.apitest.AddEventListener" tests="3" failures="0" timestamp="01 Aug 2019 07:49:33 GMT" time="3.590" errors="0">
  <testcase name="verifyAPIExistsInDataSheetAddEventListener" time="0.001" classname="com.fusioncharts.apitest.AddEventListener"/>
  <testcase name="verifyChartIsRenderedAddEventListener" time="0.713" classname="com.fusioncharts.apitest.AddEventListener"/>
  <testcase name="verifyAPIAddEventListener" time="2.876" classname="com.fusioncharts.apitest.AddEventListener"/>
</testsuite> <!-- com.fusioncharts.apitest.AddEventListener -->
