<?xml version="1.0" encoding="UTF-8"?>
<!-- Generated by org.testng.reporters.JUnitReportReporter -->
<testsuite skipped="0" hostname="LPMB-Kol-Saurav.local" name="com.fusioncharts.apitest.GetData" tests="3" failures="0" timestamp="05 Aug 2019 12:26:00 GMT" time="0.471" errors="0">
  <testcase name="verifyAPIExistsInDataSheetGetData" time="0.002" classname="com.fusioncharts.apitest.GetData"/>
  <testcase name="verifyChartIsRenderedGetData" time="0.381" classname="com.fusioncharts.apitest.GetData"/>
  <testcase name="verifyAPIGetData" time="0.088" classname="com.fusioncharts.apitest.GetData"/>
</testsuite> <!-- com.fusioncharts.apitest.GetData -->
