<?xml version="1.0" encoding="UTF-8"?>
<!-- Generated by org.testng.reporters.JUnitReportReporter -->
<testsuite skipped="0" hostname="LPMB-Kol-Saurav.local" name="com.fusioncharts.apitest.GetChartAttribute" tests="3" failures="0" timestamp="05 Aug 2019 13:04:18 GMT" time="2.757" errors="0">
  <testcase name="verifyAPIExistsInDataSheetGetChartAttribute" time="0.006" classname="com.fusioncharts.apitest.GetChartAttribute"/>
  <testcase name="verifyChartIsRenderedGetChartAttribute" time="0.589" classname="com.fusioncharts.apitest.GetChartAttribute"/>
  <testcase name="verifyAPIGetChartAttribute" time="2.162" classname="com.fusioncharts.apitest.GetChartAttribute"/>
</testsuite> <!-- com.fusioncharts.apitest.GetChartAttribute -->
