<?xml version="1.0" encoding="UTF-8"?>
<!-- Generated by org.testng.reporters.JUnitReportReporter -->
<testsuite skipped="0" hostname="LPMB-Kol-Saurav.local" name="com.fusioncharts.apitest.ClearChart" tests="3" failures="0" timestamp="01 Aug 2019 14:08:59 GMT" time="25.029" errors="0">
  <testcase name="verifyAPIExistsInDataSheetAddEventListener" time="0.001" classname="com.fusioncharts.apitest.ClearChart"/>
  <testcase name="verifyChartIsRenderedAddEventListener" time="0.493" classname="com.fusioncharts.apitest.ClearChart"/>
  <testcase name="verifyAPIAddEventListener" time="24.535" classname="com.fusioncharts.apitest.ClearChart"/>
</testsuite> <!-- com.fusioncharts.apitest.ClearChart -->
