<?xml version="1.0" encoding="UTF-8"?>
<!-- Generated by org.testng.reporters.JUnitReportReporter -->
<testsuite skipped="0" hostname="LPMB-Kol-Saurav.local" name="com.fusioncharts.apitest.LockResize_ResizeTo" tests="3" failures="0" timestamp="24 Sep 2019 12:53:05 GMT" time="11.048" errors="0">
  <testcase name="verifyAPIExistsInDataSheetLockResize_ResizeTo" time="0.000" classname="com.fusioncharts.apitest.LockResize_ResizeTo"/>
  <testcase name="verifyChartIsRenderedLockResize_ResizeTo" time="2.860" classname="com.fusioncharts.apitest.LockResize_ResizeTo"/>
  <testcase name="verifyAPILockResize_ResizeTo" time="8.188" classname="com.fusioncharts.apitest.LockResize_ResizeTo"/>
</testsuite> <!-- com.fusioncharts.apitest.LockResize_ResizeTo -->
