<?xml version="1.0" encoding="UTF-8"?>
<!-- Generated by org.testng.reporters.JUnitReportReporter -->
<testsuite hostname="Souviks-MacBook-Pro.local" failures="0" tests="3" name="com.fusioncharts.apitest.ShowChartMessage" time="13.547" errors="0" timestamp="2019-11-29T16:48:04 IST" skipped="0">
  <testcase classname="com.fusioncharts.apitest.ShowChartMessage" name="verifyAPIExistsInDataSheetShowChartMessage" time="0.003"/>
  <testcase classname="com.fusioncharts.apitest.ShowChartMessage" name="verifyChartIsRenderedShowChartMessage" time="2.364"/>
  <testcase classname="com.fusioncharts.apitest.ShowChartMessage" name="verifyAPIShowChartMessage" time="11.180"/>
</testsuite> <!-- com.fusioncharts.apitest.ShowChartMessage -->
