<?xml version="1.0" encoding="UTF-8"?>
<!-- Generated by org.testng.reporters.JUnitReportReporter -->
<testsuite skipped="0" hostname="LPMB-Kol-Saurav.local" name="com.fusioncharts.apitest.SetData" tests="3" failures="0" timestamp="05 Aug 2019 12:26:00 GMT" time="8.110" errors="0">
  <testcase name="verifyAPIExistsInDataSheetSetData" time="0.000" classname="com.fusioncharts.apitest.SetData"/>
  <testcase name="verifyChartIsRenderedSetData" time="0.388" classname="com.fusioncharts.apitest.SetData"/>
  <testcase name="verifyAPISetData" time="7.722" classname="com.fusioncharts.apitest.SetData"/>
</testsuite> <!-- com.fusioncharts.apitest.SetData -->
