<?xml version="1.0" encoding="UTF-8"?>
<!-- Generated by org.testng.reporters.JUnitReportReporter -->
<testsuite skipped="0" hostname="LPMB-KOl-Sahelee.local" name="com.fusioncharts.apitest.FeedData" tests="3" failures="0" timestamp="08 Aug 2019 11:00:53 GMT" time="5.344" errors="0">
  <testcase name="verifyAPIExistsInDataSheetFeedData" time="0.003" classname="com.fusioncharts.apitest.FeedData"/>
  <testcase name="verifyChartIsRenderedFeedData" time="0.515" classname="com.fusioncharts.apitest.FeedData"/>
  <testcase name="verifyAPIFeedData" time="4.826" classname="com.fusioncharts.apitest.FeedData"/>
</testsuite> <!-- com.fusioncharts.apitest.FeedData -->
