<?xml version="1.0" encoding="UTF-8"?>
<!-- Generated by org.testng.reporters.JUnitReportReporter -->
<testsuite skipped="0" hostname="LPMB-KOl-Sahelee.local" name="com.fusioncharts.apitest.GetChartAttribute" tests="3" failures="0" timestamp="08 Aug 2019 11:00:53 GMT" time="3.579" errors="0">
  <testcase name="verifyAPIExistsInDataSheetGetChartAttribute" time="0.001" classname="com.fusioncharts.apitest.GetChartAttribute"/>
  <testcase name="verifyChartIsRenderedGetChartAttribute" time="0.813" classname="com.fusioncharts.apitest.GetChartAttribute"/>
  <testcase name="verifyAPIGetChartAttribute" time="2.765" classname="com.fusioncharts.apitest.GetChartAttribute"/>
</testsuite> <!-- com.fusioncharts.apitest.GetChartAttribute -->
