<?xml version="1.0" encoding="UTF-8"?>
<!-- Generated by org.testng.reporters.JUnitReportReporter -->
<testsuite skipped="0" hostname="LPMB-KOl-Sahelee.local" name="com.fusioncharts.apitest.SetJSONData" tests="3" failures="0" timestamp="08 Aug 2019 11:00:53 GMT" time="5.950" errors="0">
  <testcase name="verifyAPIExistsInDataSheetSetJSONData" time="0.001" classname="com.fusioncharts.apitest.SetJSONData"/>
  <testcase name="verifyChartIsRenderedSetJSONData" time="2.534" classname="com.fusioncharts.apitest.SetJSONData"/>
  <testcase name="verifyAPISetJSONData" time="3.415" classname="com.fusioncharts.apitest.SetJSONData"/>
</testsuite> <!-- com.fusioncharts.apitest.SetJSONData -->
