<?xml version="1.0" encoding="UTF-8"?>
<!-- Generated by org.testng.reporters.JUnitReportReporter -->
<testsuite hostname="Souviks-MacBook-Pro.local" failures="0" tests="3" name="com.fusioncharts.apitest.SetJSONData" time="5.809" errors="0" timestamp="2019-11-29T18:39:25 IST" skipped="0">
  <testcase classname="com.fusioncharts.apitest.SetJSONData" name="verifyAPIExistsInDataSheetSetJSONData" time="0.008"/>
  <testcase classname="com.fusioncharts.apitest.SetJSONData" name="verifyChartIsRenderedSetJSONData" time="2.409"/>
  <testcase classname="com.fusioncharts.apitest.SetJSONData" name="verifyAPISetJSONData" time="3.392"/>
</testsuite> <!-- com.fusioncharts.apitest.SetJSONData -->
