<?xml version="1.0" encoding="UTF-8"?>
<!-- Generated by org.testng.reporters.JUnitReportReporter -->
<testsuite hostname="Souviks-MacBook-Pro.local" failures="0" tests="7" name="com.fusioncharts.apitest.DragableChartAPIs" time="29.091" errors="0" timestamp="2020-02-25T15:47:09 IST" skipped="0">
  <testcase classname="com.fusioncharts.apitest.DragableChartAPIs" name="verifyAPIExistsInDataSheetZoomlineAPIs" time="0.002"/>
  <testcase classname="com.fusioncharts.apitest.DragableChartAPIs" name="verifyChartIsRenderedDragcolumn2d" time="0.515"/>
  <testcase classname="com.fusioncharts.apitest.DragableChartAPIs" name="verifyAPIDragcolumn2d" time="9.402"/>
  <testcase classname="com.fusioncharts.apitest.DragableChartAPIs" name="verifyChartIsRenderedDragline" time="0.359"/>
  <testcase classname="com.fusioncharts.apitest.DragableChartAPIs" name="verifyAPIDragline" time="9.283"/>
  <testcase classname="com.fusioncharts.apitest.DragableChartAPIs" name="verifyChartIsRenderedDragarea" time="0.236"/>
  <testcase classname="com.fusioncharts.apitest.DragableChartAPIs" name="verifyAPIDragarea" time="9.294"/>
</testsuite> <!-- com.fusioncharts.apitest.DragableChartAPIs -->
