<?xml version="1.0" encoding="UTF-8"?>
<!-- Generated by org.testng.reporters.JUnitReportReporter -->
<testsuite skipped="0" hostname="LPMB-Kol-Saurav.local" name="com.fusioncharts.apitest.CenterLabel" tests="3" failures="0" timestamp="05 Aug 2019 12:26:00 GMT" time="2.988" errors="0">
  <testcase name="verifyAPIExistsInDataSheetCenterLabel" time="0.001" classname="com.fusioncharts.apitest.CenterLabel"/>
  <testcase name="verifyChartIsRenderedCenterLabel" time="0.421" classname="com.fusioncharts.apitest.CenterLabel"/>
  <testcase name="verifyAPICenterLabel" time="2.566" classname="com.fusioncharts.apitest.CenterLabel"/>
</testsuite> <!-- com.fusioncharts.apitest.CenterLabel -->
