<?xml version="1.0" encoding="UTF-8"?>
<!-- Generated by org.testng.reporters.JUnitReportReporter -->
<<<<<<< HEAD
<testsuite skipped="0" hostname="LPMB-KOl-Sahelee.local" name="com.fusioncharts.apitest.GetCSVData" tests="3" failures="0" timestamp="08 Aug 2019 11:00:53 GMT" time="2.166" errors="0">
  <testcase name="verifyAPIExistsInDataSheetGetCSVData" time="0.000" classname="com.fusioncharts.apitest.GetCSVData"/>
  <testcase name="verifyChartIsRenderedGetCSVData" time="0.805" classname="com.fusioncharts.apitest.GetCSVData"/>
  <testcase name="verifyAPIGetCSVData" time="1.361" classname="com.fusioncharts.apitest.GetCSVData"/>
=======
<testsuite skipped="0" hostname="LPMB-Kol-Saurav.local" name="com.fusioncharts.apitest.GetCSVData" tests="3" failures="0" timestamp="08 Aug 2019 11:59:00 GMT" time="1.520" errors="0">
  <testcase name="verifyAPIExistsInDataSheetGetCSVData" time="0.001" classname="com.fusioncharts.apitest.GetCSVData"/>
  <testcase name="verifyChartIsRenderedGetCSVData" time="0.481" classname="com.fusioncharts.apitest.GetCSVData"/>
  <testcase name="verifyAPIGetCSVData" time="1.038" classname="com.fusioncharts.apitest.GetCSVData"/>
>>>>>>> 34API
</testsuite> <!-- com.fusioncharts.apitest.GetCSVData -->
