<?xml version="1.0" encoding="UTF-8"?>
<!-- Generated by org.testng.reporters.JUnitReportReporter -->
<testsuite hostname="Souviks-MacBook-Pro.local" failures="0" tests="3" name="com.fusioncharts.apitest.RealTimeAPIsAutoFeedLog" time="37.665" errors="0" timestamp="2019-11-29T18:39:25 IST" skipped="0">
  <testcase classname="com.fusioncharts.apitest.RealTimeAPIsAutoFeedLog" name="verifyAPIExistsInDataSheetRealTimeAPIsAutoFeedLog" time="0.002"/>
  <testcase classname="com.fusioncharts.apitest.RealTimeAPIsAutoFeedLog" name="verifyChartIsRenderedRealTimeAPIsAutoFeedLog" time="0.418"/>
  <testcase classname="com.fusioncharts.apitest.RealTimeAPIsAutoFeedLog" name="verifyAPIRealTimeAPIsAutoFeedLog" time="37.245"/>
</testsuite> <!-- com.fusioncharts.apitest.RealTimeAPIsAutoFeedLog -->
