<?xml version="1.0" encoding="UTF-8"?>
<!-- Generated by org.testng.reporters.JUnitReportReporter -->
<testsuite skipped="0" hostname="LPMB-Kol-Saurav.local" name="com.fusioncharts.apitest.ClearChart" tests="3" failures="0" timestamp="02 Aug 2019 13:47:03 GMT" time="25.109" errors="0">
  <testcase name="verifyAPIExistsInDataSheetClearChart" time="0.000" classname="com.fusioncharts.apitest.ClearChart"/>
  <testcase name="verifyChartIsRenderedClearChart" time="0.369" classname="com.fusioncharts.apitest.ClearChart"/>
  <testcase name="verifyAPIClearChart" time="24.740" classname="com.fusioncharts.apitest.ClearChart"/>
</testsuite> <!-- com.fusioncharts.apitest.ClearChart -->
