<?xml version="1.0" encoding="UTF-8"?>
<!-- Generated by org.testng.reporters.JUnitReportReporter -->
<<<<<<< HEAD
<testsuite skipped="0" hostname="LPMB-KOl-Sahelee.local" name="com.fusioncharts.apitest.ZoomlineAPIs" tests="3" failures="0" timestamp="08 Aug 2019 11:00:53 GMT" time="15.112" errors="0">
  <testcase name="verifyAPIExistsInDataSheetZoomlineAPIs" time="0.000" classname="com.fusioncharts.apitest.ZoomlineAPIs"/>
  <testcase name="verifyChartIsRenderedZoomlineAPIs" time="0.554" classname="com.fusioncharts.apitest.ZoomlineAPIs"/>
  <testcase name="verifyAPIZoomlineAPIs" time="14.558" classname="com.fusioncharts.apitest.ZoomlineAPIs"/>
=======
<testsuite skipped="0" hostname="LPMB-Kol-Saurav.local" name="com.fusioncharts.apitest.ZoomlineAPIs" tests="3" failures="0" timestamp="08 Aug 2019 11:59:00 GMT" time="13.944" errors="0">
  <testcase name="verifyAPIExistsInDataSheetZoomlineAPIs" time="0.001" classname="com.fusioncharts.apitest.ZoomlineAPIs"/>
  <testcase name="verifyChartIsRenderedZoomlineAPIs" time="0.602" classname="com.fusioncharts.apitest.ZoomlineAPIs"/>
  <testcase name="verifyAPIZoomlineAPIs" time="13.341" classname="com.fusioncharts.apitest.ZoomlineAPIs"/>
>>>>>>> 34API
</testsuite> <!-- com.fusioncharts.apitest.ZoomlineAPIs -->
