<?xml version="1.0" encoding="UTF-8"?>
<!-- Generated by org.testng.reporters.JUnitReportReporter -->
<testsuite skipped="0" hostname="LPMB-Kol-Saurav.local" name="com.fusioncharts.apitest.SetJSONUrl" tests="3" failures="0" timestamp="02 Aug 2019 13:47:03 GMT" time="4.430" errors="0">
  <testcase name="verifyAPIExistsInDataSheetSetJSONUrl" time="0.000" classname="com.fusioncharts.apitest.SetJSONUrl"/>
  <testcase name="verifyChartIsRenderedSetJSONUrl" time="0.362" classname="com.fusioncharts.apitest.SetJSONUrl"/>
  <testcase name="verifyAPISetJSONUrl" time="4.068" classname="com.fusioncharts.apitest.SetJSONUrl"/>
</testsuite> <!-- com.fusioncharts.apitest.SetJSONUrl -->
