<?xml version="1.0" encoding="UTF-8"?>
<!-- Generated by org.testng.reporters.JUnitReportReporter -->
<testsuite hostname="Souviks-MacBook-Pro.local" failures="0" tests="3" name="com.fusioncharts.apitest.SetXMLData" time="4.605" errors="0" timestamp="2019-11-29T16:48:04 IST" skipped="0">
  <testcase classname="com.fusioncharts.apitest.SetXMLData" name="verifyAPIExistsInDataSheetSetXMLData" time="0.004"/>
  <testcase classname="com.fusioncharts.apitest.SetXMLData" name="verifyChartIsRenderedSetXMLData" time="2.381"/>
  <testcase classname="com.fusioncharts.apitest.SetXMLData" name="verifyAPISetXMLData" time="2.220"/>
</testsuite> <!-- com.fusioncharts.apitest.SetXMLData -->
