<?xml version="1.0" encoding="UTF-8"?>
<!-- Generated by org.testng.reporters.JUnitReportReporter -->
<testsuite skipped="0" hostname="LPMB-KOl-Sahelee.local" name="com.fusioncharts.apitest.SetXMLUrl" tests="3" failures="0" timestamp="05 Aug 2019 07:43:10 GMT" time="4.405" errors="0">
  <testcase name="verifyAPIExistsInDataSheetSetXMLUrl" time="0.000" classname="com.fusioncharts.apitest.SetXMLUrl"/>
  <testcase name="verifyChartIsRenderedSetXMLUrl" time="0.360" classname="com.fusioncharts.apitest.SetXMLUrl"/>
  <testcase name="verifyAPISetXMLUrl" time="4.045" classname="com.fusioncharts.apitest.SetXMLUrl"/>
</testsuite> <!-- com.fusioncharts.apitest.SetXMLUrl -->
