<?xml version="1.0" encoding="UTF-8"?>
<!-- Generated by org.testng.reporters.JUnitReportReporter -->
<testsuite hostname="Souviks-MacBook-Pro.local" failures="0" tests="7" name="com.fusioncharts.apitest.DragableChartAPIs" time="24.850" errors="0" timestamp="2019-11-29T18:39:25 IST" skipped="0">
  <testcase classname="com.fusioncharts.apitest.DragableChartAPIs" name="verifyAPIExistsInDataSheetZoomlineAPIs" time="0.001"/>
  <testcase classname="com.fusioncharts.apitest.DragableChartAPIs" name="verifyChartIsRenderedDragcolumn2d" time="0.426"/>
  <testcase classname="com.fusioncharts.apitest.DragableChartAPIs" name="verifyAPIDragcolumn2d" time="7.645"/>
  <testcase classname="com.fusioncharts.apitest.DragableChartAPIs" name="verifyChartIsRenderedDragline" time="0.309"/>
  <testcase classname="com.fusioncharts.apitest.DragableChartAPIs" name="verifyAPIDragline" time="8.574"/>
  <testcase classname="com.fusioncharts.apitest.DragableChartAPIs" name="verifyChartIsRenderedDragarea" time="0.236"/>
  <testcase classname="com.fusioncharts.apitest.DragableChartAPIs" name="verifyAPIDragarea" time="7.659"/>
</testsuite> <!-- com.fusioncharts.apitest.DragableChartAPIs -->
