<?xml version="1.0" encoding="UTF-8"?>
<!-- Generated by org.testng.reporters.JUnitReportReporter -->
<<<<<<< HEAD
<testsuite skipped="0" hostname="LPMB-KOl-Sahelee.local" name="com.fusioncharts.apitest.ZoomlineAPIs" tests="3" failures="0" timestamp="05 Aug 2019 07:43:10 GMT" time="14.496" errors="0">
  <testcase name="verifyAPIExistsInDataSheetZoomlineAPIs" time="0.002" classname="com.fusioncharts.apitest.ZoomlineAPIs"/>
  <testcase name="verifyChartIsRenderedZoomlineAPIs" time="0.598" classname="com.fusioncharts.apitest.ZoomlineAPIs"/>
  <testcase name="verifyAPIZoomlineAPIs" time="13.896" classname="com.fusioncharts.apitest.ZoomlineAPIs"/>
=======
<testsuite skipped="0" hostname="LPMB-Kol-Saurav.local" name="com.fusioncharts.apitest.ZoomlineAPIs" tests="3" failures="0" timestamp="05 Aug 2019 12:26:00 GMT" time="14.907" errors="0">
  <testcase name="verifyAPIExistsInDataSheetZoomlineAPIs" time="0.001" classname="com.fusioncharts.apitest.ZoomlineAPIs"/>
  <testcase name="verifyChartIsRenderedZoomlineAPIs" time="0.649" classname="com.fusioncharts.apitest.ZoomlineAPIs"/>
  <testcase name="verifyAPIZoomlineAPIs" time="14.257" classname="com.fusioncharts.apitest.ZoomlineAPIs"/>
>>>>>>> 40+ APIs completed and zoomline in progress
</testsuite> <!-- com.fusioncharts.apitest.ZoomlineAPIs -->
