<?xml version="1.0" encoding="UTF-8"?>
<!-- Generated by org.testng.reporters.JUnitReportReporter -->
<testsuite skipped="0" hostname="LPMB-KOl-Sahelee.local" name="com.fusioncharts.apitest.SetXMLData" tests="3" failures="0" timestamp="16 Aug 2019 07:55:49 GMT" time="6.945" errors="0">
  <testcase name="verifyAPIExistsInDataSheetSetXMLData" time="0.009" classname="com.fusioncharts.apitest.SetXMLData"/>
  <testcase name="verifyChartIsRenderedSetXMLData" time="3.630" classname="com.fusioncharts.apitest.SetXMLData"/>
  <testcase name="verifyAPISetXMLData" time="3.306" classname="com.fusioncharts.apitest.SetXMLData"/>
</testsuite> <!-- com.fusioncharts.apitest.SetXMLData -->
