<?xml version="1.0" encoding="UTF-8"?>
<!-- Generated by org.testng.reporters.JUnitReportReporter -->
<<<<<<< HEAD
<testsuite skipped="0" hostname="LPMB-KOl-Sahelee.local" name="com.fusioncharts.apitest.GetDataWithId" tests="3" failures="0" timestamp="05 Aug 2019 07:43:10 GMT" time="34.661" errors="0">
  <testcase name="verifyAPIExistsInDataSheetGetDataWithId" time="0.000" classname="com.fusioncharts.apitest.GetDataWithId"/>
  <testcase name="verifyChartIsRenderedGetDataWithId" time="0.496" classname="com.fusioncharts.apitest.GetDataWithId"/>
  <testcase name="verifyAPIGetDataWithId" time="34.165" classname="com.fusioncharts.apitest.GetDataWithId"/>
=======
<testsuite skipped="0" hostname="LPMB-Kol-Saurav.local" name="com.fusioncharts.apitest.GetDataWithId" tests="3" failures="0" timestamp="05 Aug 2019 12:26:00 GMT" time="33.690" errors="0">
  <testcase name="verifyAPIExistsInDataSheetGetDataWithId" time="0.001" classname="com.fusioncharts.apitest.GetDataWithId"/>
  <testcase name="verifyChartIsRenderedGetDataWithId" time="0.406" classname="com.fusioncharts.apitest.GetDataWithId"/>
  <testcase name="verifyAPIGetDataWithId" time="33.283" classname="com.fusioncharts.apitest.GetDataWithId"/>
>>>>>>> 40+ APIs completed and zoomline in progress
</testsuite> <!-- com.fusioncharts.apitest.GetDataWithId -->
