<?xml version="1.0" encoding="UTF-8"?>
<!-- Generated by org.testng.reporters.JUnitReportReporter -->
<testsuite hostname="Souviks-MacBook-Pro.local" failures="0" tests="3" name="com.fusioncharts.apitest.RealTimeAPIsAutoFeed" time="353.540" errors="0" timestamp="2019-11-29T18:39:25 IST" skipped="0">
  <testcase classname="com.fusioncharts.apitest.RealTimeAPIsAutoFeed" name="verifyAPIExistsInDataSheetRealTimeAPIsAutoFeed" time="0.002"/>
  <testcase classname="com.fusioncharts.apitest.RealTimeAPIsAutoFeed" name="verifyChartIsRenderedRealTimeAPIsAutoFeed" time="0.710"/>
  <testcase classname="com.fusioncharts.apitest.RealTimeAPIsAutoFeed" name="verifyAPIRealTimeAPIsAutoFeed" time="352.828"/>
</testsuite> <!-- com.fusioncharts.apitest.RealTimeAPIsAutoFeed -->
