<?xml version="1.0" encoding="UTF-8"?>
<!-- Generated by org.testng.reporters.JUnitReportReporter -->
<<<<<<< HEAD
<testsuite skipped="0" hostname="LPMB-KOl-Sahelee.local" name="com.fusioncharts.apitest.FormatNumber" tests="3" failures="0" timestamp="08 Aug 2019 11:00:53 GMT" time="1.806" errors="0">
  <testcase name="verifyAPIExistsInDataSheetFormatNumber" time="0.008" classname="com.fusioncharts.apitest.FormatNumber"/>
  <testcase name="verifyChartIsRenderedFormatNumber" time="0.913" classname="com.fusioncharts.apitest.FormatNumber"/>
  <testcase name="verifyAPIChartTypeFormatNumber" time="0.885" classname="com.fusioncharts.apitest.FormatNumber"/>
=======
<testsuite skipped="0" hostname="LPMB-Kol-Saurav.local" name="com.fusioncharts.apitest.FormatNumber" tests="3" failures="0" timestamp="08 Aug 2019 11:59:00 GMT" time="1.203" errors="0">
  <testcase name="verifyAPIExistsInDataSheetFormatNumber" time="0.001" classname="com.fusioncharts.apitest.FormatNumber"/>
  <testcase name="verifyChartIsRenderedFormatNumber" time="0.417" classname="com.fusioncharts.apitest.FormatNumber"/>
  <testcase name="verifyAPIChartTypeFormatNumber" time="0.785" classname="com.fusioncharts.apitest.FormatNumber"/>
>>>>>>> 34API
</testsuite> <!-- com.fusioncharts.apitest.FormatNumber -->
