<?xml version="1.0" encoding="UTF-8"?>
<!-- Generated by org.testng.reporters.JUnitReportReporter -->
<testsuite skipped="0" hostname="LPMB-Kol-Saurav.local" name="com.fusioncharts.apitest.GetObjectReference" tests="3" failures="0" timestamp="23 Jul 2019 13:18:50 GMT" time="2.430" errors="0">
  <testcase name="verifyAPIExistsInDataSheetGetObjectReference" time="0.008" classname="com.fusioncharts.apitest.GetObjectReference"/>
  <testcase name="verifyChartIsRenderedGetObjectReference" time="0.370" classname="com.fusioncharts.apitest.GetObjectReference"/>
  <testcase name="verifyAPIGetObjectReference" time="2.052" classname="com.fusioncharts.apitest.GetObjectReference"/>
</testsuite> <!-- com.fusioncharts.apitest.GetObjectReference -->
