<?xml version="1.0" encoding="UTF-8"?>
<!-- Generated by org.testng.reporters.JUnitReportReporter -->
<testsuite skipped="0" hostname="LPMB-Kol-Saurav.local" name="com.fusioncharts.apitest.SetXMLData" tests="3" failures="0" timestamp="24 Sep 2019 12:53:05 GMT" time="4.722" errors="0">
  <testcase name="verifyAPIExistsInDataSheetSetXMLData" time="0.001" classname="com.fusioncharts.apitest.SetXMLData"/>
  <testcase name="verifyChartIsRenderedSetXMLData" time="2.824" classname="com.fusioncharts.apitest.SetXMLData"/>
  <testcase name="verifyAPISetXMLData" time="1.897" classname="com.fusioncharts.apitest.SetXMLData"/>
</testsuite> <!-- com.fusioncharts.apitest.SetXMLData -->
