<?xml version="1.0" encoding="UTF-8"?>
<!-- Generated by org.testng.reporters.JUnitReportReporter -->
<testsuite skipped="0" hostname="LPMB-KOl-Sahelee.local" name="com.fusioncharts.apitest.SetChartData" tests="3" failures="0" timestamp="08 Aug 2019 11:00:53 GMT" time="6.015" errors="0">
  <testcase name="verifyAPIExistsInDataSheetSetChartData" time="0.001" classname="com.fusioncharts.apitest.SetChartData"/>
  <testcase name="verifyChartIsRenderedSetChartData" time="2.616" classname="com.fusioncharts.apitest.SetChartData"/>
  <testcase name="verifyAPISetChartData" time="3.398" classname="com.fusioncharts.apitest.SetChartData"/>
</testsuite> <!-- com.fusioncharts.apitest.SetChartData -->
