<?xml version="1.0" encoding="UTF-8"?>
<!-- Generated by org.testng.reporters.JUnitReportReporter -->
<testsuite skipped="0" hostname="LPMB-Kol-Saurav.local" name="com.fusioncharts.apitest.Clone" tests="3" failures="0" timestamp="30 Jul 2019 09:45:09 GMT" time="4.788" errors="0">
  <testcase name="verifyAPIExistsInDataSheetClone" time="0.007" classname="com.fusioncharts.apitest.Clone"/>
  <testcase name="verifyChartIsRenderedClone" time="0.504" classname="com.fusioncharts.apitest.Clone"/>
  <testcase name="verifyAPIClone" time="4.277" classname="com.fusioncharts.apitest.Clone"/>
</testsuite> <!-- com.fusioncharts.apitest.Clone -->
