<?xml version="1.0" encoding="UTF-8"?>
<!-- Generated by org.testng.reporters.JUnitReportReporter -->
<testsuite hostname="Souviks-MacBook-Pro.local" failures="0" tests="3" name="com.fusioncharts.apitest.FormatNumber" time="1.453" errors="0" timestamp="2020-02-25T15:47:09 IST" skipped="0">
  <testcase classname="com.fusioncharts.apitest.FormatNumber" name="verifyAPIExistsInDataSheetFormatNumber" time="0.013"/>
  <testcase classname="com.fusioncharts.apitest.FormatNumber" name="verifyChartIsRenderedFormatNumber" time="0.380"/>
  <testcase classname="com.fusioncharts.apitest.FormatNumber" name="verifyAPIChartTypeFormatNumber" time="1.060"/>
</testsuite> <!-- com.fusioncharts.apitest.FormatNumber -->
