<?xml version="1.0" encoding="UTF-8"?>
<!-- Generated by org.testng.reporters.JUnitReportReporter -->
<testsuite hostname="Souviks-MacBook-Pro.local" failures="0" tests="3" name="com.fusioncharts.apitest.SetJSONData" time="6.363" errors="0" timestamp="2019-11-29T16:48:04 IST" skipped="0">
  <testcase classname="com.fusioncharts.apitest.SetJSONData" name="verifyAPIExistsInDataSheetSetJSONData" time="0.004"/>
  <testcase classname="com.fusioncharts.apitest.SetJSONData" name="verifyChartIsRenderedSetJSONData" time="2.358"/>
  <testcase classname="com.fusioncharts.apitest.SetJSONData" name="verifyAPISetJSONData" time="4.001"/>
</testsuite> <!-- com.fusioncharts.apitest.SetJSONData -->
