<?xml version="1.0" encoding="UTF-8"?>
<!-- Generated by org.testng.reporters.JUnitReportReporter -->
<testsuite hostname="Souviks-MacBook-Pro.local" failures="0" tests="3" name="com.fusioncharts.apitest.FeedData" time="1.163" errors="0" timestamp="2020-02-25T15:47:09 IST" skipped="0">
  <testcase classname="com.fusioncharts.apitest.FeedData" name="verifyAPIExistsInDataSheetFeedData" time="0.006"/>
  <testcase classname="com.fusioncharts.apitest.FeedData" name="verifyChartIsRenderedFeedData" time="0.601"/>
  <testcase classname="com.fusioncharts.apitest.FeedData" name="verifyAPIFeedData" time="0.556"/>
</testsuite> <!-- com.fusioncharts.apitest.FeedData -->
