<?xml version="1.0" encoding="UTF-8"?>
<!-- Generated by org.testng.reporters.JUnitReportReporter -->
<testsuite hostname="Souviks-MacBook-Pro.local" failures="0" tests="3" name="com.fusioncharts.apitest.Clone" time="11.110" errors="0" timestamp="2020-02-25T15:47:09 IST" skipped="0">
  <testcase classname="com.fusioncharts.apitest.Clone" name="verifyAPIExistsInDataSheetClone" time="0.049"/>
  <testcase classname="com.fusioncharts.apitest.Clone" name="verifyChartIsRenderedClone" time="0.394"/>
  <testcase classname="com.fusioncharts.apitest.Clone" name="verifyAPIClone" time="10.667"/>
</testsuite> <!-- com.fusioncharts.apitest.Clone -->
