<?xml version="1.0" encoding="UTF-8"?>
<!-- Generated by org.testng.reporters.JUnitReportReporter -->
<testsuite hostname="Souviks-MacBook-Pro.local" failures="0" tests="3" name="com.fusioncharts.apitest.GetChartData" time="4.105" errors="0" timestamp="2019-11-29T16:48:04 IST" skipped="0">
  <testcase classname="com.fusioncharts.apitest.GetChartData" name="verifyAPIExistsInDataSheetGetChartData" time="0.003"/>
  <testcase classname="com.fusioncharts.apitest.GetChartData" name="verifyChartIsRenderedGetChartData" time="0.367"/>
  <testcase classname="com.fusioncharts.apitest.GetChartData" name="verifyAPIGetChartData" time="3.735"/>
</testsuite> <!-- com.fusioncharts.apitest.GetChartData -->
