<?xml version="1.0" encoding="UTF-8"?>
<!-- Generated by org.testng.reporters.JUnitReportReporter -->
<testsuite hostname="Souviks-MacBook-Pro.local" failures="0" tests="3" name="com.fusioncharts.apitest.SetJSONData" time="6.216" errors="0" timestamp="2020-02-25T15:47:09 IST" skipped="0">
  <testcase classname="com.fusioncharts.apitest.SetJSONData" name="verifyAPIExistsInDataSheetSetJSONData" time="0.006"/>
  <testcase classname="com.fusioncharts.apitest.SetJSONData" name="verifyChartIsRenderedSetJSONData" time="2.404"/>
  <testcase classname="com.fusioncharts.apitest.SetJSONData" name="verifyAPISetJSONData" time="3.806"/>
</testsuite> <!-- com.fusioncharts.apitest.SetJSONData -->
