<?xml version="1.0" encoding="UTF-8"?>
<!-- Generated by org.testng.reporters.JUnitReportReporter -->
<testsuite skipped="0" hostname="LPMB-KOl-Sahelee.local" name="com.fusioncharts.apitest.GetJSONData" tests="3" failures="0" timestamp="08 Aug 2019 11:00:53 GMT" time="1.970" errors="0">
  <testcase name="verifyAPIExistsInDataSheetGetJSONData" time="0.000" classname="com.fusioncharts.apitest.GetJSONData"/>
  <testcase name="verifyChartIsRenderedGetJSONData" time="0.439" classname="com.fusioncharts.apitest.GetJSONData"/>
  <testcase name="verifyAPIGetJSONData" time="1.531" classname="com.fusioncharts.apitest.GetJSONData"/>
</testsuite> <!-- com.fusioncharts.apitest.GetJSONData -->
