<?xml version="1.0" encoding="UTF-8"?>
<!-- Generated by org.testng.reporters.JUnitReportReporter -->
<testsuite hostname="Souviks-MacBook-Pro.local" failures="0" tests="3" name="com.fusioncharts.apitest.AnnotationAPIs" time="63.003" errors="0" timestamp="2020-02-25T15:47:09 IST" skipped="0">
  <testcase classname="com.fusioncharts.apitest.AnnotationAPIs" name="verifyAPIExistsInDataSheetAnnotationAPIs" time="0.001"/>
  <testcase classname="com.fusioncharts.apitest.AnnotationAPIs" name="verifyChartIsRenderedAnnotationAPIs" time="0.549"/>
  <testcase classname="com.fusioncharts.apitest.AnnotationAPIs" name="verifyAPIAnnotationAPIs" time="62.453"/>
</testsuite> <!-- com.fusioncharts.apitest.AnnotationAPIs -->
