<?xml version="1.0" encoding="UTF-8"?>
<!-- Generated by org.testng.reporters.JUnitReportReporter -->
<testsuite skipped="0" hostname="LPMB-Kol-Saurav.local" name="com.fusioncharts.apitest.Clone" tests="3" failures="0" timestamp="28 Jun 2019 09:19:59 GMT" time="0.514" errors="0">
  <testcase name="verifyAPIExistsInDataSheet" time="0.001" classname="com.fusioncharts.apitest.Clone"/>
  <testcase name="verifyChartIsRendered" time="0.399" classname="com.fusioncharts.apitest.Clone"/>
  <testcase name="verifyAPI" time="0.114" classname="com.fusioncharts.apitest.Clone"/>
</testsuite> <!-- com.fusioncharts.apitest.Clone -->
