<?xml version="1.0" encoding="UTF-8"?>
<!-- Generated by org.testng.reporters.JUnitReportReporter -->
<<<<<<< HEAD
=======
<<<<<<< HEAD
<testsuite skipped="0" hostname="LPMB-KOl-Sahelee.local" name="com.fusioncharts.apitest.GetData" tests="3" failures="0" timestamp="05 Aug 2019 07:43:10 GMT" time="0.487" errors="0">
  <testcase name="verifyAPIExistsInDataSheetGetData" time="0.001" classname="com.fusioncharts.apitest.GetData"/>
  <testcase name="verifyChartIsRenderedGetData" time="0.471" classname="com.fusioncharts.apitest.GetData"/>
  <testcase name="verifyAPIGetData" time="0.015" classname="com.fusioncharts.apitest.GetData"/>
=======
>>>>>>> mergebranch
<testsuite skipped="0" hostname="LPMB-Kol-Saurav.local" name="com.fusioncharts.apitest.GetData" tests="3" failures="0" timestamp="05 Aug 2019 12:26:00 GMT" time="0.471" errors="0">
  <testcase name="verifyAPIExistsInDataSheetGetData" time="0.002" classname="com.fusioncharts.apitest.GetData"/>
  <testcase name="verifyChartIsRenderedGetData" time="0.381" classname="com.fusioncharts.apitest.GetData"/>
  <testcase name="verifyAPIGetData" time="0.088" classname="com.fusioncharts.apitest.GetData"/>
<<<<<<< HEAD
=======
>>>>>>> 40+ APIs completed and zoomline in progress
>>>>>>> mergebranch
</testsuite> <!-- com.fusioncharts.apitest.GetData -->
