<?xml version="1.0" encoding="UTF-8"?>
<!-- Generated by org.testng.reporters.JUnitReportReporter -->
<testsuite skipped="0" hostname="LPMB-KOl-Sahelee.local" name="com.fusioncharts.apitest.GetXMLData" tests="3" failures="0" timestamp="06 Aug 2019 10:32:38 GMT" time="4.187" errors="0">
  <testcase name="verifyAPIExistsInDataSheetGetXMLData" time="0.008" classname="com.fusioncharts.apitest.GetXMLData"/>
  <testcase name="verifyChartIsRenderedGetXMLData" time="0.212" classname="com.fusioncharts.apitest.GetXMLData"/>
  <testcase name="verifyAPIGetXMLData" time="3.967" classname="com.fusioncharts.apitest.GetXMLData"/>
</testsuite> <!-- com.fusioncharts.apitest.GetXMLData -->
