<?xml version="1.0" encoding="UTF-8"?>
<!-- Generated by org.testng.reporters.JUnitReportReporter -->
<testsuite skipped="0" hostname="LPMB-Kol-Saurav.local" name="com.fusioncharts.apitest.GetData" tests="3" failures="0" timestamp="02 Aug 2019 13:47:03 GMT" time="0.471" errors="0">
  <testcase name="verifyAPIExistsInDataSheetGetData" time="0.000" classname="com.fusioncharts.apitest.GetData"/>
  <testcase name="verifyChartIsRenderedGetData" time="0.451" classname="com.fusioncharts.apitest.GetData"/>
  <testcase name="verifyAPIGetData" time="0.020" classname="com.fusioncharts.apitest.GetData"/>
</testsuite> <!-- com.fusioncharts.apitest.GetData -->
