<?xml version="1.0" encoding="UTF-8"?>
<!-- Generated by org.testng.reporters.JUnitReportReporter -->
<testsuite skipped="0" hostname="LPMB-Kol-Saurav.local" name="com.fusioncharts.apitest.ChartType" tests="4" failures="0" timestamp="25 Jul 2019 07:14:10 GMT" time="6.178" errors="0">
  <testcase name="verifyAPIExistsInDataSheetChartType" time="0.002" classname="com.fusioncharts.apitest.ChartType"/>
  <testcase name="verifyChartIsRenderedChartType" time="0.839" classname="com.fusioncharts.apitest.ChartType"/>
  <testcase name="verifyAPIChartType1paramChartType" time="2.607" classname="com.fusioncharts.apitest.ChartType"/>
  <testcase name="verifyAPIChartType3paramChartType" time="2.730" classname="com.fusioncharts.apitest.ChartType"/>
</testsuite> <!-- com.fusioncharts.apitest.ChartType -->
