<?xml version="1.0" encoding="UTF-8"?>
<!-- Generated by org.testng.reporters.JUnitReportReporter -->
<testsuite skipped="0" hostname="LPMB-KOl-Sahelee.local" name="com.fusioncharts.apitest.ConfigureLink" tests="3" failures="0" timestamp="08 Aug 2019 11:00:53 GMT" time="6.506" errors="0">
  <testcase name="verifyAPIExistsInDataSheetConfigureLink" time="0.000" classname="com.fusioncharts.apitest.ConfigureLink"/>
  <testcase name="verifyChartIsRenderedConfigureLink" time="0.642" classname="com.fusioncharts.apitest.ConfigureLink"/>
  <testcase name="verifyAPIConfigureLink" time="5.864" classname="com.fusioncharts.apitest.ConfigureLink"/>
</testsuite> <!-- com.fusioncharts.apitest.ConfigureLink -->
