<?xml version="1.0" encoding="UTF-8"?>
<!-- Generated by org.testng.reporters.JUnitReportReporter -->
<testsuite skipped="0" hostname="LPMB-Kol-Saurav.local" name="com.fusioncharts.apitest.RestartUpdate_StopUpdate" tests="3" failures="0" timestamp="02 Aug 2019 13:47:03 GMT" time="27.195" errors="0">
  <testcase name="verifyAPIExistsInDataSheetRestartUpdate_StopUpdate" time="0.001" classname="com.fusioncharts.apitest.RestartUpdate_StopUpdate"/>
  <testcase name="verifyChartIsRenderedRestartUpdate_StopUpdate" time="0.418" classname="com.fusioncharts.apitest.RestartUpdate_StopUpdate"/>
  <testcase name="verifyAPIRestartUpdate_StopUpdate" time="26.776" classname="com.fusioncharts.apitest.RestartUpdate_StopUpdate"/>
</testsuite> <!-- com.fusioncharts.apitest.RestartUpdate_StopUpdate -->
