<?xml version="1.0" encoding="UTF-8"?>
<!-- Generated by org.testng.reporters.JUnitReportReporter -->
<testsuite hostname="Souviks-MacBook-Pro.local" failures="0" tests="3" name="com.fusioncharts.apitest.AddEventListener" time="3.881" errors="0" timestamp="2020-02-25T15:47:09 IST" skipped="0">
  <testcase classname="com.fusioncharts.apitest.AddEventListener" name="verifyAPIExistsInDataSheetAddEventListener" time="0.016"/>
  <testcase classname="com.fusioncharts.apitest.AddEventListener" name="verifyChartIsRenderedAddEventListener" time="0.417"/>
  <testcase classname="com.fusioncharts.apitest.AddEventListener" name="verifyAPIAddEventListener" time="3.448"/>
</testsuite> <!-- com.fusioncharts.apitest.AddEventListener -->
