<?xml version="1.0" encoding="UTF-8"?>
<!-- Generated by org.testng.reporters.JUnitReportReporter -->
<<<<<<< HEAD
<testsuite skipped="0" hostname="LPMB-KOl-Sahelee.local" name="com.fusioncharts.apitest.AddEventListener" tests="3" failures="0" timestamp="08 Aug 2019 11:00:53 GMT" time="3.271" errors="0">
  <testcase name="verifyAPIExistsInDataSheetAddEventListener" time="0.007" classname="com.fusioncharts.apitest.AddEventListener"/>
  <testcase name="verifyChartIsRenderedAddEventListener" time="0.787" classname="com.fusioncharts.apitest.AddEventListener"/>
  <testcase name="verifyAPIAddEventListener" time="2.477" classname="com.fusioncharts.apitest.AddEventListener"/>
=======
<testsuite skipped="0" hostname="LPMB-Kol-Saurav.local" name="com.fusioncharts.apitest.AddEventListener" tests="3" failures="0" timestamp="08 Aug 2019 11:59:00 GMT" time="3.355" errors="0">
  <testcase name="verifyAPIExistsInDataSheetAddEventListener" time="0.001" classname="com.fusioncharts.apitest.AddEventListener"/>
  <testcase name="verifyChartIsRenderedAddEventListener" time="0.460" classname="com.fusioncharts.apitest.AddEventListener"/>
  <testcase name="verifyAPIAddEventListener" time="2.894" classname="com.fusioncharts.apitest.AddEventListener"/>
>>>>>>> 34API
</testsuite> <!-- com.fusioncharts.apitest.AddEventListener -->
