<?xml version="1.0" encoding="UTF-8"?>
<!-- Generated by org.testng.reporters.JUnitReportReporter -->
<testsuite hostname="Souviks-MacBook-Pro.local" failures="0" tests="3" name="com.fusioncharts.apitest.SetData" time="7.844" errors="0" timestamp="2019-11-29T18:39:26 IST" skipped="0">
  <testcase classname="com.fusioncharts.apitest.SetData" name="verifyAPIExistsInDataSheetSetData" time="0.003"/>
  <testcase classname="com.fusioncharts.apitest.SetData" name="verifyChartIsRenderedSetData" time="0.305"/>
  <testcase classname="com.fusioncharts.apitest.SetData" name="verifyAPISetData" time="7.536"/>
</testsuite> <!-- com.fusioncharts.apitest.SetData -->
