<?xml version="1.0" encoding="UTF-8"?>
<!-- Generated by org.testng.reporters.JUnitReportReporter -->
<testsuite hostname="Souviks-MacBook-Pro.local" failures="0" tests="3" name="com.fusioncharts.apitest.ZoomlineAPIs" time="14.775" errors="0" timestamp="2019-11-29T16:48:04 IST" skipped="0">
  <testcase classname="com.fusioncharts.apitest.ZoomlineAPIs" name="verifyAPIExistsInDataSheetZoomlineAPIs" time="0.004"/>
  <testcase classname="com.fusioncharts.apitest.ZoomlineAPIs" name="verifyChartIsRenderedZoomlineAPIs" time="0.545"/>
  <testcase classname="com.fusioncharts.apitest.ZoomlineAPIs" name="verifyAPIZoomlineAPIs" time="14.226"/>
</testsuite> <!-- com.fusioncharts.apitest.ZoomlineAPIs -->
