<?xml version="1.0" encoding="UTF-8"?>
<!-- Generated by org.testng.reporters.JUnitReportReporter -->
<testsuite hostname="Souviks-MacBook-Pro.local" failures="0" tests="3" name="com.fusioncharts.apitest.CenterLabel" time="3.442" errors="0" timestamp="2019-11-29T16:48:04 IST" skipped="0">
  <testcase classname="com.fusioncharts.apitest.CenterLabel" name="verifyAPIExistsInDataSheetCenterLabel" time="0.004"/>
  <testcase classname="com.fusioncharts.apitest.CenterLabel" name="verifyChartIsRenderedCenterLabel" time="0.445"/>
  <testcase classname="com.fusioncharts.apitest.CenterLabel" name="verifyAPICenterLabel" time="2.993"/>
</testsuite> <!-- com.fusioncharts.apitest.CenterLabel -->
