<?xml version="1.0" encoding="UTF-8"?>
<!-- Generated by org.testng.reporters.JUnitReportReporter -->
<testsuite skipped="0" hostname="LPMB-Kol-Saurav.local" name="com.fusioncharts.apitest.Clone" tests="3" failures="0" timestamp="01 Aug 2019 14:08:59 GMT" time="4.507" errors="0">
  <testcase name="verifyAPIExistsInDataSheetClone" time="0.006" classname="com.fusioncharts.apitest.Clone"/>
  <testcase name="verifyChartIsRenderedClone" time="0.310" classname="com.fusioncharts.apitest.Clone"/>
  <testcase name="verifyAPIClone" time="4.191" classname="com.fusioncharts.apitest.Clone"/>
</testsuite> <!-- com.fusioncharts.apitest.Clone -->
