<?xml version="1.0" encoding="UTF-8"?>
<!-- Generated by org.testng.reporters.JUnitReportReporter -->
<testsuite hostname="Souviks-MacBook-Pro.local" failures="0" tests="3" name="com.fusioncharts.apitest.GetData" time="0.841" errors="0" timestamp="2019-11-29T16:48:04 IST" skipped="0">
  <testcase classname="com.fusioncharts.apitest.GetData" name="verifyAPIExistsInDataSheetGetData" time="0.009"/>
  <testcase classname="com.fusioncharts.apitest.GetData" name="verifyChartIsRenderedGetData" time="0.706"/>
  <testcase classname="com.fusioncharts.apitest.GetData" name="verifyAPIGetData" time="0.126"/>
</testsuite> <!-- com.fusioncharts.apitest.GetData -->
