<?xml version="1.0" encoding="UTF-8"?>
<!-- Generated by org.testng.reporters.JUnitReportReporter -->
<testsuite skipped="0" hostname="LPMB-KOl-Sahelee.local" name="com.fusioncharts.apitest.ShowChartMessage" tests="3" failures="0" timestamp="09 Aug 2019 07:59:29 GMT" time="15.633" errors="0">
  <testcase name="verifyAPIExistsInDataSheetShowChartMessage" time="0.013" classname="com.fusioncharts.apitest.ShowChartMessage"/>
  <testcase name="verifyChartIsRenderedShowChartMessage" time="2.875" classname="com.fusioncharts.apitest.ShowChartMessage"/>
  <testcase name="verifyAPIShowChartMessage" time="12.745" classname="com.fusioncharts.apitest.ShowChartMessage"/>
</testsuite> <!-- com.fusioncharts.apitest.ShowChartMessage -->
