<?xml version="1.0" encoding="UTF-8"?>
<!-- Generated by org.testng.reporters.JUnitReportReporter -->
<testsuite skipped="0" hostname="LPMB-KOl-Sahelee.local" name="com.fusioncharts.apitest.SetXMLUrl" tests="3" failures="0" timestamp="02 Aug 2019 13:05:19 GMT" time="4.545" errors="0">
  <testcase name="verifyAPIExistsInDataSheetSetXMLUrl" time="0.001" classname="com.fusioncharts.apitest.SetXMLUrl"/>
  <testcase name="verifyChartIsRenderedSetXMLUrl" time="0.481" classname="com.fusioncharts.apitest.SetXMLUrl"/>
  <testcase name="verifyAPISetXMLUrl" time="4.063" classname="com.fusioncharts.apitest.SetXMLUrl"/>
</testsuite> <!-- com.fusioncharts.apitest.SetXMLUrl -->
