<?xml version="1.0" encoding="UTF-8"?>
<!-- Generated by org.testng.reporters.JUnitReportReporter -->
<testsuite hostname="Souviks-MacBook-Pro.local" failures="0" tests="3" name="com.fusioncharts.apitest.ZoomlineAPIs" time="14.515" errors="0" timestamp="2020-02-25T15:47:09 IST" skipped="0">
  <testcase classname="com.fusioncharts.apitest.ZoomlineAPIs" name="verifyAPIExistsInDataSheetZoomlineAPIs" time="0.003"/>
  <testcase classname="com.fusioncharts.apitest.ZoomlineAPIs" name="verifyChartIsRenderedZoomlineAPIs" time="0.579"/>
  <testcase classname="com.fusioncharts.apitest.ZoomlineAPIs" name="verifyAPIZoomlineAPIs" time="13.933"/>
</testsuite> <!-- com.fusioncharts.apitest.ZoomlineAPIs -->
