<?xml version="1.0" encoding="UTF-8"?>
<!-- Generated by org.testng.reporters.JUnitReportReporter -->
<testsuite skipped="0" hostname="LPMB-Kol-Saurav.local" name="com.fusioncharts.apitest.FormatNumber" tests="3" failures="0" timestamp="05 Aug 2019 12:26:00 GMT" time="1.599" errors="0">
  <testcase name="verifyAPIExistsInDataSheetFormatNumber" time="0.005" classname="com.fusioncharts.apitest.FormatNumber"/>
  <testcase name="verifyChartIsRenderedFormatNumber" time="0.647" classname="com.fusioncharts.apitest.FormatNumber"/>
  <testcase name="verifyAPIChartTypeFormatNumber" time="0.947" classname="com.fusioncharts.apitest.FormatNumber"/>
</testsuite> <!-- com.fusioncharts.apitest.FormatNumber -->
