<?xml version="1.0" encoding="UTF-8"?>
<!-- Generated by org.testng.reporters.JUnitReportReporter -->
<testsuite skipped="0" hostname="LPMB-Kol-Saurav.local" name="com.fusioncharts.apitest.ConfigureLink" tests="3" failures="0" timestamp="24 Sep 2019 12:53:05 GMT" time="6.499" errors="0">
  <testcase name="verifyAPIExistsInDataSheetConfigureLink" time="0.001" classname="com.fusioncharts.apitest.ConfigureLink"/>
  <testcase name="verifyChartIsRenderedConfigureLink" time="0.463" classname="com.fusioncharts.apitest.ConfigureLink"/>
  <testcase name="verifyAPIConfigureLink" time="6.035" classname="com.fusioncharts.apitest.ConfigureLink"/>
</testsuite> <!-- com.fusioncharts.apitest.ConfigureLink -->
