<?xml version="1.0" encoding="UTF-8"?>
<!-- Generated by org.testng.reporters.JUnitReportReporter -->
<testsuite hostname="LPMB-Kol-Saurav.local" name="com.fusioncharts.main.APITest" tests="7" failures="0" timestamp="24 Jun 2019 13:12:30 GMT" time="0.004" errors="0">
  <testcase name="f1" time="0.002" classname="com.fusioncharts.main.APITest"/>
  <testcase name="f" time="0.001" classname="com.fusioncharts.main.APITest"/>
  <testcase name="testMethodFive" time="0.000" classname="com.fusioncharts.main.APITest"/>
  <testcase name="testMethodThree" time="0.000" classname="com.fusioncharts.main.APITest"/>
  <testcase name="testMethodFour" time="0.000" classname="com.fusioncharts.main.APITest"/>
  <testcase name="testMethodOne" time="0.000" classname="com.fusioncharts.main.APITest"/>
  <testcase name="testMethodTwo" time="0.001" classname="com.fusioncharts.main.APITest"/>
</testsuite> <!-- com.fusioncharts.main.APITest -->
