<?xml version="1.0" encoding="UTF-8"?>
<!-- Generated by org.testng.reporters.JUnitReportReporter -->
<testsuite hostname="WKWIN2584911" failures="0" tests="2" name="com.fusioncharts.apitest.ConfigureLink" time="5.754" errors="0" timestamp="27 Nov 2021 15:40:54 GMT">
  <testcase classname="com.fusioncharts.apitest.ConfigureLink" name="verifyAPIConfigureLink" time="5.647"/>
  <testcase classname="com.fusioncharts.apitest.ConfigureLink" name="verifyChartIsRenderedConfigureLink" time="0.107"/>
</testsuite> <!-- com.fusioncharts.apitest.ConfigureLink -->
